2025-08-11T10:54:31.6224828Z ##[debug]Starting: test
2025-08-11T10:54:31.6250609Z ##[debug]Cleaning runner temp folder: /home/runner/work/_temp
2025-08-11T10:54:31.6354684Z ##[debug]Starting: Set up job
2025-08-11T10:54:31.6355840Z Current runner version: '2.327.1'
2025-08-11T10:54:31.6376599Z ##[group]Runner Image Provisioner
2025-08-11T10:54:31.6377287Z Hosted Compute Agent
2025-08-11T10:54:31.6377933Z Version: 20250711.363
2025-08-11T10:54:31.6378510Z Commit: 6785254374ce925a23743850c1cb91912ce5c14c
2025-08-11T10:54:31.6379174Z Build Date: 2025-07-11T20:04:25Z
2025-08-11T10:54:31.6379820Z ##[endgroup]
2025-08-11T10:54:31.6380297Z ##[group]Operating System
2025-08-11T10:54:31.6380818Z Ubuntu
2025-08-11T10:54:31.6382022Z 24.04.2
2025-08-11T10:54:31.6382535Z LTS
2025-08-11T10:54:31.6382948Z ##[endgroup]
2025-08-11T10:54:31.6383468Z ##[group]Runner Image
2025-08-11T10:54:31.6384027Z Image: ubuntu-24.04
2025-08-11T10:54:31.6384530Z Version: 20250804.2.0
2025-08-11T10:54:31.6385569Z Included Software: https://github.com/actions/runner-images/blob/ubuntu24/20250804.2/images/ubuntu/Ubuntu2404-Readme.md
2025-08-11T10:54:31.6387187Z Image Release: https://github.com/actions/runner-images/releases/tag/ubuntu24%2F20250804.2
2025-08-11T10:54:31.6388147Z ##[endgroup]
2025-08-11T10:54:31.6389208Z ##[group]GITHUB_TOKEN Permissions
2025-08-11T10:54:31.6391299Z Contents: read
2025-08-11T10:54:31.6392110Z Metadata: read
2025-08-11T10:54:31.6392575Z Packages: read
2025-08-11T10:54:31.6393049Z ##[endgroup]
2025-08-11T10:54:31.6395914Z Secret source: Actions
2025-08-11T10:54:31.6396906Z ##[debug]Primary repository: EL-HOUSS-BRAHIM/watch-party-backend
2025-08-11T10:54:31.6397732Z Prepare workflow directory
2025-08-11T10:54:31.6469598Z ##[debug]Creating pipeline directory: '/home/runner/work/watch-party-backend'
2025-08-11T10:54:31.6473372Z ##[debug]Creating workspace directory: '/home/runner/work/watch-party-backend/watch-party-backend'
2025-08-11T10:54:31.6475059Z ##[debug]Update context data
2025-08-11T10:54:31.6478237Z ##[debug]Evaluating job-level environment variables
2025-08-11T10:54:31.6761882Z ##[debug]Evaluating job container
2025-08-11T10:54:31.6764526Z ##[debug]Evaluating job service containers
2025-08-11T10:54:31.6816707Z ##[debug]Evaluating job defaults
2025-08-11T10:54:31.6842134Z Prepare all required actions
2025-08-11T10:54:31.6879702Z Getting action download info
2025-08-11T10:54:32.0768333Z ##[group]Download immutable action package 'actions/checkout@v4'
2025-08-11T10:54:32.0769375Z Version: 4.3.0
2025-08-11T10:54:32.0770396Z Digest: sha256:62afad8896fc57a531e3d48e3f489c729474ff63a4c1791408cea7b32a62ef32
2025-08-11T10:54:32.0771917Z Source commit SHA: 08eba0b27e820071cde6df949e0beb9ba4906955
2025-08-11T10:54:32.0772657Z ##[endgroup]
2025-08-11T10:54:32.2579464Z ##[debug]Download 'https://api.github.com/internal/immutable-actions/actions/checkout/download/sha256:2854af82375a408223f6065dfeab85c84ed3b443ea4efcf5361a147c95ce1f99?x-ghcr-actor-id=1035632046&x-ghcr-actor-type=repository&x-ghcr-alg=hmac-sha256&x-ghcr-date=2025-08-11T10:54:31Z&x-ghcr-expires=10m0s&x-ghcr-host=ghcr.io&***
2025-08-11T10:54:32.3055629Z ##[debug]Unwrap 'action' to '/home/runner/work/_actions/actions/checkout/v4'
2025-08-11T10:54:32.3173358Z ##[debug]Archive '/home/runner/work/_actions/_temp_74169213-9d56-4954-ad08-6dfc0c507a06/db871eab-19b1-43bf-8f46-087ac717e383.tar.gz' has been unzipped into '/home/runner/work/_actions/actions/checkout/v4'.
2025-08-11T10:54:32.3277563Z ##[group]Download immutable action package 'actions/setup-python@v5'
2025-08-11T10:54:32.3278452Z Version: 5.6.0
2025-08-11T10:54:32.3279243Z Digest: sha256:0b35a0c11c97499e4e0576589036d450b9f5f9da74b7774225b3614b57324404
2025-08-11T10:54:32.3280269Z Source commit SHA: a26af69be951a213d495a4c3e4e4022e16d87065
2025-08-11T10:54:32.3280986Z ##[endgroup]
2025-08-11T10:54:32.4663352Z ##[debug]Download 'https://api.github.com/internal/immutable-actions/actions/setup-python/download/sha256:2c4a1cc87f8d42f4ec181fc96fab063830330212bef88dc00f11285a0126fcbb?x-ghcr-actor-id=1035632046&x-ghcr-actor-type=repository&x-ghcr-alg=hmac-sha256&x-ghcr-date=2025-08-11T10:54:31Z&x-ghcr-expires=10m0s&x-ghcr-host=ghcr.io&***
2025-08-11T10:54:32.5214296Z ##[debug]Unwrap 'action' to '/home/runner/work/_actions/actions/setup-python/v5'
2025-08-11T10:54:32.5435049Z ##[debug]Archive '/home/runner/work/_actions/_temp_181f6f7d-cbe8-470f-9911-e3c3c13b1aee/6c3d16b7-be95-46a8-b3cd-ae0495f2ee0c.tar.gz' has been unzipped into '/home/runner/work/_actions/actions/setup-python/v5'.
2025-08-11T10:54:32.5478000Z ##[group]Download immutable action package 'actions/cache@v4'
2025-08-11T10:54:32.5479154Z Version: 4.2.4
2025-08-11T10:54:32.5480389Z Digest: sha256:0ce81a78be9a512dff294f151044f903a6b54593e7b355dcbf964e8d583e47aa
2025-08-11T10:54:32.5482252Z Source commit SHA: 0400d5f644dc74513175e3cd8d07132dd4860809
2025-08-11T10:54:32.5483390Z ##[endgroup]
2025-08-11T10:54:32.7009299Z ##[debug]Download 'https://api.github.com/internal/immutable-actions/actions/cache/download/sha256:6dd9edc8c00433d738366d1178dd0e8ee5106d43ec13e84ba65fa444b1dc3576?x-ghcr-actor-id=1035632046&x-ghcr-actor-type=repository&x-ghcr-alg=hmac-sha256&x-ghcr-date=2025-08-11T10:54:31Z&x-ghcr-expires=10m0s&x-ghcr-host=ghcr.io&***
2025-08-11T10:54:32.7670229Z ##[debug]Unwrap 'action' to '/home/runner/work/_actions/actions/cache/v4'
2025-08-11T10:54:32.7900596Z ##[debug]Archive '/home/runner/work/_actions/_temp_1e10a955-eb26-41d6-b607-b0fb3e0f6899/868aab3d-b4ae-489c-a2fe-5f3f7d1687c7.tar.gz' has been unzipped into '/home/runner/work/_actions/actions/cache/v4'.
2025-08-11T10:54:32.8035123Z Download action repository 'codecov/codecov-action@v4' (SHA:b9fd7d16f6d7d1b5d2bec1a2887e65ceed900238)
2025-08-11T10:54:33.0863180Z ##[debug]Download 'https://api.github.com/repos/codecov/codecov-action/tarball/b9fd7d16f6d7d1b5d2bec1a2887e65ceed900238' to '/home/runner/work/_actions/_temp_48becb50-4b71-4a4d-b0cb-9e832e47193a/31e349b3-ad1e-4631-a6fe-b93b97cd9e3e.tar.gz'
2025-08-11T10:54:33.1098451Z ##[debug]Unwrap 'codecov-codecov-action-b9fd7d1' to '/home/runner/work/_actions/codecov/codecov-action/v4'
2025-08-11T10:54:33.1165548Z ##[debug]Archive '/home/runner/work/_actions/_temp_48becb50-4b71-4a4d-b0cb-9e832e47193a/31e349b3-ad1e-4631-a6fe-b93b97cd9e3e.tar.gz' has been unzipped into '/home/runner/work/_actions/codecov/codecov-action/v4'.
2025-08-11T10:54:33.1190560Z ##[group]Download immutable action package 'actions/upload-artifact@v4'
2025-08-11T10:54:33.1192410Z Version: 4.6.2
2025-08-11T10:54:33.1193859Z Digest: sha256:290722aa3281d5caf23d0acdc3dbeb3424786a1a01a9cc97e72f147225e37c38
2025-08-11T10:54:33.1195758Z Source commit SHA: ea165f8d65b6e75b540449e92b4886f43607fa02
2025-08-11T10:54:33.1197075Z ##[endgroup]
2025-08-11T10:54:33.1257786Z ##[debug]Copied action archive '/opt/actionarchivecache/actions_upload-artifact/ea165f8d65b6e75b540449e92b4886f43607fa02.tar.gz' to '/home/runner/work/_actions/_temp_a3be8f04-9651-4488-9ee1-18092957f221/2f19b0b1-8e8b-45cd-a53c-5b7c732220ec.tar.gz'
2025-08-11T10:54:33.1930682Z ##[debug]Unwrap 'actions-upload-artifact-ea165f8' to '/home/runner/work/_actions/actions/upload-artifact/v4'
2025-08-11T10:54:33.2252648Z ##[debug]Archive '/home/runner/work/_actions/_temp_a3be8f04-9651-4488-9ee1-18092957f221/2f19b0b1-8e8b-45cd-a53c-5b7c732220ec.tar.gz' has been unzipped into '/home/runner/work/_actions/actions/upload-artifact/v4'.
2025-08-11T10:54:33.2334459Z ##[debug]action.yml for action: '/home/runner/work/_actions/actions/checkout/v4/action.yml'.
2025-08-11T10:54:33.2945696Z ##[debug]action.yml for action: '/home/runner/work/_actions/actions/setup-python/v5/action.yml'.
2025-08-11T10:54:33.3039341Z ##[debug]action.yml for action: '/home/runner/work/_actions/actions/cache/v4/action.yml'.
2025-08-11T10:54:33.3116957Z ##[debug]action.yml for action: '/home/runner/work/_actions/codecov/codecov-action/v4/action.yml'.
2025-08-11T10:54:33.3259993Z ##[debug]action.yml for action: '/home/runner/work/_actions/actions/upload-artifact/v4/action.yml'.
2025-08-11T10:54:33.3488288Z ##[debug]Set step '__actions_checkout' display name to: 'Checkout code'
2025-08-11T10:54:33.3492679Z ##[debug]Set step '__actions_setup-python' display name to: 'Set up Python'
2025-08-11T10:54:33.3496254Z ##[debug]Set step '__actions_cache' display name to: 'Cache pip dependencies'
2025-08-11T10:54:33.3499193Z ##[debug]Set step '__run' display name to: 'Install dependencies'
2025-08-11T10:54:33.3502221Z ##[debug]Set step '__run_2' display name to: 'Create test environment file'
2025-08-11T10:54:33.3505218Z ##[debug]Set step '__run_3' display name to: 'Wait for PostgreSQL to be ready'
2025-08-11T10:54:33.3507993Z ##[debug]Set step '__run_4' display name to: 'Run tests with coverage'
2025-08-11T10:54:33.3510993Z ##[debug]Set step '__codecov_codecov-action' display name to: 'Upload coverage to Codecov'
2025-08-11T10:54:33.3514171Z ##[debug]Set step '__run_5' display name to: 'Run security checks'
2025-08-11T10:54:33.3517078Z ##[debug]Set step '__actions_upload-artifact' display name to: 'Upload test artifacts'
2025-08-11T10:54:33.3518662Z Complete job name: test
2025-08-11T10:54:33.3600455Z ##[debug]Collect running processes for tracking orphan processes.
2025-08-11T10:54:33.3814162Z ##[debug]Finishing: Set up job
2025-08-11T10:54:33.3938128Z ##[debug]Evaluating condition for step: 'Initialize containers'
2025-08-11T10:54:33.3973557Z ##[debug]Evaluating: success()
2025-08-11T10:54:33.3979237Z ##[debug]Evaluating success:
2025-08-11T10:54:33.3995223Z ##[debug]=> true
2025-08-11T10:54:33.4001732Z ##[debug]Result: true
2025-08-11T10:54:33.4025294Z ##[debug]Starting: Initialize containers
2025-08-11T10:54:33.4051202Z ##[debug]Register post job cleanup for stopping/deleting containers.
2025-08-11T10:54:33.4075872Z ##[group]Checking docker version
2025-08-11T10:54:33.4089207Z ##[command]/usr/bin/docker version --format '{{.Server.APIVersion}}'
2025-08-11T10:54:33.4620830Z '1.48'
2025-08-11T10:54:33.4634955Z Docker daemon API version: '1.48'
2025-08-11T10:54:33.4636258Z ##[command]/usr/bin/docker version --format '{{.Client.APIVersion}}'
2025-08-11T10:54:33.4870424Z '1.48'
2025-08-11T10:54:33.4884869Z Docker client API version: '1.48'
2025-08-11T10:54:33.4891133Z ##[endgroup]
2025-08-11T10:54:33.4894764Z ##[group]Clean up resources from previous jobs
2025-08-11T10:54:33.4900549Z ##[command]/usr/bin/docker ps --all --quiet --no-trunc --filter "label=d44246"
2025-08-11T10:54:33.5039257Z ##[command]/usr/bin/docker network prune --force --filter "label=d44246"
2025-08-11T10:54:33.5167809Z ##[endgroup]
2025-08-11T10:54:33.5168602Z ##[group]Create local container network
2025-08-11T10:54:33.5179745Z ##[command]/usr/bin/docker network create --label d44246 github_network_c67129b16764485f83dbe607aae6bd5d
2025-08-11T10:54:33.5754998Z c1290ce5eecc49af61a1a1eb8ec1ceb1a2d240d6c0d7f19d9e7e4d82c2e579cd
2025-08-11T10:54:33.5775462Z ##[endgroup]
2025-08-11T10:54:33.5799906Z ##[group]Starting postgres service container
2025-08-11T10:54:33.5819783Z ##[command]/usr/bin/docker pull postgres:15
2025-08-11T10:54:33.9848580Z 15: Pulling from library/postgres
2025-08-11T10:54:34.0944962Z 59e22667830b: Pulling fs layer
2025-08-11T10:54:34.0946638Z 5f89f15368a7: Pulling fs layer
2025-08-11T10:54:34.0948116Z 0bb403f9f337: Pulling fs layer
2025-08-11T10:54:34.0949240Z 8a87db2cd315: Pulling fs layer
2025-08-11T10:54:34.0950641Z 646b3426f78e: Pulling fs layer
2025-08-11T10:54:34.0952010Z 7eca34c6c96a: Pulling fs layer
2025-08-11T10:54:34.0952922Z bba04a97fdff: Pulling fs layer
2025-08-11T10:54:34.0953811Z ea9e0c6fd462: Pulling fs layer
2025-08-11T10:54:34.0954682Z eed3a4ffe325: Pulling fs layer
2025-08-11T10:54:34.0955531Z fc5f41bd8317: Pulling fs layer
2025-08-11T10:54:34.0956404Z 3667a6526c67: Pulling fs layer
2025-08-11T10:54:34.0957254Z fba4a05c44b3: Pulling fs layer
2025-08-11T10:54:34.0958117Z ec5d643f5ca3: Pulling fs layer
2025-08-11T10:54:34.0958962Z 9402edb42e72: Pulling fs layer
2025-08-11T10:54:34.0959787Z eed3a4ffe325: Waiting
2025-08-11T10:54:34.0960554Z 8a87db2cd315: Waiting
2025-08-11T10:54:34.0961283Z 646b3426f78e: Waiting
2025-08-11T10:54:34.0962269Z 7eca34c6c96a: Waiting
2025-08-11T10:54:34.0963017Z bba04a97fdff: Waiting
2025-08-11T10:54:34.0963750Z fc5f41bd8317: Waiting
2025-08-11T10:54:34.0964756Z ea9e0c6fd462: Waiting
2025-08-11T10:54:34.0965495Z 3667a6526c67: Waiting
2025-08-11T10:54:34.0966212Z 9402edb42e72: Waiting
2025-08-11T10:54:34.0966976Z fba4a05c44b3: Waiting
2025-08-11T10:54:34.0967703Z ec5d643f5ca3: Waiting
2025-08-11T10:54:34.2067400Z 5f89f15368a7: Verifying Checksum
2025-08-11T10:54:34.2072860Z 5f89f15368a7: Download complete
2025-08-11T10:54:34.2302050Z 0bb403f9f337: Verifying Checksum
2025-08-11T10:54:34.2303683Z 0bb403f9f337: Download complete
2025-08-11T10:54:34.3880057Z 59e22667830b: Verifying Checksum
2025-08-11T10:54:34.3882276Z 59e22667830b: Download complete
2025-08-11T10:54:34.3910610Z 8a87db2cd315: Download complete
2025-08-11T10:54:34.4832537Z 646b3426f78e: Verifying Checksum
2025-08-11T10:54:34.4834261Z 646b3426f78e: Download complete
2025-08-11T10:54:34.5084789Z 7eca34c6c96a: Verifying Checksum
2025-08-11T10:54:34.5086405Z 7eca34c6c96a: Download complete
2025-08-11T10:54:34.5098982Z bba04a97fdff: Verifying Checksum
2025-08-11T10:54:34.5100578Z bba04a97fdff: Download complete
2025-08-11T10:54:34.5993961Z ea9e0c6fd462: Download complete
2025-08-11T10:54:34.6194234Z fc5f41bd8317: Verifying Checksum
2025-08-11T10:54:34.6195964Z fc5f41bd8317: Download complete
2025-08-11T10:54:34.7104545Z 3667a6526c67: Download complete
2025-08-11T10:54:34.7235366Z fba4a05c44b3: Verifying Checksum
2025-08-11T10:54:34.7237098Z fba4a05c44b3: Download complete
2025-08-11T10:54:34.8240051Z 9402edb42e72: Verifying Checksum
2025-08-11T10:54:34.8243076Z 9402edb42e72: Download complete
2025-08-11T10:54:34.8377729Z ec5d643f5ca3: Verifying Checksum
2025-08-11T10:54:34.8382372Z ec5d643f5ca3: Download complete
2025-08-11T10:54:35.5792772Z eed3a4ffe325: Verifying Checksum
2025-08-11T10:54:35.5793342Z eed3a4ffe325: Download complete
2025-08-11T10:54:35.6247135Z 59e22667830b: Pull complete
2025-08-11T10:54:37.2764739Z 5f89f15368a7: Pull complete
2025-08-11T10:54:37.4103197Z 0bb403f9f337: Pull complete
2025-08-11T10:54:37.4518794Z 8a87db2cd315: Pull complete
2025-08-11T10:54:37.7456754Z 646b3426f78e: Pull complete
2025-08-11T10:54:37.8348767Z 7eca34c6c96a: Pull complete
2025-08-11T10:54:37.8443884Z bba04a97fdff: Pull complete
2025-08-11T10:54:37.8566474Z ea9e0c6fd462: Pull complete
2025-08-11T10:54:40.6745704Z eed3a4ffe325: Pull complete
2025-08-11T10:54:40.6919425Z fc5f41bd8317: Pull complete
2025-08-11T10:54:40.7034867Z 3667a6526c67: Pull complete
2025-08-11T10:54:40.7156136Z fba4a05c44b3: Pull complete
2025-08-11T10:54:40.7264064Z ec5d643f5ca3: Pull complete
2025-08-11T10:54:40.7407733Z 9402edb42e72: Pull complete
2025-08-11T10:54:40.7451082Z Digest: sha256:5ab68e212eab9cd4a16ecbf40d9449c88e1073abdca3ecc3aa5514d4a1af2ed0
2025-08-11T10:54:40.7462925Z Status: Downloaded newer image for postgres:15
2025-08-11T10:54:40.7472502Z docker.io/library/postgres:15
2025-08-11T10:54:40.7535337Z ##[command]/usr/bin/docker create --name 85b301b635a745729db9cfc74082276d_postgres15_bac766 --label d44246 --network github_network_c67129b16764485f83dbe607aae6bd5d --network-alias postgres -p 5432:5432 --health-cmd "pg_isready -U postgres" --health-interval 10s --health-timeout 5s --health-retries 5 -e "POSTGRES_USER=postgres" -e "POSTGRES_PASSWORD=postgres" -e "POSTGRES_DB=watchparty" -e GITHUB_ACTIONS=true -e CI=true postgres:15
2025-08-11T10:54:40.7803602Z 3a1c0ace70f67b85c0df05062530ccc74771c4b399ba15b192db2b4cfb8e541c
2025-08-11T10:54:40.7827409Z ##[command]/usr/bin/docker start 3a1c0ace70f67b85c0df05062530ccc74771c4b399ba15b192db2b4cfb8e541c
2025-08-11T10:54:41.1102032Z 3a1c0ace70f67b85c0df05062530ccc74771c4b399ba15b192db2b4cfb8e541c
2025-08-11T10:54:41.1122288Z ##[command]/usr/bin/docker ps --all --filter id=3a1c0ace70f67b85c0df05062530ccc74771c4b399ba15b192db2b4cfb8e541c --filter status=running --no-trunc --format "{{.ID}} {{.Status}}"
2025-08-11T10:54:41.1248945Z 3a1c0ace70f67b85c0df05062530ccc74771c4b399ba15b192db2b4cfb8e541c Up Less than a second (health: starting)
2025-08-11T10:54:41.1269477Z ##[command]/usr/bin/docker port 3a1c0ace70f67b85c0df05062530ccc74771c4b399ba15b192db2b4cfb8e541c
2025-08-11T10:54:41.1469552Z 5432/tcp -> 0.0.0.0:5432
2025-08-11T10:54:41.1470823Z 5432/tcp -> [::]:5432
2025-08-11T10:54:41.1513462Z ##[endgroup]
2025-08-11T10:54:41.1514615Z ##[group]Starting redis service container
2025-08-11T10:54:41.1515818Z ##[command]/usr/bin/docker pull redis:7
2025-08-11T10:54:41.5452860Z 7: Pulling from library/redis
2025-08-11T10:54:41.6469246Z 59e22667830b: Already exists
2025-08-11T10:54:41.6491776Z 8d654947104d: Pulling fs layer
2025-08-11T10:54:41.6493408Z beeb614536dd: Pulling fs layer
2025-08-11T10:54:41.6493846Z 750c26b81f5c: Pulling fs layer
2025-08-11T10:54:41.6494215Z 8bb10878ee9a: Pulling fs layer
2025-08-11T10:54:41.6494654Z 181bb4758261: Pulling fs layer
2025-08-11T10:54:41.6495023Z 4f4fb700ef54: Pulling fs layer
2025-08-11T10:54:41.6495391Z 71d11f45e84d: Pulling fs layer
2025-08-11T10:54:41.6495726Z 8bb10878ee9a: Waiting
2025-08-11T10:54:41.6496057Z 181bb4758261: Waiting
2025-08-11T10:54:41.6496370Z 71d11f45e84d: Waiting
2025-08-11T10:54:41.6496679Z 4f4fb700ef54: Waiting
2025-08-11T10:54:41.7496928Z beeb614536dd: Verifying Checksum
2025-08-11T10:54:41.7497863Z beeb614536dd: Download complete
2025-08-11T10:54:41.7603145Z 8d654947104d: Verifying Checksum
2025-08-11T10:54:41.7642546Z 750c26b81f5c: Verifying Checksum
2025-08-11T10:54:41.7642968Z 750c26b81f5c: Download complete
2025-08-11T10:54:41.7774970Z 8d654947104d: Pull complete
2025-08-11T10:54:41.7954310Z beeb614536dd: Pull complete
2025-08-11T10:54:41.8368504Z 750c26b81f5c: Pull complete
2025-08-11T10:54:41.8687386Z 4f4fb700ef54: Verifying Checksum
2025-08-11T10:54:41.8692089Z 4f4fb700ef54: Download complete
2025-08-11T10:54:41.8754032Z 181bb4758261: Verifying Checksum
2025-08-11T10:54:41.8754860Z 181bb4758261: Download complete
2025-08-11T10:54:41.9297021Z 8bb10878ee9a: Verifying Checksum
2025-08-11T10:54:41.9297535Z 8bb10878ee9a: Download complete
2025-08-11T10:54:41.9844239Z 71d11f45e84d: Verifying Checksum
2025-08-11T10:54:41.9844637Z 71d11f45e84d: Download complete
2025-08-11T10:54:42.1669827Z 8bb10878ee9a: Pull complete
2025-08-11T10:54:42.1774051Z 181bb4758261: Pull complete
2025-08-11T10:54:42.1870184Z 4f4fb700ef54: Pull complete
2025-08-11T10:54:42.1973181Z 71d11f45e84d: Pull complete
2025-08-11T10:54:42.2016158Z Digest: sha256:49061c0de5717822cf6702ef3197f6817f26b98d46765c308c1e23e6b261997b
2025-08-11T10:54:42.2027492Z Status: Downloaded newer image for redis:7
2025-08-11T10:54:42.2035208Z docker.io/library/redis:7
2025-08-11T10:54:42.2053292Z ##[command]/usr/bin/docker create --name 34fba6118ed643c9bdf4e5955926b0ec_redis7_efc862 --label d44246 --network github_network_c67129b16764485f83dbe607aae6bd5d --network-alias redis -p 6379:6379 --health-cmd "redis-cli ping" --health-interval 10s --health-timeout 5s --health-retries 5 -e GITHUB_ACTIONS=true -e CI=true redis:7
2025-08-11T10:54:42.2296129Z 96a07c3cff17f5b35f50446574beab3155e75c3b0fd0622d74e2578791b886ae
2025-08-11T10:54:42.2309962Z ##[command]/usr/bin/docker start 96a07c3cff17f5b35f50446574beab3155e75c3b0fd0622d74e2578791b886ae
2025-08-11T10:54:42.3587028Z 96a07c3cff17f5b35f50446574beab3155e75c3b0fd0622d74e2578791b886ae
2025-08-11T10:54:42.3602479Z ##[command]/usr/bin/docker ps --all --filter id=96a07c3cff17f5b35f50446574beab3155e75c3b0fd0622d74e2578791b886ae --filter status=running --no-trunc --format "{{.ID}} {{.Status}}"
2025-08-11T10:54:42.3732764Z 96a07c3cff17f5b35f50446574beab3155e75c3b0fd0622d74e2578791b886ae Up Less than a second (health: starting)
2025-08-11T10:54:42.3745941Z ##[command]/usr/bin/docker port 96a07c3cff17f5b35f50446574beab3155e75c3b0fd0622d74e2578791b886ae
2025-08-11T10:54:42.3858644Z 6379/tcp -> 0.0.0.0:6379
2025-08-11T10:54:42.3859313Z 6379/tcp -> [::]:6379
2025-08-11T10:54:42.3871444Z ##[endgroup]
2025-08-11T10:54:42.3882640Z ##[group]Waiting for all services to be ready
2025-08-11T10:54:42.3895875Z ##[command]/usr/bin/docker inspect --format="{{if .Config.Healthcheck}}{{print .State.Health.Status}}{{end}}" 3a1c0ace70f67b85c0df05062530ccc74771c4b399ba15b192db2b4cfb8e541c
2025-08-11T10:54:42.4006128Z starting
2025-08-11T10:54:42.4027257Z postgres service is starting, waiting 2 seconds before checking again.
2025-08-11T10:54:44.4023330Z ##[command]/usr/bin/docker inspect --format="{{if .Config.Healthcheck}}{{print .State.Health.Status}}{{end}}" 3a1c0ace70f67b85c0df05062530ccc74771c4b399ba15b192db2b4cfb8e541c
2025-08-11T10:54:44.4140542Z starting
2025-08-11T10:54:44.4154290Z postgres service is starting, waiting 4 seconds before checking again.
2025-08-11T10:54:48.4204201Z ##[command]/usr/bin/docker inspect --format="{{if .Config.Healthcheck}}{{print .State.Health.Status}}{{end}}" 3a1c0ace70f67b85c0df05062530ccc74771c4b399ba15b192db2b4cfb8e541c
2025-08-11T10:54:48.4327872Z starting
2025-08-11T10:54:48.4341766Z postgres service is starting, waiting 7 seconds before checking again.
2025-08-11T10:54:55.9158088Z ##[command]/usr/bin/docker inspect --format="{{if .Config.Healthcheck}}{{print .State.Health.Status}}{{end}}" 3a1c0ace70f67b85c0df05062530ccc74771c4b399ba15b192db2b4cfb8e541c
2025-08-11T10:54:55.9277022Z healthy
2025-08-11T10:54:55.9293724Z postgres service is healthy.
2025-08-11T10:54:55.9294869Z ##[command]/usr/bin/docker inspect --format="{{if .Config.Healthcheck}}{{print .State.Health.Status}}{{end}}" 96a07c3cff17f5b35f50446574beab3155e75c3b0fd0622d74e2578791b886ae
2025-08-11T10:54:55.9406067Z healthy
2025-08-11T10:54:55.9419981Z redis service is healthy.
2025-08-11T10:54:55.9420616Z ##[endgroup]
2025-08-11T10:54:55.9428783Z ##[debug]Finishing: Initialize containers
2025-08-11T10:54:55.9443370Z ##[debug]Evaluating condition for step: 'Checkout code'
2025-08-11T10:54:55.9448166Z ##[debug]Evaluating: success()
2025-08-11T10:54:55.9448626Z ##[debug]Evaluating success:
2025-08-11T10:54:55.9449057Z ##[debug]=> true
2025-08-11T10:54:55.9449375Z ##[debug]Result: true
2025-08-11T10:54:55.9450534Z ##[debug]Starting: Checkout code
2025-08-11T10:54:55.9515654Z ##[debug]Register post job cleanup for action: actions/checkout@v4
2025-08-11T10:54:55.9582877Z ##[debug]Loading inputs
2025-08-11T10:54:55.9589844Z ##[debug]Evaluating: github.repository
2025-08-11T10:54:55.9590665Z ##[debug]Evaluating Index:
2025-08-11T10:54:55.9592848Z ##[debug]..Evaluating github:
2025-08-11T10:54:55.9593814Z ##[debug]..=> Object
2025-08-11T10:54:55.9598769Z ##[debug]..Evaluating String:
2025-08-11T10:54:55.9599362Z ##[debug]..=> 'repository'
2025-08-11T10:54:55.9603316Z ##[debug]=> 'EL-HOUSS-BRAHIM/watch-party-backend'
2025-08-11T10:54:55.9604579Z ##[debug]Result: 'EL-HOUSS-BRAHIM/watch-party-backend'
2025-08-11T10:54:55.9606669Z ##[debug]Evaluating: github.token
2025-08-11T10:54:55.9606932Z ##[debug]Evaluating Index:
2025-08-11T10:54:55.9607160Z ##[debug]..Evaluating github:
2025-08-11T10:54:55.9607396Z ##[debug]..=> Object
2025-08-11T10:54:55.9607611Z ##[debug]..Evaluating String:
2025-08-11T10:54:55.9607835Z ##[debug]..=> 'token'
2025-08-11T10:54:55.9608376Z ##[debug]=> '***'
2025-08-11T10:54:55.9608690Z ##[debug]Result: '***'
2025-08-11T10:54:55.9618544Z ##[debug]Loading env
2025-08-11T10:54:55.9669882Z ##[group]Run actions/checkout@v4
2025-08-11T10:54:55.9670277Z with:
2025-08-11T10:54:55.9670522Z   repository: EL-HOUSS-BRAHIM/watch-party-backend
2025-08-11T10:54:55.9670941Z   token: ***
2025-08-11T10:54:55.9671115Z   ssh-strict: true
2025-08-11T10:54:55.9671297Z   ssh-user: git
2025-08-11T10:54:55.9671643Z   persist-credentials: true
2025-08-11T10:54:55.9671865Z   clean: true
2025-08-11T10:54:55.9672048Z   sparse-checkout-cone-mode: true
2025-08-11T10:54:55.9672277Z   fetch-depth: 1
2025-08-11T10:54:55.9672455Z   fetch-tags: false
2025-08-11T10:54:55.9672637Z   show-progress: true
2025-08-11T10:54:55.9672822Z   lfs: false
2025-08-11T10:54:55.9672978Z   submodules: false
2025-08-11T10:54:55.9673163Z   set-safe-directory: true
2025-08-11T10:54:55.9673591Z env:
2025-08-11T10:54:55.9673757Z   PYTHON_VERSION: 3.12
2025-08-11T10:54:55.9673946Z   NODE_VERSION: 18
2025-08-11T10:54:55.9674115Z ##[endgroup]
2025-08-11T10:54:56.0636542Z ##[debug]GITHUB_WORKSPACE = '/home/runner/work/watch-party-backend/watch-party-backend'
2025-08-11T10:54:56.0638236Z ##[debug]qualified repository = 'EL-HOUSS-BRAHIM/watch-party-backend'
2025-08-11T10:54:56.0639405Z ##[debug]ref = 'refs/heads/master'
2025-08-11T10:54:56.0640213Z ##[debug]commit = '2d2a85e6991d60e1a17ba1d63b534e7ecef34c38'
2025-08-11T10:54:56.0640945Z ##[debug]clean = true
2025-08-11T10:54:56.0641282Z ##[debug]filter = undefined
2025-08-11T10:54:56.0641830Z ##[debug]fetch depth = 1
2025-08-11T10:54:56.0642340Z ##[debug]fetch tags = false
2025-08-11T10:54:56.0642722Z ##[debug]show progress = true
2025-08-11T10:54:56.0643089Z ##[debug]lfs = false
2025-08-11T10:54:56.0643421Z ##[debug]submodules = false
2025-08-11T10:54:56.0643781Z ##[debug]recursive submodules = false
2025-08-11T10:54:56.0644176Z ##[debug]GitHub Host URL = 
2025-08-11T10:54:56.0645151Z ::add-matcher::/home/runner/work/_actions/actions/checkout/v4/dist/problem-matcher.json
2025-08-11T10:54:56.0723160Z ##[debug]Added matchers: 'checkout-git'. Problem matchers scan action output for known warning or error strings and report these inline.
2025-08-11T10:54:56.0727039Z Syncing repository: EL-HOUSS-BRAHIM/watch-party-backend
2025-08-11T10:54:56.0727842Z ::group::Getting Git version info
2025-08-11T10:54:56.0728715Z ##[group]Getting Git version info
2025-08-11T10:54:56.0729154Z Working directory is '/home/runner/work/watch-party-backend/watch-party-backend'
2025-08-11T10:54:56.0729734Z ##[debug]Getting git version
2025-08-11T10:54:56.0729971Z [command]/usr/bin/git version
2025-08-11T10:54:56.0763653Z git version 2.50.1
2025-08-11T10:54:56.0786136Z ##[debug]0
2025-08-11T10:54:56.0786691Z ##[debug]git version 2.50.1
2025-08-11T10:54:56.0787034Z ##[debug]
2025-08-11T10:54:56.0788539Z ##[debug]Set git useragent to: git/2.50.1 (github-actions-checkout)
2025-08-11T10:54:56.0789249Z ::endgroup::
2025-08-11T10:54:56.0789465Z ##[endgroup]
2025-08-11T10:54:56.0794996Z ::add-mask::***
2025-08-11T10:54:56.0805511Z Temporarily overriding HOME='/home/runner/work/_temp/d4000b50-7469-440b-b4a5-a01aaa8cd907' before making global git config changes
2025-08-11T10:54:56.0806851Z Adding repository directory to the temporary git global config as a safe directory
2025-08-11T10:54:56.0819735Z [command]/usr/bin/git config --global --add safe.directory /home/runner/work/watch-party-backend/watch-party-backend
2025-08-11T10:54:56.0848553Z ##[debug]0
2025-08-11T10:54:56.0849105Z ##[debug]
2025-08-11T10:54:56.0854469Z Deleting the contents of '/home/runner/work/watch-party-backend/watch-party-backend'
2025-08-11T10:54:56.0858112Z ::group::Initializing the repository
2025-08-11T10:54:56.0858620Z ##[group]Initializing the repository
2025-08-11T10:54:56.0863211Z [command]/usr/bin/git init /home/runner/work/watch-party-backend/watch-party-backend
2025-08-11T10:54:56.0917260Z hint: Using 'master' as the name for the initial branch. This default branch name
2025-08-11T10:54:56.0918212Z hint: is subject to change. To configure the initial branch name to use in all
2025-08-11T10:54:56.0918921Z hint: of your new repositories, which will suppress this warning, call:
2025-08-11T10:54:56.0919400Z hint:
2025-08-11T10:54:56.0919868Z hint: 	git config --global init.defaultBranch <name>
2025-08-11T10:54:56.0920405Z hint:
2025-08-11T10:54:56.0920791Z hint: Names commonly chosen instead of 'master' are 'main', 'trunk' and
2025-08-11T10:54:56.0921241Z hint: 'development'. The just-created branch can be renamed via this command:
2025-08-11T10:54:56.0922012Z hint:
2025-08-11T10:54:56.0922343Z hint: 	git branch -m <name>
2025-08-11T10:54:56.0922725Z hint:
2025-08-11T10:54:56.0923298Z hint: Disable this message with "git config set advice.defaultBranchName false"
2025-08-11T10:54:56.0924387Z Initialized empty Git repository in /home/runner/work/watch-party-backend/watch-party-backend/.git/
2025-08-11T10:54:56.0927550Z ##[debug]0
2025-08-11T10:54:56.0928571Z ##[debug]Initialized empty Git repository in /home/runner/work/watch-party-backend/watch-party-backend/.git/
2025-08-11T10:54:56.0929363Z ##[debug]
2025-08-11T10:54:56.0934127Z [command]/usr/bin/git remote add origin https://github.com/EL-HOUSS-BRAHIM/watch-party-backend
2025-08-11T10:54:56.0965020Z ##[debug]0
2025-08-11T10:54:56.0965944Z ##[debug]
2025-08-11T10:54:56.0966560Z ::endgroup::
2025-08-11T10:54:56.0966849Z ##[endgroup]
2025-08-11T10:54:56.0967437Z ::group::Disabling automatic garbage collection
2025-08-11T10:54:56.0967947Z ##[group]Disabling automatic garbage collection
2025-08-11T10:54:56.0971013Z [command]/usr/bin/git config --local gc.auto 0
2025-08-11T10:54:56.0998087Z ##[debug]0
2025-08-11T10:54:56.0998698Z ##[debug]
2025-08-11T10:54:56.0999238Z ::endgroup::
2025-08-11T10:54:56.0999540Z ##[endgroup]
2025-08-11T10:54:56.1000124Z ::group::Setting up auth
2025-08-11T10:54:56.1000501Z ##[group]Setting up auth
2025-08-11T10:54:56.1006698Z [command]/usr/bin/git config --local --name-only --get-regexp core\.sshCommand
2025-08-11T10:54:56.1030461Z ##[debug]1
2025-08-11T10:54:56.1031048Z ##[debug]
2025-08-11T10:54:56.1036717Z [command]/usr/bin/git submodule foreach --recursive sh -c "git config --local --name-only --get-regexp 'core\.sshCommand' && git config --local --unset-all 'core.sshCommand' || :"
2025-08-11T10:54:56.1289256Z ##[debug]0
2025-08-11T10:54:56.1289634Z ##[debug]
2025-08-11T10:54:56.1295502Z [command]/usr/bin/git config --local --name-only --get-regexp http\.https\:\/\/github\.com\/\.extraheader
2025-08-11T10:54:56.1320542Z ##[debug]1
2025-08-11T10:54:56.1321077Z ##[debug]
2025-08-11T10:54:56.1326355Z [command]/usr/bin/git submodule foreach --recursive sh -c "git config --local --name-only --get-regexp 'http\.https\:\/\/github\.com\/\.extraheader' && git config --local --unset-all 'http.https://github.com/.extraheader' || :"
2025-08-11T10:54:56.1541317Z ##[debug]0
2025-08-11T10:54:56.1542336Z ##[debug]
2025-08-11T10:54:56.1549808Z [command]/usr/bin/git config --local http.https://github.com/.extraheader AUTHORIZATION: basic ***
2025-08-11T10:54:56.1576619Z ##[debug]0
2025-08-11T10:54:56.1577134Z ##[debug]
2025-08-11T10:54:56.1585114Z ::endgroup::
2025-08-11T10:54:56.1585404Z ##[endgroup]
2025-08-11T10:54:56.1585945Z ::group::Fetching the repository
2025-08-11T10:54:56.1586335Z ##[group]Fetching the repository
2025-08-11T10:54:56.1602971Z [command]/usr/bin/git -c protocol.version=2 fetch --no-tags --prune --no-recurse-submodules --depth=1 origin +2d2a85e6991d60e1a17ba1d63b534e7ecef34c38:refs/remotes/origin/master
2025-08-11T10:54:56.5249403Z From https://github.com/EL-HOUSS-BRAHIM/watch-party-backend
2025-08-11T10:54:56.5250501Z  * [new ref]         2d2a85e6991d60e1a17ba1d63b534e7ecef34c38 -> origin/master
2025-08-11T10:54:56.5275455Z ##[debug]0
2025-08-11T10:54:56.5276047Z ##[debug]
2025-08-11T10:54:56.5276607Z ::endgroup::
2025-08-11T10:54:56.5276933Z ##[endgroup]
2025-08-11T10:54:56.5277536Z ::group::Determining the checkout info
2025-08-11T10:54:56.5278011Z ##[group]Determining the checkout info
2025-08-11T10:54:56.5278882Z ::endgroup::
2025-08-11T10:54:56.5279190Z ##[endgroup]
2025-08-11T10:54:56.5284716Z [command]/usr/bin/git sparse-checkout disable
2025-08-11T10:54:56.5318972Z ##[debug]0
2025-08-11T10:54:56.5319537Z ##[debug]
2025-08-11T10:54:56.5323450Z [command]/usr/bin/git config --local --unset-all extensions.worktreeConfig
2025-08-11T10:54:56.5350529Z ##[debug]0
2025-08-11T10:54:56.5351079Z ##[debug]
2025-08-11T10:54:56.5351874Z ::group::Checking out the ref
2025-08-11T10:54:56.5352286Z ##[group]Checking out the ref
2025-08-11T10:54:56.5356123Z [command]/usr/bin/git checkout --progress --force -B master refs/remotes/origin/master
2025-08-11T10:54:56.5583729Z Reset branch 'master'
2025-08-11T10:54:56.5586508Z branch 'master' set up to track 'origin/master'.
2025-08-11T10:54:56.5592433Z ##[debug]0
2025-08-11T10:54:56.5593122Z ##[debug]branch 'master' set up to track 'origin/master'.
2025-08-11T10:54:56.5593604Z ##[debug]
2025-08-11T10:54:56.5594107Z ::endgroup::
2025-08-11T10:54:56.5594408Z ##[endgroup]
2025-08-11T10:54:56.5626536Z ##[debug]0
2025-08-11T10:54:56.5627214Z ##[debug]commit 2d2a85e6991d60e1a17ba1d63b534e7ecef34c38
2025-08-11T10:54:56.5627829Z ##[debug]Author: next-gen bross <brahim.crafts.tech@gmail.com>
2025-08-11T10:54:56.5628387Z ##[debug]Date:   Mon Aug 11 10:13:09 2025 +0000
2025-08-11T10:54:56.5629124Z ##[debug]
2025-08-11T10:54:56.5629442Z ##[debug]    falseupdate
2025-08-11T10:54:56.5629795Z ##[debug]
2025-08-11T10:54:56.5630582Z [command]/usr/bin/git log -1 --format=%H
2025-08-11T10:54:56.5653523Z 2d2a85e6991d60e1a17ba1d63b534e7ecef34c38
2025-08-11T10:54:56.5659164Z ##[debug]0
2025-08-11T10:54:56.5660846Z ##[debug]2d2a85e6991d60e1a17ba1d63b534e7ecef34c38
2025-08-11T10:54:56.5661298Z ##[debug]
2025-08-11T10:54:56.5665177Z ##[debug]Unsetting HOME override
2025-08-11T10:54:56.5672627Z ::remove-matcher owner=checkout-git::
2025-08-11T10:54:56.5683490Z ##[debug]Removed matchers: 'checkout-git'
2025-08-11T10:54:56.5738727Z ##[debug]Node Action run completed with exit code 0
2025-08-11T10:54:56.5771119Z ##[debug]Save intra-action state isPost = true
2025-08-11T10:54:56.5771802Z ##[debug]Save intra-action state setSafeDirectory = true
2025-08-11T10:54:56.5772358Z ##[debug]Save intra-action state repositoryPath = /home/runner/work/watch-party-backend/watch-party-backend
2025-08-11T10:54:56.5776375Z ##[debug]Set output commit = 2d2a85e6991d60e1a17ba1d63b534e7ecef34c38
2025-08-11T10:54:56.5776807Z ##[debug]Set output ref = refs/heads/master
2025-08-11T10:54:56.5778218Z ##[debug]Finishing: Checkout code
2025-08-11T10:54:56.5786022Z ##[debug]Evaluating condition for step: 'Set up Python'
2025-08-11T10:54:56.5787650Z ##[debug]Evaluating: success()
2025-08-11T10:54:56.5787981Z ##[debug]Evaluating success:
2025-08-11T10:54:56.5788355Z ##[debug]=> true
2025-08-11T10:54:56.5788663Z ##[debug]Result: true
2025-08-11T10:54:56.5789187Z ##[debug]Starting: Set up Python
2025-08-11T10:54:56.5817250Z ##[debug]Register post job cleanup for action: actions/setup-python@v5
2025-08-11T10:54:56.5827040Z ##[debug]Loading inputs
2025-08-11T10:54:56.5829376Z ##[debug]Evaluating: env.PYTHON_VERSION
2025-08-11T10:54:56.5829667Z ##[debug]Evaluating Index:
2025-08-11T10:54:56.5829897Z ##[debug]..Evaluating env:
2025-08-11T10:54:56.5830124Z ##[debug]..=> Object
2025-08-11T10:54:56.5830352Z ##[debug]..Evaluating String:
2025-08-11T10:54:56.5830593Z ##[debug]..=> 'PYTHON_VERSION'
2025-08-11T10:54:56.5832500Z ##[debug]=> '3.12'
2025-08-11T10:54:56.5832735Z ##[debug]Result: '3.12'
2025-08-11T10:54:56.5843074Z ##[debug]Evaluating: (((github.server_url == 'https://github.com') && github.token) || '')
2025-08-11T10:54:56.5843547Z ##[debug]Evaluating Or:
2025-08-11T10:54:56.5845269Z ##[debug]..Evaluating And:
2025-08-11T10:54:56.5847097Z ##[debug]....Evaluating Equal:
2025-08-11T10:54:56.5848422Z ##[debug]......Evaluating Index:
2025-08-11T10:54:56.5848686Z ##[debug]........Evaluating github:
2025-08-11T10:54:56.5848961Z ##[debug]........=> Object
2025-08-11T10:54:56.5849206Z ##[debug]........Evaluating String:
2025-08-11T10:54:56.5849457Z ##[debug]........=> 'server_url'
2025-08-11T10:54:56.5849745Z ##[debug]......=> 'https://github.com'
2025-08-11T10:54:56.5850049Z ##[debug]......Evaluating String:
2025-08-11T10:54:56.5850298Z ##[debug]......=> 'https://github.com'
2025-08-11T10:54:56.5853652Z ##[debug]....=> true
2025-08-11T10:54:56.5854087Z ##[debug]....Evaluating Index:
2025-08-11T10:54:56.5854337Z ##[debug]......Evaluating github:
2025-08-11T10:54:56.5854589Z ##[debug]......=> Object
2025-08-11T10:54:56.5854823Z ##[debug]......Evaluating String:
2025-08-11T10:54:56.5855059Z ##[debug]......=> 'token'
2025-08-11T10:54:56.5855630Z ##[debug]....=> '***'
2025-08-11T10:54:56.5855952Z ##[debug]..=> '***'
2025-08-11T10:54:56.5856457Z ##[debug]=> '***'
2025-08-11T10:54:56.5860786Z ##[debug]Expanded: ((('https://github.com' == 'https://github.com') && '***') || '')
2025-08-11T10:54:56.5861286Z ##[debug]Result: '***'
2025-08-11T10:54:56.5864002Z ##[debug]Loading env
2025-08-11T10:54:56.5868180Z ##[group]Run actions/setup-python@v5
2025-08-11T10:54:56.5868416Z with:
2025-08-11T10:54:56.5868587Z   python-version: 3.12
2025-08-11T10:54:56.5868777Z   check-latest: false
2025-08-11T10:54:56.5869066Z   token: ***
2025-08-11T10:54:56.5869251Z   update-environment: true
2025-08-11T10:54:56.5869463Z   allow-prereleases: false
2025-08-11T10:54:56.5869837Z   freethreaded: false
2025-08-11T10:54:56.5870011Z env:
2025-08-11T10:54:56.5870172Z   PYTHON_VERSION: 3.12
2025-08-11T10:54:56.5870349Z   NODE_VERSION: 18
2025-08-11T10:54:56.5870519Z ##[endgroup]
2025-08-11T10:54:56.7499875Z ##[debug]Python is expected to be installed into /opt/hostedtoolcache
2025-08-11T10:54:56.7503166Z ::group::Installed versions
2025-08-11T10:54:56.7503592Z ##[group]Installed versions
2025-08-11T10:54:56.7508424Z ##[debug]Semantic version spec of 3.12 is 3.12
2025-08-11T10:54:56.7510689Z ##[debug]isExplicit: 
2025-08-11T10:54:56.7511353Z ##[debug]explicit? false
2025-08-11T10:54:56.7519672Z ##[debug]isExplicit: 3.10.18
2025-08-11T10:54:56.7520199Z ##[debug]explicit? true
2025-08-11T10:54:56.7645125Z ##[debug]isExplicit: 3.11.13
2025-08-11T10:54:56.7645946Z ##[debug]explicit? true
2025-08-11T10:54:56.7802326Z ##[debug]isExplicit: 3.12.11
2025-08-11T10:54:56.7803323Z ##[debug]explicit? true
2025-08-11T10:54:56.8010578Z ##[debug]isExplicit: 3.13.5
2025-08-11T10:54:56.8011316Z ##[debug]explicit? true
2025-08-11T10:54:56.8130848Z ##[debug]isExplicit: 3.9.23
2025-08-11T10:54:56.8132039Z ##[debug]explicit? true
2025-08-11T10:54:56.8136305Z ##[debug]evaluating 5 versions
2025-08-11T10:54:56.8164446Z ##[debug]matched: 3.12.11
2025-08-11T10:54:56.8165364Z ##[debug]checking cache: /opt/hostedtoolcache/Python/3.12.11/x64
2025-08-11T10:54:56.8166271Z ##[debug]Found tool in cache Python 3.12.11 x64
2025-08-11T10:54:56.8182126Z Successfully set up CPython (3.12.11)
2025-08-11T10:54:56.8182907Z ::endgroup::
2025-08-11T10:54:56.8183215Z ##[endgroup]
2025-08-11T10:54:56.8189715Z ##[add-matcher]/home/runner/work/_actions/actions/setup-python/v5/.github/python.json
2025-08-11T10:54:56.8201867Z ##[debug]Added matchers: 'python'. Problem matchers scan action output for known warning or error strings and report these inline.
2025-08-11T10:54:56.8258005Z ##[debug]Node Action run completed with exit code 0
2025-08-11T10:54:56.8261024Z ##[debug]pythonLocation='/opt/hostedtoolcache/Python/3.12.11/x64'
2025-08-11T10:54:56.8261819Z ##[debug]PKG_CONFIG_PATH='/opt/hostedtoolcache/Python/3.12.11/x64/lib/pkgconfig'
2025-08-11T10:54:56.8262325Z ##[debug]pythonLocation='/opt/hostedtoolcache/Python/3.12.11/x64'
2025-08-11T10:54:56.8262745Z ##[debug]Python_ROOT_DIR='/opt/hostedtoolcache/Python/3.12.11/x64'
2025-08-11T10:54:56.8263138Z ##[debug]Python2_ROOT_DIR='/opt/hostedtoolcache/Python/3.12.11/x64'
2025-08-11T10:54:56.8263537Z ##[debug]Python3_ROOT_DIR='/opt/hostedtoolcache/Python/3.12.11/x64'
2025-08-11T10:54:56.8263979Z ##[debug]PKG_CONFIG_PATH='/opt/hostedtoolcache/Python/3.12.11/x64/lib/pkgconfig'
2025-08-11T10:54:56.8264433Z ##[debug]LD_LIBRARY_PATH='/opt/hostedtoolcache/Python/3.12.11/x64/lib'
2025-08-11T10:54:56.8266028Z ##[debug]Set output python-version = 3.12.11
2025-08-11T10:54:56.8266462Z ##[debug]Set output python-path = /opt/hostedtoolcache/Python/3.12.11/x64/bin/python
2025-08-11T10:54:56.8267243Z ##[debug]Finishing: Set up Python
2025-08-11T10:54:56.8275227Z ##[debug]Evaluating condition for step: 'Cache pip dependencies'
2025-08-11T10:54:56.8276747Z ##[debug]Evaluating: success()
2025-08-11T10:54:56.8299186Z ##[debug]Evaluating success:
2025-08-11T10:54:56.8299750Z ##[debug]=> true
2025-08-11T10:54:56.8300138Z ##[debug]Result: true
2025-08-11T10:54:56.8300679Z ##[debug]Starting: Cache pip dependencies
2025-08-11T10:54:56.8324501Z ##[debug]Register post job cleanup for action: actions/cache@v4
2025-08-11T10:54:56.8333750Z ##[debug]Loading inputs
2025-08-11T10:54:56.8336672Z ##[debug]Evaluating: format('{0}-pip-{1}', runner.os, hashFiles('**/requirements.txt'))
2025-08-11T10:54:56.8337085Z ##[debug]Evaluating format:
2025-08-11T10:54:56.8340546Z ##[debug]..Evaluating String:
2025-08-11T10:54:56.8340833Z ##[debug]..=> '{0}-pip-{1}'
2025-08-11T10:54:56.8353468Z ##[debug]..Evaluating Index:
2025-08-11T10:54:56.8353722Z ##[debug]....Evaluating runner:
2025-08-11T10:54:56.8353979Z ##[debug]....=> Object
2025-08-11T10:54:56.8354243Z ##[debug]....Evaluating String:
2025-08-11T10:54:56.8354483Z ##[debug]....=> 'os'
2025-08-11T10:54:56.8354967Z ##[debug]..=> 'Linux'
2025-08-11T10:54:56.8355817Z ##[debug]..Evaluating hashFiles:
2025-08-11T10:54:56.8364853Z ##[debug]....Evaluating String:
2025-08-11T10:54:56.8365147Z ##[debug]....=> '**/requirements.txt'
2025-08-11T10:54:56.8365596Z ##[debug]Search root directory: '/home/runner/work/watch-party-backend/watch-party-backend'
2025-08-11T10:54:56.8366043Z ##[debug]Search pattern: '**/requirements.txt'
2025-08-11T10:54:56.8369501Z ##[debug]Starting process:
2025-08-11T10:54:56.8369907Z ##[debug]  File name: '/home/runner/actions-runner/cached/externals/node20/bin/node'
2025-08-11T10:54:56.8370380Z ##[debug]  Arguments: '"/home/runner/actions-runner/cached/bin/hashFiles"'
2025-08-11T10:54:56.8370872Z ##[debug]  Working directory: '/home/runner/work/watch-party-backend/watch-party-backend'
2025-08-11T10:54:56.8371289Z ##[debug]  Require exit code zero: 'False'
2025-08-11T10:54:56.8371780Z ##[debug]  Encoding web name:  ; code page: ''
2025-08-11T10:54:56.8372079Z ##[debug]  Force kill process on cancellation: 'False'
2025-08-11T10:54:56.8372363Z ##[debug]  Redirected STDIN: 'False'
2025-08-11T10:54:56.8372609Z ##[debug]  Persist current code page: 'False'
2025-08-11T10:54:56.8372888Z ##[debug]  Keep redirected STDIN open: 'False'
2025-08-11T10:54:56.8373164Z ##[debug]  High priority process: 'False'
2025-08-11T10:54:56.8378062Z ##[debug]Updated oom_score_adj to 500 for PID: 2735.
2025-08-11T10:54:56.8378647Z ##[debug]Process started with process id 2735, waiting for process exit.
2025-08-11T10:54:56.8740916Z ##[debug]Match Pattern: **/requirements.txt
2025-08-11T10:54:56.8752945Z ##[debug]::debug::followSymbolicLinks 'false'
2025-08-11T10:54:56.8776889Z ##[debug]::debug::followSymbolicLinks 'false'
2025-08-11T10:54:56.8777470Z ##[debug]::debug::implicitDescendants 'true'
2025-08-11T10:54:56.8777976Z ##[debug]::debug::matchDirectories 'true'
2025-08-11T10:54:56.8778525Z ##[debug]::debug::omitBrokenSymbolicLinks 'true'
2025-08-11T10:54:56.8783611Z ##[debug]::debug::Search path '/home/runner/work/watch-party-backend/watch-party-backend'
2025-08-11T10:54:56.9068401Z ##[debug]/home/runner/work/watch-party-backend/watch-party-backend/requirements.txt
2025-08-11T10:54:56.9168380Z ##[debug]Found 1 files to hash.
2025-08-11T10:54:56.9172853Z ##[debug]Hash result: '035e85e200dbcf636fb6d281ba287ce955c1ae922fec582dc4cf0158206887e4'
2025-08-11T10:54:56.9176038Z ##[debug]undefined
2025-08-11T10:54:56.9219827Z ##[debug]STDOUT/STDERR stream read finished.
2025-08-11T10:54:56.9219897Z ##[debug]STDOUT/STDERR stream read finished.
2025-08-11T10:54:56.9221277Z ##[debug]Finished process 2735 with exit code 0, and elapsed time 00:00:00.0847301.
2025-08-11T10:54:56.9222609Z ##[debug]..=> '035e85e200dbcf636fb6d281ba287ce955c1ae922fec582dc4cf0158206887e4'
2025-08-11T10:54:56.9223438Z ##[debug]=> 'Linux-pip-035e85e200dbcf636fb6d281ba287ce955c1ae922fec582dc4cf0158206887e4'
2025-08-11T10:54:56.9224382Z ##[debug]Result: 'Linux-pip-035e85e200dbcf636fb6d281ba287ce955c1ae922fec582dc4cf0158206887e4'
2025-08-11T10:54:56.9225854Z ##[debug]Evaluating: format('{0}-pip-
2025-08-11T10:54:56.9226107Z ##[debug]', runner.os)
2025-08-11T10:54:56.9226325Z ##[debug]Evaluating format:
2025-08-11T10:54:56.9226538Z ##[debug]..Evaluating String:
2025-08-11T10:54:56.9226815Z ##[debug]..=> '{0}-pip-
2025-08-11T10:54:56.9226990Z ##[debug]'
2025-08-11T10:54:56.9227243Z ##[debug]..Evaluating Index:
2025-08-11T10:54:56.9227459Z ##[debug]....Evaluating runner:
2025-08-11T10:54:56.9227683Z ##[debug]....=> Object
2025-08-11T10:54:56.9227900Z ##[debug]....Evaluating String:
2025-08-11T10:54:56.9228113Z ##[debug]....=> 'os'
2025-08-11T10:54:56.9228407Z ##[debug]..=> 'Linux'
2025-08-11T10:54:56.9228616Z ##[debug]=> 'Linux-pip-
2025-08-11T10:54:56.9228793Z ##[debug]'
2025-08-11T10:54:56.9228974Z ##[debug]Result: 'Linux-pip-
2025-08-11T10:54:56.9229165Z ##[debug]'
2025-08-11T10:54:56.9232428Z ##[debug]Loading env
2025-08-11T10:54:56.9236860Z ##[group]Run actions/cache@v4
2025-08-11T10:54:56.9237078Z with:
2025-08-11T10:54:56.9237240Z   path: ~/.cache/pip
2025-08-11T10:54:56.9237773Z   key: Linux-pip-035e85e200dbcf636fb6d281ba287ce955c1ae922fec582dc4cf0158206887e4
2025-08-11T10:54:56.9238186Z   restore-keys: Linux-pip-

2025-08-11T10:54:56.9238410Z   enableCrossOsArchive: false
2025-08-11T10:54:56.9238635Z   fail-on-cache-miss: false
2025-08-11T10:54:56.9238836Z   lookup-only: false
2025-08-11T10:54:56.9239021Z   save-always: false
2025-08-11T10:54:56.9239186Z env:
2025-08-11T10:54:56.9239350Z   PYTHON_VERSION: 3.12
2025-08-11T10:54:56.9239537Z   NODE_VERSION: 18
2025-08-11T10:54:56.9239784Z   pythonLocation: /opt/hostedtoolcache/Python/3.12.11/x64
2025-08-11T10:54:56.9240167Z   PKG_CONFIG_PATH: /opt/hostedtoolcache/Python/3.12.11/x64/lib/pkgconfig
2025-08-11T10:54:56.9240566Z   Python_ROOT_DIR: /opt/hostedtoolcache/Python/3.12.11/x64
2025-08-11T10:54:56.9240905Z   Python2_ROOT_DIR: /opt/hostedtoolcache/Python/3.12.11/x64
2025-08-11T10:54:56.9241237Z   Python3_ROOT_DIR: /opt/hostedtoolcache/Python/3.12.11/x64
2025-08-11T10:54:56.9241915Z   LD_LIBRARY_PATH: /opt/hostedtoolcache/Python/3.12.11/x64/lib
2025-08-11T10:54:56.9242213Z ##[endgroup]
2025-08-11T10:54:57.0624015Z ##[debug]Cache service version: v2
2025-08-11T10:54:57.0627371Z ##[debug]Resolved Keys:
2025-08-11T10:54:57.0628320Z ##[debug]["Linux-pip-035e85e200dbcf636fb6d281ba287ce955c1ae922fec582dc4cf0158206887e4","Linux-pip-"]
2025-08-11T10:54:57.0632398Z ##[debug]Checking zstd --quiet --version
2025-08-11T10:54:57.1081156Z ##[debug]1.5.7
2025-08-11T10:54:57.1085995Z ##[debug]zstd version: 1.5.7
2025-08-11T10:54:57.1097559Z ##[debug][Request] GetCacheEntryDownloadURL https://results-receiver.actions.githubusercontent.com/twirp/github.actions.results.api.v1.CacheService/GetCacheEntryDownloadURL
2025-08-11T10:54:57.2461996Z ##[debug][Response] - 200
2025-08-11T10:54:57.2462994Z ##[debug]Headers: {
2025-08-11T10:54:57.2463383Z ##[debug]  "content-length": "54",
2025-08-11T10:54:57.2463858Z ##[debug]  "content-type": "application/json",
2025-08-11T10:54:57.2464392Z ##[debug]  "date": "Mon, 11 Aug 2025 10:54:57 GMT",
2025-08-11T10:54:57.2464913Z ##[debug]  "x-github-backend": "Kubernetes",
2025-08-11T10:54:57.2465503Z ##[debug]  "x-github-request-id": "283B:777E9:2549003:34FB724:6899CC01"
2025-08-11T10:54:57.2466053Z ##[debug]}
2025-08-11T10:54:57.2467517Z ##[debug]Body: {
2025-08-11T10:54:57.2467843Z ##[debug]  "ok": false,
2025-08-11T10:54:57.2468220Z ##[debug]  "signed_download_url": "",
2025-08-11T10:54:57.2468653Z ##[debug]  "matched_key": ""
2025-08-11T10:54:57.2469016Z ##[debug]}
2025-08-11T10:54:57.2473174Z ##[debug]Cache not found for version 2a50607a47f0c27aad98b33e03fa13615fdc9c33dc4fff3945d2d5078a8f7664 of keys: Linux-pip-035e85e200dbcf636fb6d281ba287ce955c1ae922fec582dc4cf0158206887e4, Linux-pip-
2025-08-11T10:54:57.2475207Z Cache not found for input keys: Linux-pip-035e85e200dbcf636fb6d281ba287ce955c1ae922fec582dc4cf0158206887e4, Linux-pip-
2025-08-11T10:54:57.2518748Z ##[debug]Node Action run completed with exit code 0
2025-08-11T10:54:57.2521244Z ##[debug]Save intra-action state CACHE_KEY = Linux-pip-035e85e200dbcf636fb6d281ba287ce955c1ae922fec582dc4cf0158206887e4
2025-08-11T10:54:57.2522570Z ##[debug]Finishing: Cache pip dependencies
2025-08-11T10:54:57.2529242Z ##[debug]Evaluating condition for step: 'Install dependencies'
2025-08-11T10:54:57.2531138Z ##[debug]Evaluating: success()
2025-08-11T10:54:57.2531707Z ##[debug]Evaluating success:
2025-08-11T10:54:57.2532103Z ##[debug]=> true
2025-08-11T10:54:57.2532439Z ##[debug]Result: true
2025-08-11T10:54:57.2532960Z ##[debug]Starting: Install dependencies
2025-08-11T10:54:57.2540780Z ##[debug]Loading inputs
2025-08-11T10:54:57.2541785Z ##[debug]Loading env
2025-08-11T10:54:57.2556010Z ##[group]Run python -m pip install --upgrade pip
2025-08-11T10:54:57.2556373Z [36;1mpython -m pip install --upgrade pip[0m
2025-08-11T10:54:57.2556673Z [36;1mpip install -r requirements.txt[0m
2025-08-11T10:54:57.2556946Z [36;1mpip install coverage pytest-django[0m
2025-08-11T10:54:57.2678676Z shell: /usr/bin/bash -e {0}
2025-08-11T10:54:57.2678905Z env:
2025-08-11T10:54:57.2679275Z   PYTHON_VERSION: 3.12
2025-08-11T10:54:57.2679472Z   NODE_VERSION: 18
2025-08-11T10:54:57.2679760Z   pythonLocation: /opt/hostedtoolcache/Python/3.12.11/x64
2025-08-11T10:54:57.2680172Z   PKG_CONFIG_PATH: /opt/hostedtoolcache/Python/3.12.11/x64/lib/pkgconfig
2025-08-11T10:54:57.2680587Z   Python_ROOT_DIR: /opt/hostedtoolcache/Python/3.12.11/x64
2025-08-11T10:54:57.2680937Z   Python2_ROOT_DIR: /opt/hostedtoolcache/Python/3.12.11/x64
2025-08-11T10:54:57.2681291Z   Python3_ROOT_DIR: /opt/hostedtoolcache/Python/3.12.11/x64
2025-08-11T10:54:57.2682009Z   LD_LIBRARY_PATH: /opt/hostedtoolcache/Python/3.12.11/x64/lib
2025-08-11T10:54:57.2682335Z ##[endgroup]
2025-08-11T10:54:57.2743787Z ##[debug]/usr/bin/bash -e /home/runner/work/_temp/3018209b-8196-4fba-ade7-377a3b9b50b2.sh
2025-08-11T10:55:00.1485195Z Requirement already satisfied: pip in /opt/hostedtoolcache/Python/3.12.11/x64/lib/python3.12/site-packages (25.2)
2025-08-11T10:55:01.2704114Z Collecting aiohappyeyeballs==2.6.1 (from -r requirements.txt (line 1))
2025-08-11T10:55:01.3072370Z   Downloading aiohappyeyeballs-2.6.1-py3-none-any.whl.metadata (5.9 kB)
2025-08-11T10:55:01.8256889Z Collecting aiohttp==3.12.15 (from -r requirements.txt (line 2))
2025-08-11T10:55:01.8297778Z   Downloading aiohttp-3.12.15-cp312-cp312-manylinux_2_17_x86_64.manylinux2014_x86_64.whl.metadata (7.7 kB)
2025-08-11T10:55:01.8432767Z Collecting aiosignal==1.4.0 (from -r requirements.txt (line 3))
2025-08-11T10:55:01.8470548Z   Downloading aiosignal-1.4.0-py3-none-any.whl.metadata (3.7 kB)
2025-08-11T10:55:01.8678317Z Collecting amqp==5.3.1 (from -r requirements.txt (line 4))
2025-08-11T10:55:01.8714852Z   Downloading amqp-5.3.1-py3-none-any.whl.metadata (8.9 kB)
2025-08-11T10:55:01.8904990Z Collecting asgiref==3.9.1 (from -r requirements.txt (line 5))
2025-08-11T10:55:01.8942241Z   Downloading asgiref-3.9.1-py3-none-any.whl.metadata (9.3 kB)
2025-08-11T10:55:01.9094557Z Collecting attrs==25.3.0 (from -r requirements.txt (line 6))
2025-08-11T10:55:01.9130971Z   Downloading attrs-25.3.0-py3-none-any.whl.metadata (10 kB)
2025-08-11T10:55:01.9457500Z Collecting autobahn==24.4.2 (from -r requirements.txt (line 7))
2025-08-11T10:55:01.9499891Z   Downloading autobahn-24.4.2-py2.py3-none-any.whl.metadata (18 kB)
2025-08-11T10:55:01.9819101Z Collecting Automat==25.4.16 (from -r requirements.txt (line 8))
2025-08-11T10:55:01.9858712Z   Downloading automat-25.4.16-py3-none-any.whl.metadata (8.4 kB)
2025-08-11T10:55:02.0072379Z Collecting billiard==4.2.1 (from -r requirements.txt (line 9))
2025-08-11T10:55:02.0108163Z   Downloading billiard-4.2.1-py3-none-any.whl.metadata (4.4 kB)
2025-08-11T10:55:02.0546591Z Collecting black==25.1.0 (from -r requirements.txt (line 10))
2025-08-11T10:55:02.0586586Z   Downloading black-25.1.0-cp312-cp312-manylinux_2_17_x86_64.manylinux2014_x86_64.manylinux_2_28_x86_64.whl.metadata (81 kB)
2025-08-11T10:55:02.0876668Z Collecting bleach==6.1.0 (from -r requirements.txt (line 11))
2025-08-11T10:55:02.0926821Z   Downloading bleach-6.1.0-py3-none-any.whl.metadata (30 kB)
2025-08-11T10:55:02.3831183Z Collecting boto3==1.39.9 (from -r requirements.txt (line 12))
2025-08-11T10:55:02.3884002Z   Downloading boto3-1.39.9-py3-none-any.whl.metadata (6.7 kB)
2025-08-11T10:55:02.7025134Z Collecting botocore==1.39.9 (from -r requirements.txt (line 13))
2025-08-11T10:55:02.7079307Z   Downloading botocore-1.39.9-py3-none-any.whl.metadata (5.7 kB)
2025-08-11T10:55:02.7286104Z Collecting CacheControl==0.14.3 (from -r requirements.txt (line 14))
2025-08-11T10:55:02.7322908Z   Downloading cachecontrol-0.14.3-py3-none-any.whl.metadata (3.1 kB)
2025-08-11T10:55:02.7509739Z Collecting cachetools==5.5.2 (from -r requirements.txt (line 15))
2025-08-11T10:55:02.7549604Z   Downloading cachetools-5.5.2-py3-none-any.whl.metadata (5.4 kB)
2025-08-11T10:55:02.7879251Z Collecting celery==5.5.3 (from -r requirements.txt (line 16))
2025-08-11T10:55:02.7915473Z   Downloading celery-5.5.3-py3-none-any.whl.metadata (22 kB)
2025-08-11T10:55:02.8599176Z Collecting certifi==2025.7.14 (from -r requirements.txt (line 17))
2025-08-11T10:55:02.8637519Z   Downloading certifi-2025.7.14-py3-none-any.whl.metadata (2.4 kB)
2025-08-11T10:55:02.9619253Z Collecting cffi==1.17.1 (from -r requirements.txt (line 18))
2025-08-11T10:55:02.9660959Z   Downloading cffi-1.17.1-cp312-cp312-manylinux_2_17_x86_64.manylinux2014_x86_64.whl.metadata (1.5 kB)
2025-08-11T10:55:02.9807268Z Collecting cfgv==3.4.0 (from -r requirements.txt (line 19))
2025-08-11T10:55:02.9842227Z   Downloading cfgv-3.4.0-py2.py3-none-any.whl.metadata (8.5 kB)
2025-08-11T10:55:03.0038350Z Collecting channels==4.2.2 (from -r requirements.txt (line 20))
2025-08-11T10:55:03.0078987Z   Downloading channels-4.2.2-py3-none-any.whl.metadata (4.6 kB)
2025-08-11T10:55:03.0223178Z Collecting channels_redis==4.2.1 (from -r requirements.txt (line 21))
2025-08-11T10:55:03.0268661Z   Downloading channels_redis-4.2.1-py3-none-any.whl.metadata (12 kB)
2025-08-11T10:55:03.1042034Z Collecting charset-normalizer==3.4.2 (from -r requirements.txt (line 22))
2025-08-11T10:55:03.1081084Z   Downloading charset_normalizer-3.4.2-cp312-cp312-manylinux_2_17_x86_64.manylinux2014_x86_64.whl.metadata (35 kB)
2025-08-11T10:55:03.1289669Z Collecting click==8.2.1 (from -r requirements.txt (line 23))
2025-08-11T10:55:03.1324388Z   Downloading click-8.2.1-py3-none-any.whl.metadata (2.5 kB)
2025-08-11T10:55:03.1421345Z Collecting click-didyoumean==0.3.1 (from -r requirements.txt (line 24))
2025-08-11T10:55:03.1455997Z   Downloading click_didyoumean-0.3.1-py3-none-any.whl.metadata (3.9 kB)
2025-08-11T10:55:03.1568676Z Collecting click-plugins==1.1.1.2 (from -r requirements.txt (line 25))
2025-08-11T10:55:03.1604483Z   Downloading click_plugins-1.1.1.2-py2.py3-none-any.whl.metadata (6.5 kB)
2025-08-11T10:55:03.1729267Z Collecting click-repl==0.3.0 (from -r requirements.txt (line 26))
2025-08-11T10:55:03.1764734Z   Downloading click_repl-0.3.0-py3-none-any.whl.metadata (3.6 kB)
2025-08-11T10:55:03.1857601Z Collecting constantly==23.10.4 (from -r requirements.txt (line 27))
2025-08-11T10:55:03.1892652Z   Downloading constantly-23.10.4-py3-none-any.whl.metadata (1.8 kB)
2025-08-11T10:55:03.4855165Z Collecting coverage==7.9.2 (from -r requirements.txt (line 28))
2025-08-11T10:55:03.4921963Z   Downloading coverage-7.9.2-cp312-cp312-manylinux_2_5_x86_64.manylinux1_x86_64.manylinux_2_17_x86_64.manylinux2014_x86_64.whl.metadata (8.9 kB)
2025-08-11T10:55:03.6959999Z Collecting cryptography==45.0.5 (from -r requirements.txt (line 29))
2025-08-11T10:55:03.7005321Z   Downloading cryptography-45.0.5-cp311-abi3-manylinux_2_34_x86_64.whl.metadata (5.7 kB)
2025-08-11T10:55:03.7238957Z Collecting daphne==4.0.0 (from -r requirements.txt (line 30))
2025-08-11T10:55:03.7288340Z   Downloading daphne-4.0.0-py3-none-any.whl.metadata (6.4 kB)
2025-08-11T10:55:03.7412920Z Collecting distlib==0.4.0 (from -r requirements.txt (line 31))
2025-08-11T10:55:03.7447780Z   Downloading distlib-0.4.0-py2.py3-none-any.whl.metadata (5.2 kB)
2025-08-11T10:55:03.7575008Z Collecting dj-database-url==3.0.1 (from -r requirements.txt (line 32))
2025-08-11T10:55:03.7622181Z   Downloading dj_database_url-3.0.1-py3-none-any.whl.metadata (14 kB)
2025-08-11T10:55:03.8224799Z Collecting Django==5.0.14 (from -r requirements.txt (line 33))
2025-08-11T10:55:03.8279891Z   Downloading Django-5.0.14-py3-none-any.whl.metadata (4.1 kB)
2025-08-11T10:55:03.8469924Z Collecting django-allauth==65.10.0 (from -r requirements.txt (line 34))
2025-08-11T10:55:03.8518608Z   Downloading django_allauth-65.10.0.tar.gz (1.9 MB)
2025-08-11T10:55:03.8831918Z      ━━━━━━━━━━━━━━━━━━━━━━━━━━━━━━━━━━━━━━━━ 1.9/1.9 MB 63.3 MB/s  0:00:00
2025-08-11T10:55:04.4717839Z   Installing build dependencies: started
2025-08-11T10:55:05.8090313Z   Installing build dependencies: finished with status 'done'
2025-08-11T10:55:05.8096393Z   Getting requirements to build wheel: started
2025-08-11T10:55:06.7074602Z   Getting requirements to build wheel: finished with status 'done'
2025-08-11T10:55:06.7084761Z   Preparing metadata (pyproject.toml): started
2025-08-11T10:55:07.1358724Z   Preparing metadata (pyproject.toml): finished with status 'done'
2025-08-11T10:55:07.1558280Z Collecting django-cors-headers==4.7.0 (from -r requirements.txt (line 35))
2025-08-11T10:55:07.1600323Z   Downloading django_cors_headers-4.7.0-py3-none-any.whl.metadata (16 kB)
2025-08-11T10:55:07.1803105Z Collecting django-debug-toolbar==5.2.0 (from -r requirements.txt (line 36))
2025-08-11T10:55:07.1862070Z   Downloading django_debug_toolbar-5.2.0-py3-none-any.whl.metadata (4.5 kB)
2025-08-11T10:55:07.1993912Z Collecting django-environ==0.12.0 (from -r requirements.txt (line 37))
2025-08-11T10:55:07.2043734Z   Downloading django_environ-0.12.0-py2.py3-none-any.whl.metadata (12 kB)
2025-08-11T10:55:07.2362829Z Collecting django-extensions==4.1 (from -r requirements.txt (line 38))
2025-08-11T10:55:07.2483090Z   Downloading django_extensions-4.1-py3-none-any.whl.metadata (6.1 kB)
2025-08-11T10:55:07.2652514Z Collecting django-filter==25.1 (from -r requirements.txt (line 39))
2025-08-11T10:55:07.2694105Z   Downloading django_filter-25.1-py3-none-any.whl.metadata (5.1 kB)
2025-08-11T10:55:07.2855900Z Collecting django-redis==6.0.0 (from -r requirements.txt (line 40))
2025-08-11T10:55:07.2906611Z   Downloading django_redis-6.0.0-py3-none-any.whl.metadata (32 kB)
2025-08-11T10:55:07.3178974Z Collecting djangorestframework==3.16.0 (from -r requirements.txt (line 41))
2025-08-11T10:55:07.3215640Z   Downloading djangorestframework-3.16.0-py3-none-any.whl.metadata (11 kB)
2025-08-11T10:55:07.3396767Z Collecting djangorestframework_simplejwt==5.5.0 (from -r requirements.txt (line 42))
2025-08-11T10:55:07.3439494Z   Downloading djangorestframework_simplejwt-5.5.0-py3-none-any.whl.metadata (4.6 kB)
2025-08-11T10:55:07.3660579Z Collecting drf-spectacular==0.28.0 (from -r requirements.txt (line 43))
2025-08-11T10:55:07.3699329Z   Downloading drf_spectacular-0.28.0-py3-none-any.whl.metadata (14 kB)
2025-08-11T10:55:07.3868857Z Collecting factory-boy==3.3.0 (from -r requirements.txt (line 44))
2025-08-11T10:55:07.3915390Z   Downloading factory_boy-3.3.0-py2.py3-none-any.whl.metadata (15 kB)
2025-08-11T10:55:07.4662718Z Collecting Faker==37.4.2 (from -r requirements.txt (line 45))
2025-08-11T10:55:07.4709072Z   Downloading faker-37.4.2-py3-none-any.whl.metadata (15 kB)
2025-08-11T10:55:07.4909056Z Collecting filelock==3.18.0 (from -r requirements.txt (line 46))
2025-08-11T10:55:07.4945757Z   Downloading filelock-3.18.0-py3-none-any.whl.metadata (2.9 kB)
2025-08-11T10:55:07.5142550Z Collecting firebase-admin==6.5.0 (from -r requirements.txt (line 47))
2025-08-11T10:55:07.5307430Z   Downloading firebase_admin-6.5.0-py3-none-any.whl.metadata (1.5 kB)
2025-08-11T10:55:07.5540085Z Collecting flake8==7.3.0 (from -r requirements.txt (line 48))
2025-08-11T10:55:07.5577932Z   Downloading flake8-7.3.0-py2.py3-none-any.whl.metadata (3.8 kB)
2025-08-11T10:55:07.5746343Z Collecting freezegun==1.4.0 (from -r requirements.txt (line 49))
2025-08-11T10:55:07.5795876Z   Downloading freezegun-1.4.0-py3-none-any.whl.metadata (11 kB)
2025-08-11T10:55:07.6424656Z Collecting frozenlist==1.7.0 (from -r requirements.txt (line 50))
2025-08-11T10:55:07.6464280Z   Downloading frozenlist-1.7.0-cp312-cp312-manylinux_2_5_x86_64.manylinux1_x86_64.manylinux_2_17_x86_64.manylinux2014_x86_64.whl.metadata (18 kB)
2025-08-11T10:55:07.6784326Z Collecting google-api-core==2.25.1 (from -r requirements.txt (line 51))
2025-08-11T10:55:07.6819085Z   Downloading google_api_core-2.25.1-py3-none-any.whl.metadata (3.0 kB)
2025-08-11T10:55:07.7306753Z Collecting google-api-python-client==2.176.0 (from -r requirements.txt (line 52))
2025-08-11T10:55:07.7348199Z   Downloading google_api_python_client-2.176.0-py3-none-any.whl.metadata (7.0 kB)
2025-08-11T10:55:07.7700506Z Collecting google-auth==2.40.3 (from -r requirements.txt (line 53))
2025-08-11T10:55:07.7738773Z   Downloading google_auth-2.40.3-py2.py3-none-any.whl.metadata (6.2 kB)
2025-08-11T10:55:07.7907662Z Collecting google-auth-httplib2==0.2.0 (from -r requirements.txt (line 54))
2025-08-11T10:55:07.7944408Z   Downloading google_auth_httplib2-0.2.0-py2.py3-none-any.whl.metadata (2.2 kB)
2025-08-11T10:55:07.8070808Z Collecting google-auth-oauthlib==1.2.2 (from -r requirements.txt (line 55))
2025-08-11T10:55:07.8106615Z   Downloading google_auth_oauthlib-1.2.2-py3-none-any.whl.metadata (2.7 kB)
2025-08-11T10:55:07.8280073Z Collecting google-cloud-core==2.4.3 (from -r requirements.txt (line 56))
2025-08-11T10:55:07.8314831Z   Downloading google_cloud_core-2.4.3-py2.py3-none-any.whl.metadata (2.7 kB)
2025-08-11T10:55:07.8520765Z Collecting google-cloud-firestore==2.21.0 (from -r requirements.txt (line 57))
2025-08-11T10:55:07.8558919Z   Downloading google_cloud_firestore-2.21.0-py3-none-any.whl.metadata (9.9 kB)
2025-08-11T10:55:07.8865738Z Collecting google-cloud-storage==3.2.0 (from -r requirements.txt (line 58))
2025-08-11T10:55:07.8900980Z   Downloading google_cloud_storage-3.2.0-py3-none-any.whl.metadata (13 kB)
2025-08-11T10:55:07.9372162Z Collecting google-crc32c==1.7.1 (from -r requirements.txt (line 59))
2025-08-11T10:55:07.9410266Z   Downloading google_crc32c-1.7.1-cp312-cp312-manylinux_2_17_x86_64.manylinux2014_x86_64.whl.metadata (2.3 kB)
2025-08-11T10:55:07.9575624Z Collecting google-resumable-media==2.7.2 (from -r requirements.txt (line 60))
2025-08-11T10:55:07.9611344Z   Downloading google_resumable_media-2.7.2-py2.py3-none-any.whl.metadata (2.2 kB)
2025-08-11T10:55:07.9875045Z Collecting googleapis-common-protos==1.70.0 (from -r requirements.txt (line 61))
2025-08-11T10:55:07.9915237Z   Downloading googleapis_common_protos-1.70.0-py3-none-any.whl.metadata (9.3 kB)
2025-08-11T10:55:08.5192913Z Collecting grpcio==1.74.0 (from -r requirements.txt (line 62))
2025-08-11T10:55:08.5232577Z   Downloading grpcio-1.74.0-cp312-cp312-manylinux_2_17_x86_64.manylinux2014_x86_64.whl.metadata (3.8 kB)
2025-08-11T10:55:08.5525007Z Collecting grpcio-status==1.74.0 (from -r requirements.txt (line 63))
2025-08-11T10:55:08.5562198Z   Downloading grpcio_status-1.74.0-py3-none-any.whl.metadata (1.1 kB)
2025-08-11T10:55:08.5734978Z Collecting gunicorn==23.0.0 (from -r requirements.txt (line 64))
2025-08-11T10:55:08.5769229Z   Downloading gunicorn-23.0.0-py3-none-any.whl.metadata (4.4 kB)
2025-08-11T10:55:08.5919411Z Collecting httplib2==0.22.0 (from -r requirements.txt (line 65))
2025-08-11T10:55:08.5954528Z   Downloading httplib2-0.22.0-py3-none-any.whl.metadata (2.6 kB)
2025-08-11T10:55:08.6060624Z Collecting hyperlink==21.0.0 (from -r requirements.txt (line 66))
2025-08-11T10:55:08.6095825Z   Downloading hyperlink-21.0.0-py2.py3-none-any.whl.metadata (1.5 kB)
2025-08-11T10:55:08.6430469Z Collecting identify==2.6.12 (from -r requirements.txt (line 67))
2025-08-11T10:55:08.6471427Z   Downloading identify-2.6.12-py2.py3-none-any.whl.metadata (4.4 kB)
2025-08-11T10:55:08.6599079Z Collecting idna==3.10 (from -r requirements.txt (line 68))
2025-08-11T10:55:08.6635234Z   Downloading idna-3.10-py3-none-any.whl.metadata (10 kB)
2025-08-11T10:55:08.6758068Z Collecting incremental==24.7.2 (from -r requirements.txt (line 69))
2025-08-11T10:55:08.6794221Z   Downloading incremental-24.7.2-py3-none-any.whl.metadata (8.1 kB)
2025-08-11T10:55:08.6896798Z Collecting inflection==0.5.1 (from -r requirements.txt (line 70))
2025-08-11T10:55:08.6932354Z   Downloading inflection-0.5.1-py2.py3-none-any.whl.metadata (1.7 kB)
2025-08-11T10:55:08.7028328Z Collecting iniconfig==2.1.0 (from -r requirements.txt (line 71))
2025-08-11T10:55:08.7063234Z   Downloading iniconfig-2.1.0-py3-none-any.whl.metadata (2.7 kB)
2025-08-11T10:55:08.7353288Z Collecting isort==6.0.1 (from -r requirements.txt (line 72))
2025-08-11T10:55:08.7388718Z   Downloading isort-6.0.1-py3-none-any.whl.metadata (11 kB)
2025-08-11T10:55:08.7510954Z Collecting jmespath==1.0.1 (from -r requirements.txt (line 73))
2025-08-11T10:55:08.7547270Z   Downloading jmespath-1.0.1-py3-none-any.whl.metadata (7.6 kB)
2025-08-11T10:55:08.7779897Z Collecting jsonschema==4.25.0 (from -r requirements.txt (line 74))
2025-08-11T10:55:08.7818234Z   Downloading jsonschema-4.25.0-py3-none-any.whl.metadata (7.7 kB)
2025-08-11T10:55:08.7968957Z Collecting jsonschema-specifications==2025.4.1 (from -r requirements.txt (line 75))
2025-08-11T10:55:08.8004944Z   Downloading jsonschema_specifications-2025.4.1-py3-none-any.whl.metadata (2.9 kB)
2025-08-11T10:55:08.8326053Z Collecting kombu==5.5.4 (from -r requirements.txt (line 76))
2025-08-11T10:55:08.8363478Z   Downloading kombu-5.5.4-py3-none-any.whl.metadata (3.5 kB)
2025-08-11T10:55:08.8522333Z Collecting mccabe==0.7.0 (from -r requirements.txt (line 77))
2025-08-11T10:55:08.8557213Z   Downloading mccabe-0.7.0-py2.py3-none-any.whl.metadata (5.0 kB)
2025-08-11T10:55:08.9177124Z Collecting msgpack==1.1.1 (from -r requirements.txt (line 78))
2025-08-11T10:55:08.9216386Z   Downloading msgpack-1.1.1-cp312-cp312-manylinux_2_17_x86_64.manylinux2014_x86_64.whl.metadata (8.4 kB)
2025-08-11T10:55:09.2132966Z Collecting multidict==6.6.3 (from -r requirements.txt (line 79))
2025-08-11T10:55:09.2173699Z   Downloading multidict-6.6.3-cp312-cp312-manylinux2014_x86_64.manylinux_2_17_x86_64.manylinux_2_28_x86_64.whl.metadata (5.3 kB)
2025-08-11T10:55:09.3111777Z Collecting mypy==1.8.0 (from -r requirements.txt (line 80))
2025-08-11T10:55:09.3156465Z   Downloading mypy-1.8.0-cp312-cp312-manylinux_2_17_x86_64.manylinux2014_x86_64.whl.metadata (1.8 kB)
2025-08-11T10:55:09.3265841Z Collecting mypy_extensions==1.1.0 (from -r requirements.txt (line 81))
2025-08-11T10:55:09.3303063Z   Downloading mypy_extensions-1.1.0-py3-none-any.whl.metadata (1.1 kB)
2025-08-11T10:55:09.3451451Z Collecting nodeenv==1.9.1 (from -r requirements.txt (line 82))
2025-08-11T10:55:09.3487350Z   Downloading nodeenv-1.9.1-py2.py3-none-any.whl.metadata (21 kB)
2025-08-11T10:55:09.3630253Z Collecting oauthlib==3.3.1 (from -r requirements.txt (line 83))
2025-08-11T10:55:09.3666193Z   Downloading oauthlib-3.3.1-py3-none-any.whl.metadata (7.9 kB)
2025-08-11T10:55:09.3828367Z Collecting packaging==25.0 (from -r requirements.txt (line 84))
2025-08-11T10:55:09.3839442Z   Using cached packaging-25.0-py3-none-any.whl.metadata (3.3 kB)
2025-08-11T10:55:09.3941420Z Collecting pathspec==0.12.1 (from -r requirements.txt (line 85))
2025-08-11T10:55:09.3978098Z   Downloading pathspec-0.12.1-py3-none-any.whl.metadata (21 kB)
2025-08-11T10:55:09.5552579Z Collecting pillow==11.3.0 (from -r requirements.txt (line 86))
2025-08-11T10:55:09.5592722Z   Downloading pillow-11.3.0-cp312-cp312-manylinux_2_27_x86_64.manylinux_2_28_x86_64.whl.metadata (9.0 kB)
2025-08-11T10:55:09.5793488Z Collecting platformdirs==4.3.8 (from -r requirements.txt (line 87))
2025-08-11T10:55:09.5828831Z   Downloading platformdirs-4.3.8-py3-none-any.whl.metadata (12 kB)
2025-08-11T10:55:09.5969885Z Collecting pluggy==1.6.0 (from -r requirements.txt (line 88))
2025-08-11T10:55:09.6007203Z   Downloading pluggy-1.6.0-py3-none-any.whl.metadata (4.8 kB)
2025-08-11T10:55:09.6348480Z Collecting pre-commit==3.6.0 (from -r requirements.txt (line 89))
2025-08-11T10:55:09.6385546Z   Downloading pre_commit-3.6.0-py2.py3-none-any.whl.metadata (1.3 kB)
2025-08-11T10:55:09.6682870Z Collecting prompt_toolkit==3.0.51 (from -r requirements.txt (line 90))
2025-08-11T10:55:09.6722175Z   Downloading prompt_toolkit-3.0.51-py3-none-any.whl.metadata (6.4 kB)
2025-08-11T10:55:09.7140065Z Collecting propcache==0.3.2 (from -r requirements.txt (line 91))
2025-08-11T10:55:09.7177324Z   Downloading propcache-0.3.2-cp312-cp312-manylinux_2_17_x86_64.manylinux2014_x86_64.whl.metadata (12 kB)
2025-08-11T10:55:09.7356605Z Collecting proto-plus==1.26.1 (from -r requirements.txt (line 92))
2025-08-11T10:55:09.7392128Z   Downloading proto_plus-1.26.1-py3-none-any.whl.metadata (2.2 kB)
2025-08-11T10:55:09.8887850Z Collecting protobuf==6.31.1 (from -r requirements.txt (line 93))
2025-08-11T10:55:09.8927329Z   Downloading protobuf-6.31.1-cp39-abi3-manylinux2014_x86_64.whl.metadata (593 bytes)
2025-08-11T10:55:09.9570200Z Collecting psutil==6.0.0 (from -r requirements.txt (line 94))
2025-08-11T10:55:09.9609960Z   Downloading psutil-6.0.0-cp36-abi3-manylinux_2_12_x86_64.manylinux2010_x86_64.manylinux_2_17_x86_64.manylinux2014_x86_64.whl.metadata (21 kB)
2025-08-11T10:55:09.9799851Z Collecting psycopg==3.2.9 (from -r requirements.txt (line 95))
2025-08-11T10:55:09.9866975Z   Downloading psycopg-3.2.9-py3-none-any.whl.metadata (4.5 kB)
2025-08-11T10:55:10.0108335Z Collecting pyasn1==0.6.1 (from -r requirements.txt (line 96))
2025-08-11T10:55:10.0145582Z   Downloading pyasn1-0.6.1-py3-none-any.whl.metadata (8.4 kB)
2025-08-11T10:55:10.0338650Z Collecting pyasn1_modules==0.4.2 (from -r requirements.txt (line 97))
2025-08-11T10:55:10.0375149Z   Downloading pyasn1_modules-0.4.2-py3-none-any.whl.metadata (3.5 kB)
2025-08-11T10:55:10.0521830Z Collecting pycodestyle==2.14.0 (from -r requirements.txt (line 98))
2025-08-11T10:55:10.0559583Z   Downloading pycodestyle-2.14.0-py2.py3-none-any.whl.metadata (4.5 kB)
2025-08-11T10:55:10.0667052Z Collecting pycparser==2.22 (from -r requirements.txt (line 99))
2025-08-11T10:55:10.0702164Z   Downloading pycparser-2.22-py3-none-any.whl.metadata (943 bytes)
2025-08-11T10:55:10.0848240Z Collecting pyflakes==3.4.0 (from -r requirements.txt (line 100))
2025-08-11T10:55:10.0882826Z   Downloading pyflakes-3.4.0-py2.py3-none-any.whl.metadata (3.5 kB)
2025-08-11T10:55:10.1065916Z Collecting Pygments==2.19.2 (from -r requirements.txt (line 101))
2025-08-11T10:55:10.1101856Z   Downloading pygments-2.19.2-py3-none-any.whl.metadata (2.5 kB)
2025-08-11T10:55:10.1262247Z Collecting PyJWT==2.9.0 (from -r requirements.txt (line 102))
2025-08-11T10:55:10.1300789Z   Downloading PyJWT-2.9.0-py3-none-any.whl.metadata (3.0 kB)
2025-08-11T10:55:10.1470484Z Collecting pyOpenSSL==25.1.0 (from -r requirements.txt (line 103))
2025-08-11T10:55:10.1507000Z   Downloading pyopenssl-25.1.0-py3-none-any.whl.metadata (17 kB)
2025-08-11T10:55:10.1661320Z Collecting pyotp==2.9.0 (from -r requirements.txt (line 104))
2025-08-11T10:55:10.1703999Z   Downloading pyotp-2.9.0-py3-none-any.whl.metadata (9.8 kB)
2025-08-11T10:55:10.2897826Z Collecting pyparsing==3.2.3 (from -r requirements.txt (line 105))
2025-08-11T10:55:10.2938507Z   Downloading pyparsing-3.2.3-py3-none-any.whl.metadata (5.0 kB)
2025-08-11T10:55:10.3066629Z Collecting pypng==0.20220715.0 (from -r requirements.txt (line 106))
2025-08-11T10:55:10.3110217Z   Downloading pypng-0.20220715.0-py3-none-any.whl.metadata (13 kB)
2025-08-11T10:55:10.3476620Z Collecting pytest==8.4.1 (from -r requirements.txt (line 107))
2025-08-11T10:55:10.3512914Z   Downloading pytest-8.4.1-py3-none-any.whl.metadata (7.7 kB)
2025-08-11T10:55:10.3690634Z Collecting pytest-cov==6.2.1 (from -r requirements.txt (line 108))
2025-08-11T10:55:10.3730752Z   Downloading pytest_cov-6.2.1-py3-none-any.whl.metadata (30 kB)
2025-08-11T10:55:10.3948031Z Collecting pytest-django==4.11.1 (from -r requirements.txt (line 109))
2025-08-11T10:55:10.3992103Z   Downloading pytest_django-4.11.1-py3-none-any.whl.metadata (8.3 kB)
2025-08-11T10:55:10.4138761Z Collecting python-dateutil==2.9.0.post0 (from -r requirements.txt (line 110))
2025-08-11T10:55:10.4173247Z   Downloading python_dateutil-2.9.0.post0-py2.py3-none-any.whl.metadata (8.4 kB)
2025-08-11T10:55:10.4275952Z Collecting python-decouple==3.8 (from -r requirements.txt (line 111))
2025-08-11T10:55:10.4325798Z   Downloading python_decouple-3.8-py3-none-any.whl.metadata (14 kB)
2025-08-11T10:55:10.4454549Z Collecting python-magic==0.4.27 (from -r requirements.txt (line 112))
2025-08-11T10:55:10.4490104Z   Downloading python_magic-0.4.27-py2.py3-none-any.whl.metadata (5.8 kB)
2025-08-11T10:55:10.4845092Z Collecting pytz==2025.2 (from -r requirements.txt (line 113))
2025-08-11T10:55:10.4882504Z   Downloading pytz-2025.2-py2.py3-none-any.whl.metadata (22 kB)
2025-08-11T10:55:10.5232472Z Collecting PyYAML==6.0.2 (from -r requirements.txt (line 114))
2025-08-11T10:55:10.5269415Z   Downloading PyYAML-6.0.2-cp312-cp312-manylinux_2_17_x86_64.manylinux2014_x86_64.whl.metadata (2.1 kB)
2025-08-11T10:55:10.5406318Z Collecting qrcode==7.4.2 (from -r requirements.txt (line 115))
2025-08-11T10:55:10.5449010Z   Downloading qrcode-7.4.2-py3-none-any.whl.metadata (17 kB)
2025-08-11T10:55:10.5737749Z Collecting redis==6.2.0 (from -r requirements.txt (line 116))
2025-08-11T10:55:10.5797957Z   Downloading redis-6.2.0-py3-none-any.whl.metadata (10 kB)
2025-08-11T10:55:10.6065300Z Collecting referencing==0.36.2 (from -r requirements.txt (line 117))
2025-08-11T10:55:10.6102042Z   Downloading referencing-0.36.2-py3-none-any.whl.metadata (2.8 kB)
2025-08-11T10:55:10.6345725Z Collecting requests==2.32.4 (from -r requirements.txt (line 118))
2025-08-11T10:55:10.6380792Z   Downloading requests-2.32.4-py3-none-any.whl.metadata (4.9 kB)
2025-08-11T10:55:10.6519401Z Collecting requests-oauthlib==2.0.0 (from -r requirements.txt (line 119))
2025-08-11T10:55:10.6555135Z   Downloading requests_oauthlib-2.0.0-py2.py3-none-any.whl.metadata (11 kB)
2025-08-11T10:55:10.9005472Z Collecting rpds-py==0.26.0 (from -r requirements.txt (line 120))
2025-08-11T10:55:10.9059705Z   Downloading rpds_py-0.26.0-cp312-cp312-manylinux_2_17_x86_64.manylinux2014_x86_64.whl.metadata (4.2 kB)
2025-08-11T10:55:10.9207302Z Collecting rsa==4.9.1 (from -r requirements.txt (line 121))
2025-08-11T10:55:10.9242315Z   Downloading rsa-4.9.1-py3-none-any.whl.metadata (5.6 kB)
2025-08-11T10:55:10.9409702Z Collecting s3transfer==0.13.1 (from -r requirements.txt (line 122))
2025-08-11T10:55:10.9444503Z   Downloading s3transfer-0.13.1-py3-none-any.whl.metadata (1.7 kB)
2025-08-11T10:55:10.9958189Z Collecting sentry-sdk==1.40.6 (from -r requirements.txt (line 123))
2025-08-11T10:55:11.0002915Z   Downloading sentry_sdk-1.40.6-py2.py3-none-any.whl.metadata (9.7 kB)
2025-08-11T10:55:11.0230632Z Collecting service-identity==24.2.0 (from -r requirements.txt (line 124))
2025-08-11T10:55:11.0266472Z   Downloading service_identity-24.2.0-py3-none-any.whl.metadata (5.1 kB)
2025-08-11T10:55:11.1347265Z Collecting setuptools==80.9.0 (from -r requirements.txt (line 125))
2025-08-11T10:55:11.1359968Z   Using cached setuptools-80.9.0-py3-none-any.whl.metadata (6.6 kB)
2025-08-11T10:55:11.1555281Z Collecting six==1.17.0 (from -r requirements.txt (line 126))
2025-08-11T10:55:11.1591443Z   Downloading six-1.17.0-py2.py3-none-any.whl.metadata (1.7 kB)
2025-08-11T10:55:11.1712674Z Collecting sqlparse==0.5.3 (from -r requirements.txt (line 127))
2025-08-11T10:55:11.1747742Z   Downloading sqlparse-0.5.3-py3-none-any.whl.metadata (3.9 kB)
2025-08-11T10:55:11.2457434Z Collecting stripe==12.3.0 (from -r requirements.txt (line 128))
2025-08-11T10:55:11.2514148Z   Downloading stripe-12.3.0-py2.py3-none-any.whl.metadata (2.9 kB)
2025-08-11T10:55:11.2790441Z Collecting Twisted==25.5.0 (from -r requirements.txt (line 129))
2025-08-11T10:55:11.2829463Z   Downloading twisted-25.5.0-py3-none-any.whl.metadata (22 kB)
2025-08-11T10:55:11.3683427Z Collecting txaio==25.6.1 (from -r requirements.txt (line 130))
2025-08-11T10:55:11.3721716Z   Downloading txaio-25.6.1-py2.py3-none-any.whl.metadata (7.1 kB)
2025-08-11T10:55:11.3914761Z Collecting typing_extensions==4.14.1 (from -r requirements.txt (line 131))
2025-08-11T10:55:11.3952653Z   Downloading typing_extensions-4.14.1-py3-none-any.whl.metadata (3.0 kB)
2025-08-11T10:55:11.4091895Z Collecting tzdata==2025.2 (from -r requirements.txt (line 132))
2025-08-11T10:55:11.4126673Z   Downloading tzdata-2025.2-py2.py3-none-any.whl.metadata (1.4 kB)
2025-08-11T10:55:11.4235384Z Collecting uritemplate==4.2.0 (from -r requirements.txt (line 133))
2025-08-11T10:55:11.4271398Z   Downloading uritemplate-4.2.0-py3-none-any.whl.metadata (2.6 kB)
2025-08-11T10:55:11.4496055Z Collecting urllib3==2.5.0 (from -r requirements.txt (line 134))
2025-08-11T10:55:11.4531737Z   Downloading urllib3-2.5.0-py3-none-any.whl.metadata (6.5 kB)
2025-08-11T10:55:11.4650619Z Collecting vine==5.1.0 (from -r requirements.txt (line 135))
2025-08-11T10:55:11.4687203Z   Downloading vine-5.1.0-py3-none-any.whl.metadata (2.7 kB)
2025-08-11T10:55:11.5085576Z Collecting virtualenv==20.33.0 (from -r requirements.txt (line 136))
2025-08-11T10:55:11.5124298Z   Downloading virtualenv-20.33.0-py3-none-any.whl.metadata (4.5 kB)
2025-08-11T10:55:11.5277855Z Collecting wcwidth==0.2.13 (from -r requirements.txt (line 137))
2025-08-11T10:55:11.5313554Z   Downloading wcwidth-0.2.13-py2.py3-none-any.whl.metadata (14 kB)
2025-08-11T10:55:11.5507089Z Collecting whitenoise==6.9.0 (from -r requirements.txt (line 138))
2025-08-11T10:55:11.5549831Z   Downloading whitenoise-6.9.0-py3-none-any.whl.metadata (3.6 kB)
2025-08-11T10:55:11.9089750Z Collecting yarl==1.20.1 (from -r requirements.txt (line 139))
2025-08-11T10:55:11.9130473Z   Downloading yarl-1.20.1-cp312-cp312-manylinux_2_17_x86_64.manylinux2014_x86_64.whl.metadata (73 kB)
2025-08-11T10:55:12.0140035Z Collecting zope.interface==7.2 (from -r requirements.txt (line 140))
2025-08-11T10:55:12.0180697Z   Downloading zope.interface-7.2-cp312-cp312-manylinux_2_5_x86_64.manylinux1_x86_64.manylinux_2_17_x86_64.manylinux2014_x86_64.whl.metadata (44 kB)
2025-08-11T10:55:12.1180068Z Collecting webencodings (from bleach==6.1.0->-r requirements.txt (line 11))
2025-08-11T10:55:12.1217554Z   Downloading webencodings-0.5.1-py2.py3-none-any.whl.metadata (2.1 kB)
2025-08-11T10:55:13.8654172Z Downloading aiohappyeyeballs-2.6.1-py3-none-any.whl (15 kB)
2025-08-11T10:55:13.8718887Z Downloading aiohttp-3.12.15-cp312-cp312-manylinux_2_17_x86_64.manylinux2014_x86_64.whl (1.7 MB)
2025-08-11T10:55:13.8939679Z    ━━━━━━━━━━━━━━━━━━━━━━━━━━━━━━━━━━━━━━━━ 1.7/1.7 MB 84.3 MB/s  0:00:00
2025-08-11T10:55:13.8975966Z Downloading multidict-6.6.3-cp312-cp312-manylinux2014_x86_64.manylinux_2_17_x86_64.manylinux_2_28_x86_64.whl (256 kB)
2025-08-11T10:55:13.9041087Z Downloading yarl-1.20.1-cp312-cp312-manylinux_2_17_x86_64.manylinux2014_x86_64.whl (355 kB)
2025-08-11T10:55:13.9119031Z Downloading aiosignal-1.4.0-py3-none-any.whl (7.5 kB)
2025-08-11T10:55:13.9172676Z Downloading amqp-5.3.1-py3-none-any.whl (50 kB)
2025-08-11T10:55:13.9230999Z Downloading vine-5.1.0-py3-none-any.whl (9.6 kB)
2025-08-11T10:55:13.9286337Z Downloading asgiref-3.9.1-py3-none-any.whl (23 kB)
2025-08-11T10:55:13.9340359Z Downloading attrs-25.3.0-py3-none-any.whl (63 kB)
2025-08-11T10:55:13.9421783Z Downloading autobahn-24.4.2-py2.py3-none-any.whl (666 kB)
2025-08-11T10:55:13.9506932Z    ━━━━━━━━━━━━━━━━━━━━━━━━━━━━━━━━━━━━━━━━ 667.0/667.0 kB 75.9 MB/s  0:00:00
2025-08-11T10:55:13.9545420Z Downloading automat-25.4.16-py3-none-any.whl (42 kB)
2025-08-11T10:55:13.9601338Z Downloading billiard-4.2.1-py3-none-any.whl (86 kB)
2025-08-11T10:55:13.9662904Z Downloading black-25.1.0-cp312-cp312-manylinux_2_17_x86_64.manylinux2014_x86_64.manylinux_2_28_x86_64.whl (1.8 MB)
2025-08-11T10:55:13.9842333Z    ━━━━━━━━━━━━━━━━━━━━━━━━━━━━━━━━━━━━━━━━ 1.8/1.8 MB 100.3 MB/s  0:00:00
2025-08-11T10:55:13.9888882Z Downloading bleach-6.1.0-py3-none-any.whl (162 kB)
2025-08-11T10:55:13.9975834Z Downloading boto3-1.39.9-py3-none-any.whl (139 kB)
2025-08-11T10:55:14.0053145Z Downloading botocore-1.39.9-py3-none-any.whl (13.9 MB)
2025-08-11T10:55:14.1207268Z    ━━━━━━━━━━━━━━━━━━━━━━━━━━━━━━━━━━━━━━━━ 13.9/13.9 MB 121.6 MB/s  0:00:00
2025-08-11T10:55:14.1244972Z Downloading jmespath-1.0.1-py3-none-any.whl (20 kB)
2025-08-11T10:55:14.1300726Z Downloading python_dateutil-2.9.0.post0-py2.py3-none-any.whl (229 kB)
2025-08-11T10:55:14.1365444Z Downloading s3transfer-0.13.1-py3-none-any.whl (85 kB)
2025-08-11T10:55:14.1421235Z Downloading urllib3-2.5.0-py3-none-any.whl (129 kB)
2025-08-11T10:55:14.1478551Z Downloading cachecontrol-0.14.3-py3-none-any.whl (21 kB)
2025-08-11T10:55:14.1535613Z Downloading msgpack-1.1.1-cp312-cp312-manylinux_2_17_x86_64.manylinux2014_x86_64.whl (426 kB)
2025-08-11T10:55:14.1610907Z Downloading cachetools-5.5.2-py3-none-any.whl (10 kB)
2025-08-11T10:55:14.1663938Z Downloading celery-5.5.3-py3-none-any.whl (438 kB)
2025-08-11T10:55:14.1753516Z Downloading click-8.2.1-py3-none-any.whl (102 kB)
2025-08-11T10:55:14.1812461Z Downloading kombu-5.5.4-py3-none-any.whl (210 kB)
2025-08-11T10:55:14.1875397Z Downloading certifi-2025.7.14-py3-none-any.whl (162 kB)
2025-08-11T10:55:14.1935031Z Downloading cffi-1.17.1-cp312-cp312-manylinux_2_17_x86_64.manylinux2014_x86_64.whl (479 kB)
2025-08-11T10:55:14.2026126Z Downloading cfgv-3.4.0-py2.py3-none-any.whl (7.2 kB)
2025-08-11T10:55:14.2082051Z Downloading channels-4.2.2-py3-none-any.whl (31 kB)
2025-08-11T10:55:14.2142048Z Downloading channels_redis-4.2.1-py3-none-any.whl (20 kB)
2025-08-11T10:55:14.2199344Z Downloading charset_normalizer-3.4.2-cp312-cp312-manylinux_2_17_x86_64.manylinux2014_x86_64.whl (148 kB)
2025-08-11T10:55:14.2261288Z Downloading click_didyoumean-0.3.1-py3-none-any.whl (3.6 kB)
2025-08-11T10:55:14.2313648Z Downloading click_plugins-1.1.1.2-py2.py3-none-any.whl (11 kB)
2025-08-11T10:55:14.2366184Z Downloading click_repl-0.3.0-py3-none-any.whl (10 kB)
2025-08-11T10:55:14.2418215Z Downloading constantly-23.10.4-py3-none-any.whl (13 kB)
2025-08-11T10:55:14.2480521Z Downloading coverage-7.9.2-cp312-cp312-manylinux_2_5_x86_64.manylinux1_x86_64.manylinux_2_17_x86_64.manylinux2014_x86_64.whl (245 kB)
2025-08-11T10:55:14.2559650Z Downloading cryptography-45.0.5-cp311-abi3-manylinux_2_34_x86_64.whl (4.5 MB)
2025-08-11T10:55:14.2869672Z    ━━━━━━━━━━━━━━━━━━━━━━━━━━━━━━━━━━━━━━━━ 4.5/4.5 MB 151.3 MB/s  0:00:00
2025-08-11T10:55:14.2918722Z Downloading daphne-4.0.0-py3-none-any.whl (30 kB)
2025-08-11T10:55:14.2975906Z Downloading distlib-0.4.0-py2.py3-none-any.whl (469 kB)
2025-08-11T10:55:14.3082843Z Downloading dj_database_url-3.0.1-py3-none-any.whl (8.8 kB)
2025-08-11T10:55:14.3142276Z Downloading Django-5.0.14-py3-none-any.whl (8.2 MB)
2025-08-11T10:55:14.3770301Z    ━━━━━━━━━━━━━━━━━━━━━━━━━━━━━━━━━━━━━━━━ 8.2/8.2 MB 134.7 MB/s  0:00:00
2025-08-11T10:55:14.3805564Z Downloading django_cors_headers-4.7.0-py3-none-any.whl (12 kB)
2025-08-11T10:55:14.3861798Z Downloading django_debug_toolbar-5.2.0-py3-none-any.whl (262 kB)
2025-08-11T10:55:14.3933986Z Downloading django_environ-0.12.0-py2.py3-none-any.whl (19 kB)
2025-08-11T10:55:14.3997533Z Downloading django_extensions-4.1-py3-none-any.whl (232 kB)
2025-08-11T10:55:14.4077743Z Downloading django_filter-25.1-py3-none-any.whl (94 kB)
2025-08-11T10:55:14.4141450Z Downloading django_redis-6.0.0-py3-none-any.whl (33 kB)
2025-08-11T10:55:14.4220645Z Downloading djangorestframework-3.16.0-py3-none-any.whl (1.1 MB)
2025-08-11T10:55:14.4325933Z    ━━━━━━━━━━━━━━━━━━━━━━━━━━━━━━━━━━━━━━━━ 1.1/1.1 MB 108.2 MB/s  0:00:00
2025-08-11T10:55:14.4385622Z Downloading djangorestframework_simplejwt-5.5.0-py3-none-any.whl (103 kB)
2025-08-11T10:55:14.4441097Z Downloading PyJWT-2.9.0-py3-none-any.whl (22 kB)
2025-08-11T10:55:14.4505903Z Downloading drf_spectacular-0.28.0-py3-none-any.whl (103 kB)
2025-08-11T10:55:14.4575171Z Downloading factory_boy-3.3.0-py2.py3-none-any.whl (36 kB)
2025-08-11T10:55:14.4637808Z Downloading faker-37.4.2-py3-none-any.whl (1.9 MB)
2025-08-11T10:55:14.4794764Z    ━━━━━━━━━━━━━━━━━━━━━━━━━━━━━━━━━━━━━━━━ 1.9/1.9 MB 131.8 MB/s  0:00:00
2025-08-11T10:55:14.4829888Z Downloading filelock-3.18.0-py3-none-any.whl (16 kB)
2025-08-11T10:55:14.4883217Z Downloading firebase_admin-6.5.0-py3-none-any.whl (126 kB)
2025-08-11T10:55:14.4939420Z Downloading google_api_core-2.25.1-py3-none-any.whl (160 kB)
2025-08-11T10:55:14.4996030Z Downloading google_auth-2.40.3-py2.py3-none-any.whl (216 kB)
2025-08-11T10:55:14.5060997Z Downloading googleapis_common_protos-1.70.0-py3-none-any.whl (294 kB)
2025-08-11T10:55:14.5137840Z Downloading proto_plus-1.26.1-py3-none-any.whl (50 kB)
2025-08-11T10:55:14.5192070Z Downloading protobuf-6.31.1-cp39-abi3-manylinux2014_x86_64.whl (321 kB)
2025-08-11T10:55:14.5262659Z Downloading requests-2.32.4-py3-none-any.whl (64 kB)
2025-08-11T10:55:14.5315486Z Downloading idna-3.10-py3-none-any.whl (70 kB)
2025-08-11T10:55:14.5369142Z Downloading rsa-4.9.1-py3-none-any.whl (34 kB)
2025-08-11T10:55:14.5423031Z Downloading flake8-7.3.0-py2.py3-none-any.whl (57 kB)
2025-08-11T10:55:14.5477841Z Downloading mccabe-0.7.0-py2.py3-none-any.whl (7.3 kB)
2025-08-11T10:55:14.5613481Z Downloading pycodestyle-2.14.0-py2.py3-none-any.whl (31 kB)
2025-08-11T10:55:14.5667975Z Downloading pyflakes-3.4.0-py2.py3-none-any.whl (63 kB)
2025-08-11T10:55:14.5731233Z Downloading freezegun-1.4.0-py3-none-any.whl (17 kB)
2025-08-11T10:55:14.5785223Z Downloading frozenlist-1.7.0-cp312-cp312-manylinux_2_5_x86_64.manylinux1_x86_64.manylinux_2_17_x86_64.manylinux2014_x86_64.whl (241 kB)
2025-08-11T10:55:14.5859889Z Downloading google_api_python_client-2.176.0-py3-none-any.whl (13.7 MB)
2025-08-11T10:55:14.6795400Z    ━━━━━━━━━━━━━━━━━━━━━━━━━━━━━━━━━━━━━━━━ 13.7/13.7 MB 150.1 MB/s  0:00:00
2025-08-11T10:55:14.6834693Z Downloading google_auth_httplib2-0.2.0-py2.py3-none-any.whl (9.3 kB)
2025-08-11T10:55:14.6891367Z Downloading httplib2-0.22.0-py3-none-any.whl (96 kB)
2025-08-11T10:55:14.6956402Z Downloading pyparsing-3.2.3-py3-none-any.whl (111 kB)
2025-08-11T10:55:14.7019289Z Downloading uritemplate-4.2.0-py3-none-any.whl (11 kB)
2025-08-11T10:55:14.7074808Z Downloading google_auth_oauthlib-1.2.2-py3-none-any.whl (19 kB)
2025-08-11T10:55:14.7127936Z Downloading google_cloud_core-2.4.3-py2.py3-none-any.whl (29 kB)
2025-08-11T10:55:14.7182014Z Downloading google_cloud_firestore-2.21.0-py3-none-any.whl (368 kB)
2025-08-11T10:55:14.7259326Z Downloading google_cloud_storage-3.2.0-py3-none-any.whl (176 kB)
2025-08-11T10:55:14.7323390Z Downloading google_crc32c-1.7.1-cp312-cp312-manylinux_2_17_x86_64.manylinux2014_x86_64.whl (32 kB)
2025-08-11T10:55:14.7377844Z Downloading google_resumable_media-2.7.2-py2.py3-none-any.whl (81 kB)
2025-08-11T10:55:14.7438313Z Downloading grpcio-1.74.0-cp312-cp312-manylinux_2_17_x86_64.manylinux2014_x86_64.whl (6.2 MB)
2025-08-11T10:55:14.7862886Z    ━━━━━━━━━━━━━━━━━━━━━━━━━━━━━━━━━━━━━━━━ 6.2/6.2 MB 151.2 MB/s  0:00:00
2025-08-11T10:55:14.7899136Z Downloading grpcio_status-1.74.0-py3-none-any.whl (14 kB)
2025-08-11T10:55:14.7954485Z Downloading gunicorn-23.0.0-py3-none-any.whl (85 kB)
2025-08-11T10:55:14.8009007Z Downloading hyperlink-21.0.0-py2.py3-none-any.whl (74 kB)
2025-08-11T10:55:14.8062725Z Downloading identify-2.6.12-py2.py3-none-any.whl (99 kB)
2025-08-11T10:55:14.8117193Z Downloading incremental-24.7.2-py3-none-any.whl (20 kB)
2025-08-11T10:55:14.8169307Z Downloading inflection-0.5.1-py2.py3-none-any.whl (9.5 kB)
2025-08-11T10:55:14.8221133Z Downloading iniconfig-2.1.0-py3-none-any.whl (6.0 kB)
2025-08-11T10:55:14.8273294Z Downloading isort-6.0.1-py3-none-any.whl (94 kB)
2025-08-11T10:55:14.8328425Z Downloading jsonschema-4.25.0-py3-none-any.whl (89 kB)
2025-08-11T10:55:14.8385231Z Downloading jsonschema_specifications-2025.4.1-py3-none-any.whl (18 kB)
2025-08-11T10:55:14.8449086Z Downloading mypy-1.8.0-cp312-cp312-manylinux_2_17_x86_64.manylinux2014_x86_64.whl (12.4 MB)
2025-08-11T10:55:14.9357951Z    ━━━━━━━━━━━━━━━━━━━━━━━━━━━━━━━━━━━━━━━━ 12.4/12.4 MB 138.4 MB/s  0:00:00
2025-08-11T10:55:14.9397960Z Downloading mypy_extensions-1.1.0-py3-none-any.whl (5.0 kB)
2025-08-11T10:55:14.9453074Z Downloading nodeenv-1.9.1-py2.py3-none-any.whl (22 kB)
2025-08-11T10:55:14.9508102Z Downloading oauthlib-3.3.1-py3-none-any.whl (160 kB)
2025-08-11T10:55:14.9544701Z Using cached packaging-25.0-py3-none-any.whl (66 kB)
2025-08-11T10:55:14.9580208Z Downloading pathspec-0.12.1-py3-none-any.whl (31 kB)
2025-08-11T10:55:14.9636827Z Downloading pillow-11.3.0-cp312-cp312-manylinux_2_27_x86_64.manylinux_2_28_x86_64.whl (6.6 MB)
2025-08-11T10:55:15.0139648Z    ━━━━━━━━━━━━━━━━━━━━━━━━━━━━━━━━━━━━━━━━ 6.6/6.6 MB 135.0 MB/s  0:00:00
2025-08-11T10:55:15.0178117Z Downloading platformdirs-4.3.8-py3-none-any.whl (18 kB)
2025-08-11T10:55:15.0229102Z Downloading pluggy-1.6.0-py3-none-any.whl (20 kB)
2025-08-11T10:55:15.0290385Z Downloading pre_commit-3.6.0-py2.py3-none-any.whl (204 kB)
2025-08-11T10:55:15.0354620Z Downloading prompt_toolkit-3.0.51-py3-none-any.whl (387 kB)
2025-08-11T10:55:15.0433428Z Downloading propcache-0.3.2-cp312-cp312-manylinux_2_17_x86_64.manylinux2014_x86_64.whl (224 kB)
2025-08-11T10:55:15.0516153Z Downloading psutil-6.0.0-cp36-abi3-manylinux_2_12_x86_64.manylinux2010_x86_64.manylinux_2_17_x86_64.manylinux2014_x86_64.whl (290 kB)
2025-08-11T10:55:15.0582170Z Downloading psycopg-3.2.9-py3-none-any.whl (202 kB)
2025-08-11T10:55:15.0655109Z Downloading pyasn1-0.6.1-py3-none-any.whl (83 kB)
2025-08-11T10:55:15.0710196Z Downloading pyasn1_modules-0.4.2-py3-none-any.whl (181 kB)
2025-08-11T10:55:15.0772407Z Downloading pycparser-2.22-py3-none-any.whl (117 kB)
2025-08-11T10:55:15.0830019Z Downloading pygments-2.19.2-py3-none-any.whl (1.2 MB)
2025-08-11T10:55:15.0927757Z    ━━━━━━━━━━━━━━━━━━━━━━━━━━━━━━━━━━━━━━━━ 1.2/1.2 MB 133.6 MB/s  0:00:00
2025-08-11T10:55:15.0965739Z Downloading pyopenssl-25.1.0-py3-none-any.whl (56 kB)
2025-08-11T10:55:15.1032136Z Downloading pyotp-2.9.0-py3-none-any.whl (13 kB)
2025-08-11T10:55:15.1083871Z Downloading pypng-0.20220715.0-py3-none-any.whl (58 kB)
2025-08-11T10:55:15.1145108Z Downloading pytest-8.4.1-py3-none-any.whl (365 kB)
2025-08-11T10:55:15.1226094Z Downloading pytest_cov-6.2.1-py3-none-any.whl (24 kB)
2025-08-11T10:55:15.1281356Z Downloading pytest_django-4.11.1-py3-none-any.whl (25 kB)
2025-08-11T10:55:15.1336268Z Downloading python_decouple-3.8-py3-none-any.whl (9.9 kB)
2025-08-11T10:55:15.1389811Z Downloading python_magic-0.4.27-py2.py3-none-any.whl (13 kB)
2025-08-11T10:55:15.1443776Z Downloading pytz-2025.2-py2.py3-none-any.whl (509 kB)
2025-08-11T10:55:15.1533979Z Downloading PyYAML-6.0.2-cp312-cp312-manylinux_2_17_x86_64.manylinux2014_x86_64.whl (767 kB)
2025-08-11T10:55:15.1631109Z    ━━━━━━━━━━━━━━━━━━━━━━━━━━━━━━━━━━━━━━━━ 767.5/767.5 kB 81.8 MB/s  0:00:00
2025-08-11T10:55:15.1668841Z Downloading qrcode-7.4.2-py3-none-any.whl (46 kB)
2025-08-11T10:55:15.1731961Z Downloading redis-6.2.0-py3-none-any.whl (278 kB)
2025-08-11T10:55:15.1808296Z Downloading referencing-0.36.2-py3-none-any.whl (26 kB)
2025-08-11T10:55:15.1861888Z Downloading requests_oauthlib-2.0.0-py2.py3-none-any.whl (24 kB)
2025-08-11T10:55:15.1932879Z Downloading rpds_py-0.26.0-cp312-cp312-manylinux_2_17_x86_64.manylinux2014_x86_64.whl (386 kB)
2025-08-11T10:55:15.2014333Z Downloading sentry_sdk-1.40.6-py2.py3-none-any.whl (258 kB)
2025-08-11T10:55:15.2084638Z Downloading service_identity-24.2.0-py3-none-any.whl (11 kB)
2025-08-11T10:55:15.2113466Z Using cached setuptools-80.9.0-py3-none-any.whl (1.2 MB)
2025-08-11T10:55:15.2158276Z Downloading six-1.17.0-py2.py3-none-any.whl (11 kB)
2025-08-11T10:55:15.2238146Z Downloading sqlparse-0.5.3-py3-none-any.whl (44 kB)
2025-08-11T10:55:15.2305279Z Downloading stripe-12.3.0-py2.py3-none-any.whl (1.6 MB)
2025-08-11T10:55:15.2460866Z    ━━━━━━━━━━━━━━━━━━━━━━━━━━━━━━━━━━━━━━━━ 1.6/1.6 MB 107.7 MB/s  0:00:00
2025-08-11T10:55:15.2518840Z Downloading twisted-25.5.0-py3-none-any.whl (3.2 MB)
2025-08-11T10:55:15.2775691Z    ━━━━━━━━━━━━━━━━━━━━━━━━━━━━━━━━━━━━━━━━ 3.2/3.2 MB 131.3 MB/s  0:00:00
2025-08-11T10:55:15.2813491Z Downloading txaio-25.6.1-py2.py3-none-any.whl (31 kB)
2025-08-11T10:55:15.2867221Z Downloading typing_extensions-4.14.1-py3-none-any.whl (43 kB)
2025-08-11T10:55:15.2925622Z Downloading tzdata-2025.2-py2.py3-none-any.whl (347 kB)
2025-08-11T10:55:15.3000515Z Downloading virtualenv-20.33.0-py3-none-any.whl (6.1 MB)
2025-08-11T10:55:15.3421818Z    ━━━━━━━━━━━━━━━━━━━━━━━━━━━━━━━━━━━━━━━━ 6.1/6.1 MB 148.6 MB/s  0:00:00
2025-08-11T10:55:15.3458714Z Downloading wcwidth-0.2.13-py2.py3-none-any.whl (34 kB)
2025-08-11T10:55:15.3520932Z Downloading whitenoise-6.9.0-py3-none-any.whl (20 kB)
2025-08-11T10:55:15.3636852Z Downloading zope.interface-7.2-cp312-cp312-manylinux_2_5_x86_64.manylinux1_x86_64.manylinux_2_17_x86_64.manylinux2014_x86_64.whl (264 kB)
2025-08-11T10:55:15.3712386Z Downloading webencodings-0.5.1-py2.py3-none-any.whl (11 kB)
2025-08-11T10:55:15.5970301Z Building wheels for collected packages: django-allauth
2025-08-11T10:55:15.5979186Z   Building wheel for django-allauth (pyproject.toml): started
2025-08-11T10:55:16.9701333Z   Building wheel for django-allauth (pyproject.toml): finished with status 'done'
2025-08-11T10:55:16.9720742Z   Created wheel for django-allauth: filename=django_allauth-65.10.0-py3-none-any.whl size=1700458 sha256=76f0f9f117e3dcdbf74fe3c2bef0b5cb9b9594724809174df8dd69e050f1d92e
2025-08-11T10:55:16.9722290Z   Stored in directory: /home/runner/.cache/pip/wheels/0a/b9/ee/fa3d0e28776609bba779492a17e53f46cc519ebeef62af673e
2025-08-11T10:55:16.9794008Z Successfully built django-allauth
2025-08-11T10:55:17.2608063Z Installing collected packages: webencodings, wcwidth, pytz, python-decouple, pypng, distlib, whitenoise, vine, urllib3, uritemplate, tzdata, typing_extensions, txaio, sqlparse, six, setuptools, rpds-py, redis, PyYAML, python-magic, pyparsing, pyotp, PyJWT, Pygments, pyflakes, pycparser, pycodestyle, pyasn1, psutil, protobuf, propcache, prompt_toolkit, pluggy, platformdirs, pillow, pathspec, packaging, oauthlib, nodeenv, mypy_extensions, multidict, msgpack, mccabe, jmespath, isort, iniconfig, inflection, idna, identify, grpcio, google-crc32c, frozenlist, filelock, django-environ, coverage, constantly, click, charset-normalizer, cfgv, certifi, cachetools, billiard, Automat, attrs, asgiref, aiohappyeyeballs, zope.interface, yarl, virtualenv, sentry-sdk, rsa, requests, referencing, qrcode, python-dateutil, pytest, pyasn1_modules, psycopg, proto-plus, mypy, incremental, hyperlink, httplib2, gunicorn, googleapis-common-protos, google-resumable-media, flake8, Faker, Django, click-repl, click-plugins, click-didyoumean, cffi, bleach, black, amqp, aiosignal, Twisted, stripe, requests-oauthlib, pytest-django, pytest-cov, pre-commit, kombu, jsonschema-specifications, grpcio-status, google-auth, freezegun, factory-boy, djangorestframework, django-redis, django-filter, django-extensions, django-debug-toolbar, django-cors-headers, django-allauth, dj-database-url, cryptography, channels, CacheControl, botocore, aiohttp, service-identity, s3transfer, pyOpenSSL, jsonschema, google-auth-oauthlib, google-auth-httplib2, google-api-core, djangorestframework_simplejwt, channels_redis, celery, autobahn, google-cloud-core, google-api-python-client, drf-spectacular, boto3, google-cloud-storage, google-cloud-firestore, daphne, firebase-admin
2025-08-11T10:55:35.7322037Z 
2025-08-11T10:55:35.7450594Z Successfully installed Automat-25.4.16 CacheControl-0.14.3 Django-5.0.14 Faker-37.4.2 PyJWT-2.9.0 PyYAML-6.0.2 Pygments-2.19.2 Twisted-25.5.0 aiohappyeyeballs-2.6.1 aiohttp-3.12.15 aiosignal-1.4.0 amqp-5.3.1 asgiref-3.9.1 attrs-25.3.0 autobahn-24.4.2 billiard-4.2.1 black-25.1.0 bleach-6.1.0 boto3-1.39.9 botocore-1.39.9 cachetools-5.5.2 celery-5.5.3 certifi-2025.7.14 cffi-1.17.1 cfgv-3.4.0 channels-4.2.2 channels_redis-4.2.1 charset-normalizer-3.4.2 click-8.2.1 click-didyoumean-0.3.1 click-plugins-1.1.1.2 click-repl-0.3.0 constantly-23.10.4 coverage-7.9.2 cryptography-45.0.5 daphne-4.0.0 distlib-0.4.0 dj-database-url-3.0.1 django-allauth-65.10.0 django-cors-headers-4.7.0 django-debug-toolbar-5.2.0 django-environ-0.12.0 django-extensions-4.1 django-filter-25.1 django-redis-6.0.0 djangorestframework-3.16.0 djangorestframework_simplejwt-5.5.0 drf-spectacular-0.28.0 factory-boy-3.3.0 filelock-3.18.0 firebase-admin-6.5.0 flake8-7.3.0 freezegun-1.4.0 frozenlist-1.7.0 google-api-core-2.25.1 google-api-python-client-2.176.0 google-auth-2.40.3 google-auth-httplib2-0.2.0 google-auth-oauthlib-1.2.2 google-cloud-core-2.4.3 google-cloud-firestore-2.21.0 google-cloud-storage-3.2.0 google-crc32c-1.7.1 google-resumable-media-2.7.2 googleapis-common-protos-1.70.0 grpcio-1.74.0 grpcio-status-1.74.0 gunicorn-23.0.0 httplib2-0.22.0 hyperlink-21.0.0 identify-2.6.12 idna-3.10 incremental-24.7.2 inflection-0.5.1 iniconfig-2.1.0 isort-6.0.1 jmespath-1.0.1 jsonschema-4.25.0 jsonschema-specifications-2025.4.1 kombu-5.5.4 mccabe-0.7.0 msgpack-1.1.1 multidict-6.6.3 mypy-1.8.0 mypy_extensions-1.1.0 nodeenv-1.9.1 oauthlib-3.3.1 packaging-25.0 pathspec-0.12.1 pillow-11.3.0 platformdirs-4.3.8 pluggy-1.6.0 pre-commit-3.6.0 prompt_toolkit-3.0.51 propcache-0.3.2 proto-plus-1.26.1 protobuf-6.31.1 psutil-6.0.0 psycopg-3.2.9 pyOpenSSL-25.1.0 pyasn1-0.6.1 pyasn1_modules-0.4.2 pycodestyle-2.14.0 pycparser-2.22 pyflakes-3.4.0 pyotp-2.9.0 pyparsing-3.2.3 pypng-0.20220715.0 pytest-8.4.1 pytest-cov-6.2.1 pytest-django-4.11.1 python-dateutil-2.9.0.post0 python-decouple-3.8 python-magic-0.4.27 pytz-2025.2 qrcode-7.4.2 redis-6.2.0 referencing-0.36.2 requests-2.32.4 requests-oauthlib-2.0.0 rpds-py-0.26.0 rsa-4.9.1 s3transfer-0.13.1 sentry-sdk-1.40.6 service-identity-24.2.0 setuptools-80.9.0 six-1.17.0 sqlparse-0.5.3 stripe-12.3.0 txaio-25.6.1 typing_extensions-4.14.1 tzdata-2025.2 uritemplate-4.2.0 urllib3-2.5.0 vine-5.1.0 virtualenv-20.33.0 wcwidth-0.2.13 webencodings-0.5.1 whitenoise-6.9.0 yarl-1.20.1 zope.interface-7.2
2025-08-11T10:55:37.5589342Z Requirement already satisfied: coverage in /opt/hostedtoolcache/Python/3.12.11/x64/lib/python3.12/site-packages (7.9.2)
2025-08-11T10:55:37.5593210Z Requirement already satisfied: pytest-django in /opt/hostedtoolcache/Python/3.12.11/x64/lib/python3.12/site-packages (4.11.1)
2025-08-11T10:55:37.5612738Z Requirement already satisfied: pytest>=7.0.0 in /opt/hostedtoolcache/Python/3.12.11/x64/lib/python3.12/site-packages (from pytest-django) (8.4.1)
2025-08-11T10:55:37.5629287Z Requirement already satisfied: iniconfig>=1 in /opt/hostedtoolcache/Python/3.12.11/x64/lib/python3.12/site-packages (from pytest>=7.0.0->pytest-django) (2.1.0)
2025-08-11T10:55:37.5634444Z Requirement already satisfied: packaging>=20 in /opt/hostedtoolcache/Python/3.12.11/x64/lib/python3.12/site-packages (from pytest>=7.0.0->pytest-django) (25.0)
2025-08-11T10:55:37.5639803Z Requirement already satisfied: pluggy<2,>=1.5 in /opt/hostedtoolcache/Python/3.12.11/x64/lib/python3.12/site-packages (from pytest>=7.0.0->pytest-django) (1.6.0)
2025-08-11T10:55:37.5644805Z Requirement already satisfied: pygments>=2.7.2 in /opt/hostedtoolcache/Python/3.12.11/x64/lib/python3.12/site-packages (from pytest>=7.0.0->pytest-django) (2.19.2)
2025-08-11T10:55:37.8328814Z ##[debug]Finishing: Install dependencies
2025-08-11T10:55:37.8336045Z ##[debug]Evaluating condition for step: 'Create test environment file'
2025-08-11T10:55:37.8338250Z ##[debug]Evaluating: success()
2025-08-11T10:55:37.8338597Z ##[debug]Evaluating success:
2025-08-11T10:55:37.8339032Z ##[debug]=> true
2025-08-11T10:55:37.8339363Z ##[debug]Result: true
2025-08-11T10:55:37.8339902Z ##[debug]Starting: Create test environment file
2025-08-11T10:55:37.8347100Z ##[debug]Loading inputs
2025-08-11T10:55:37.8347902Z ##[debug]Loading env
2025-08-11T10:55:37.8352139Z ##[group]Run cat > .env << EOF
2025-08-11T10:55:37.8352410Z [36;1mcat > .env << EOF[0m
2025-08-11T10:55:37.8352699Z [36;1mDJANGO_SETTINGS_MODULE=watchparty.settings.testing[0m
2025-08-11T10:55:37.8353067Z [36;1mSECRET_KEY=test-secret-key-for-github-actions[0m
2025-08-11T10:55:37.8353349Z [36;1mDEBUG=True[0m
2025-08-11T10:55:37.8353844Z [36;1mDATABASE_URL=***localhost:5432/watchparty[0m
2025-08-11T10:55:37.8354155Z [36;1mREDIS_URL=redis://localhost:6379/0[0m
2025-08-11T10:55:37.8354460Z [36;1mUSE_MIGRATIONS=true[0m
2025-08-11T10:55:37.8354715Z [36;1mALLOWED_HOSTS=localhost,127.0.0.1,testserver[0m
2025-08-11T10:55:37.8355103Z [36;1mCORS_ALLOWED_ORIGINS=http://localhost:3000,http://127.0.0.1:3000[0m
2025-08-11T10:55:37.8355571Z [36;1mEMAIL_BACKEND=django.core.mail.backends.console.EmailBackend[0m
2025-08-11T10:55:37.8355908Z [36;1mEOF[0m
2025-08-11T10:55:37.8396164Z shell: /usr/bin/bash -e {0}
2025-08-11T10:55:37.8396388Z env:
2025-08-11T10:55:37.8396559Z   PYTHON_VERSION: 3.12
2025-08-11T10:55:37.8396919Z   NODE_VERSION: 18
2025-08-11T10:55:37.8397173Z   pythonLocation: /opt/hostedtoolcache/Python/3.12.11/x64
2025-08-11T10:55:37.8397586Z   PKG_CONFIG_PATH: /opt/hostedtoolcache/Python/3.12.11/x64/lib/pkgconfig
2025-08-11T10:55:37.8397975Z   Python_ROOT_DIR: /opt/hostedtoolcache/Python/3.12.11/x64
2025-08-11T10:55:37.8398324Z   Python2_ROOT_DIR: /opt/hostedtoolcache/Python/3.12.11/x64
2025-08-11T10:55:37.8398677Z   Python3_ROOT_DIR: /opt/hostedtoolcache/Python/3.12.11/x64
2025-08-11T10:55:37.8399035Z   LD_LIBRARY_PATH: /opt/hostedtoolcache/Python/3.12.11/x64/lib
2025-08-11T10:55:37.8399318Z ##[endgroup]
2025-08-11T10:55:37.8438651Z ##[debug]/usr/bin/bash -e /home/runner/work/_temp/0f21586d-ed88-4bb5-9810-c26984f98e1e.sh
2025-08-11T10:55:37.8474734Z ##[debug]Finishing: Create test environment file
2025-08-11T10:55:37.8480404Z ##[debug]Evaluating condition for step: 'Wait for PostgreSQL to be ready'
2025-08-11T10:55:37.8481428Z ##[debug]Evaluating: success()
2025-08-11T10:55:37.8482155Z ##[debug]Evaluating success:
2025-08-11T10:55:37.8482598Z ##[debug]=> true
2025-08-11T10:55:37.8482950Z ##[debug]Result: true
2025-08-11T10:55:37.8483424Z ##[debug]Starting: Wait for PostgreSQL to be ready
2025-08-11T10:55:37.8489407Z ##[debug]Loading inputs
2025-08-11T10:55:37.8490080Z ##[debug]Loading env
2025-08-11T10:55:37.8493677Z ##[group]Run # Wait for PostgreSQL to be ready
2025-08-11T10:55:37.8493985Z [36;1m# Wait for PostgreSQL to be ready[0m
2025-08-11T10:55:37.8494298Z [36;1muntil pg_isready -h localhost -p 5432 -U postgres; do[0m
2025-08-11T10:55:37.8494628Z [36;1m  echo "Waiting for PostgreSQL..."[0m
2025-08-11T10:55:37.8494870Z [36;1m  sleep 2[0m
2025-08-11T10:55:37.8495047Z [36;1mdone[0m
2025-08-11T10:55:37.8530928Z shell: /usr/bin/bash -e {0}
2025-08-11T10:55:37.8531142Z env:
2025-08-11T10:55:37.8531331Z   PYTHON_VERSION: 3.12
2025-08-11T10:55:37.8531762Z   NODE_VERSION: 18
2025-08-11T10:55:37.8532021Z   pythonLocation: /opt/hostedtoolcache/Python/3.12.11/x64
2025-08-11T10:55:37.8532418Z   PKG_CONFIG_PATH: /opt/hostedtoolcache/Python/3.12.11/x64/lib/pkgconfig
2025-08-11T10:55:37.8532804Z   Python_ROOT_DIR: /opt/hostedtoolcache/Python/3.12.11/x64
2025-08-11T10:55:37.8533141Z   Python2_ROOT_DIR: /opt/hostedtoolcache/Python/3.12.11/x64
2025-08-11T10:55:37.8533466Z   Python3_ROOT_DIR: /opt/hostedtoolcache/Python/3.12.11/x64
2025-08-11T10:55:37.8533800Z   LD_LIBRARY_PATH: /opt/hostedtoolcache/Python/3.12.11/x64/lib
2025-08-11T10:55:37.8534071Z ##[endgroup]
2025-08-11T10:55:37.8573148Z ##[debug]/usr/bin/bash -e /home/runner/work/_temp/b8a52de3-4ecc-45e2-804e-dfb8eaa829be.sh
2025-08-11T10:55:37.9176657Z localhost:5432 - accepting connections
2025-08-11T10:55:37.9186364Z ##[debug]Finishing: Wait for PostgreSQL to be ready
2025-08-11T10:55:37.9195789Z ##[debug]Evaluating condition for step: 'Run tests with coverage'
2025-08-11T10:55:37.9196967Z ##[debug]Evaluating: success()
2025-08-11T10:55:37.9197283Z ##[debug]Evaluating success:
2025-08-11T10:55:37.9197633Z ##[debug]=> true
2025-08-11T10:55:37.9197946Z ##[debug]Result: true
2025-08-11T10:55:37.9198406Z ##[debug]Starting: Run tests with coverage
2025-08-11T10:55:37.9205188Z ##[debug]Loading inputs
2025-08-11T10:55:37.9205880Z ##[debug]Loading env
2025-08-11T10:55:37.9209478Z ##[group]Run coverage run --source='.' manage.py test --settings=watchparty.settings.testing --verbosity=2
2025-08-11T10:55:37.9210113Z [36;1mcoverage run --source='.' manage.py test --settings=watchparty.settings.testing --verbosity=2[0m
2025-08-11T10:55:37.9210522Z [36;1mcoverage xml[0m
2025-08-11T10:55:37.9250897Z shell: /usr/bin/bash -e {0}
2025-08-11T10:55:37.9251113Z env:
2025-08-11T10:55:37.9251271Z   PYTHON_VERSION: 3.12
2025-08-11T10:55:37.9251665Z   NODE_VERSION: 18
2025-08-11T10:55:37.9251962Z   pythonLocation: /opt/hostedtoolcache/Python/3.12.11/x64
2025-08-11T10:55:37.9252354Z   PKG_CONFIG_PATH: /opt/hostedtoolcache/Python/3.12.11/x64/lib/pkgconfig
2025-08-11T10:55:37.9252738Z   Python_ROOT_DIR: /opt/hostedtoolcache/Python/3.12.11/x64
2025-08-11T10:55:37.9253236Z   Python2_ROOT_DIR: /opt/hostedtoolcache/Python/3.12.11/x64
2025-08-11T10:55:37.9253573Z   Python3_ROOT_DIR: /opt/hostedtoolcache/Python/3.12.11/x64
2025-08-11T10:55:37.9253914Z   LD_LIBRARY_PATH: /opt/hostedtoolcache/Python/3.12.11/x64/lib
2025-08-11T10:55:37.9254237Z   DJANGO_SETTINGS_MODULE: watchparty.settings.testing
2025-08-11T10:55:37.9254545Z   SECRET_KEY: test-secret-key-for-github-actions
2025-08-11T10:55:37.9254793Z   DEBUG: true
2025-08-11T10:55:37.9255206Z   DATABASE_URL: ***localhost:5432/watchparty
2025-08-11T10:55:37.9255487Z   REDIS_URL: redis://localhost:6379/0
2025-08-11T10:55:37.9255728Z   USE_MIGRATIONS: true
2025-08-11T10:55:37.9255947Z   ALLOWED_HOSTS: localhost,127.0.0.1,testserver
2025-08-11T10:55:37.9256289Z   CORS_ALLOWED_ORIGINS: http://localhost:3000,http://127.0.0.1:3000
2025-08-11T10:55:37.9256683Z   EMAIL_BACKEND: django.core.mail.backends.console.EmailBackend
2025-08-11T10:55:37.9256990Z ##[endgroup]
2025-08-11T10:55:37.9296534Z ##[debug]/usr/bin/bash -e /home/runner/work/_temp/758651ef-54aa-4668-a45d-383a0982fdd9.sh
2025-08-11T10:55:41.2398879Z Creating test database for alias 'default' ('test_watchparty')...
2025-08-11T10:55:41.4404603Z Found 46 test(s).
2025-08-11T10:55:41.4405050Z Operations to perform:
2025-08-11T10:55:41.4406357Z   Synchronize unmigrated apps: admin_panel, channels, core, corsheaders, django_extensions, django_filters, drf_spectacular, messages, rest_framework, rest_framework_simplejwt, services, staticfiles
2025-08-11T10:55:41.4408863Z   Apply all migrations: admin, analytics, auth, authentication, billing, chat, contenttypes, events, integrations, interactive, messaging, mobile, moderation, notifications, parties, sessions, social, store, support, token_blacklist, users, videos
2025-08-11T10:55:41.4410609Z Synchronizing apps without migrations:
2025-08-11T10:55:41.4411047Z   Creating tables...
2025-08-11T10:55:41.4411385Z     Running deferred SQL...
2025-08-11T10:55:41.4411959Z Running migrations:
2025-08-11T10:55:41.4495469Z   Applying contenttypes.0001_initial... OK
2025-08-11T10:55:41.4555266Z   Applying contenttypes.0002_remove_content_type_name... OK
2025-08-11T10:55:41.4837786Z   Applying auth.0001_initial... OK
2025-08-11T10:55:41.4897128Z   Applying auth.0002_alter_permission_name_max_length... OK
2025-08-11T10:55:41.4964729Z   Applying auth.0003_alter_user_email_max_length... OK
2025-08-11T10:55:41.5026116Z   Applying auth.0004_alter_user_username_opts... OK
2025-08-11T10:55:41.5097876Z   Applying auth.0005_alter_user_last_login_null... OK
2025-08-11T10:55:41.5112153Z   Applying auth.0006_require_contenttypes_0002... OK
2025-08-11T10:55:41.5174167Z   Applying auth.0007_alter_validators_add_error_messages... OK
2025-08-11T10:55:41.5235791Z   Applying auth.0008_alter_user_username_max_length... OK
2025-08-11T10:55:41.5348974Z   Applying auth.0009_alter_user_last_name_max_length... OK
2025-08-11T10:55:41.5411715Z   Applying auth.0010_alter_group_name_max_length... OK
2025-08-11T10:55:41.5481821Z   Applying auth.0011_update_proxy_permissions... OK
2025-08-11T10:55:41.5539454Z   Applying auth.0012_alter_user_first_name_max_length... OK
2025-08-11T10:55:41.6372859Z   Applying authentication.0001_initial... OK
2025-08-11T10:55:41.6576153Z   Applying admin.0001_initial... OK
2025-08-11T10:55:41.7021932Z   Applying admin.0002_logentry_remove_auto_add... OK
2025-08-11T10:55:41.7146895Z   Applying admin.0003_logentry_add_action_flag_choices... OK
2025-08-11T10:55:41.8257260Z   Applying videos.0001_initial... OK
2025-08-11T10:55:41.8830538Z   Applying videos.0002_video_gdrive_download_url_video_gdrive_file_id_and_more... OK
2025-08-11T10:55:42.0316836Z   Applying parties.0001_initial... OK
2025-08-11T10:55:42.1401874Z   Applying parties.0002_watchparty_gdrive_file_id_watchparty_movie_duration_and_more... OK
2025-08-11T10:55:42.2949812Z   Applying analytics.0001_initial... OK
2025-08-11T10:55:43.2502953Z   Applying analytics.0002_usersession_watchtime_and_more... OK
2025-08-11T10:55:43.3789407Z   Applying authentication.0002_userprofile_google_drive_connected_and_more... OK
2025-08-11T10:55:43.4406812Z   Applying authentication.0003_update_user_model_manager... OK
2025-08-11T10:55:43.5844561Z   Applying authentication.0004_twofactorauth_usersession... OK
2025-08-11T10:55:43.6885142Z   Applying authentication.0005_add_social_auth_fields... OK
2025-08-11T10:55:43.9241420Z   Applying authentication.0006_user_experience_points_user_is_online_and_more... OK
2025-08-11T10:55:44.1923127Z   Applying billing.0001_initial... OK
2025-08-11T10:55:45.0277223Z   Applying billing.0002_update_billing_models... OK
2025-08-11T10:55:45.6633234Z   Applying chat.0001_initial... OK
2025-08-11T10:55:46.6589989Z   Applying events.0001_initial... OK
2025-08-11T10:55:46.8220605Z   Applying integrations.0001_initial... OK
2025-08-11T10:55:48.8543034Z   Applying interactive.0001_initial... OK
2025-08-11T10:55:49.6595346Z   Applying messaging.0001_initial... OK
2025-08-11T10:55:50.3618639Z   Applying mobile.0001_initial... OK
2025-08-11T10:55:51.8424355Z   Applying videos.0003_videoprocessing_videostreamingurl_and_more... OK
2025-08-11T10:55:52.3873523Z   Applying parties.0003_watchparty_allow_join_by_code_and_more... OK
2025-08-11T10:55:52.9350216Z   Applying moderation.0001_initial... OK
2025-08-11T10:55:54.0757692Z   Applying notifications.0001_initial... OK
2025-08-11T10:55:54.2993296Z   Applying notifications.0002_notificationchannel_pushsubscription... OK
2025-08-11T10:55:55.1292409Z   Applying parties.0004_watchparty_allow_public_search_and_more... OK
2025-08-11T10:55:55.1383065Z   Applying sessions.0001_initial... OK
2025-08-11T10:55:56.4175316Z   Applying social.0001_initial... OK
2025-08-11T10:55:57.1533843Z   Applying store.0001_initial... OK
2025-08-11T10:55:58.7250088Z   Applying support.0001_initial... OK
2025-08-11T10:55:59.0059590Z   Applying token_blacklist.0001_initial... OK
2025-08-11T10:55:59.1893094Z   Applying token_blacklist.0002_outstandingtoken_jti_hex... OK
2025-08-11T10:55:59.3275558Z   Applying token_blacklist.0003_auto_20171017_2007... OK
2025-08-11T10:55:59.4395362Z   Applying token_blacklist.0004_auto_20171017_2013... OK
2025-08-11T10:55:59.5470827Z   Applying token_blacklist.0005_remove_outstandingtoken_jti... OK
2025-08-11T10:55:59.6549080Z   Applying token_blacklist.0006_auto_20171017_2113... OK
2025-08-11T10:55:59.9024743Z   Applying token_blacklist.0007_auto_20171017_2214... OK
2025-08-11T10:56:00.1490708Z   Applying token_blacklist.0008_migrate_to_bigautofield... OK
2025-08-11T10:56:00.2936051Z   Applying token_blacklist.0010_fix_migrate_to_bigautofield... OK
2025-08-11T10:56:00.2949539Z   Applying token_blacklist.0011_linearizes_history... OK
2025-08-11T10:56:00.4309748Z   Applying token_blacklist.0012_alter_outstandingtoken_user... OK
2025-08-11T10:56:01.6604775Z   Applying users.0001_initial... OK
2025-08-11T10:56:04.4760976Z System check identified some issues:
2025-08-11T10:56:04.4761368Z 
2025-08-11T10:56:04.4761691Z WARNINGS:
2025-08-11T10:56:04.4762538Z ?: (staticfiles.W004) The directory '/home/runner/work/watch-party-backend/watch-party-backend/static' in the STATICFILES_DIRS setting does not exist.
2025-08-11T10:56:04.4763503Z 
2025-08-11T10:56:04.4763668Z System check identified 1 issue (0 silenced).
2025-08-11T10:56:04.4767273Z tests.test_performance (unittest.loader._FailedTest.tests.test_performance) ... ERROR
2025-08-11T10:56:04.4778537Z test_user_login (apps.authentication.tests.AuthenticationAPITest.test_user_login)
2025-08-11T10:56:04.5301111Z Test user login ... ERROR
2025-08-11T10:56:04.5321735Z test_user_login_invalid_credentials (apps.authentication.tests.AuthenticationAPITest.test_user_login_invalid_credentials)
2025-08-11T10:56:04.5384959Z Test login with invalid credentials ... /opt/hostedtoolcache/Python/3.12.11/x64/lib/python3.12/site-packages/django/core/handlers/base.py:61: UserWarning: No directory at: /home/runner/work/watch-party-backend/watch-party-backend/test_static/
2025-08-11T10:56:04.5386297Z   mw_instance = middleware(adapted_handler)
2025-08-11T10:56:04.5464756Z Internal Server Error: /api/auth/login/
2025-08-11T10:56:04.5465804Z Traceback (most recent call last):
2025-08-11T10:56:04.5474146Z   File "/opt/hostedtoolcache/Python/3.12.11/x64/lib/python3.12/site-packages/asgiref/local.py", line 19, in __getattr__
2025-08-11T10:56:04.5475005Z     return storage_object[key]
2025-08-11T10:56:04.5475319Z            ~~~~~~~~~~~~~~^^^^^
2025-08-11T10:56:04.5475581Z KeyError: 'sessions'
2025-08-11T10:56:04.5475735Z 
2025-08-11T10:56:04.5475954Z During handling of the above exception, another exception occurred:
2025-08-11T10:56:04.5476281Z 
2025-08-11T10:56:04.5476400Z Traceback (most recent call last):
2025-08-11T10:56:04.5477158Z   File "/opt/hostedtoolcache/Python/3.12.11/x64/lib/python3.12/site-packages/django/utils/connection.py", line 58, in __getitem__
2025-08-11T10:56:04.5477902Z     return getattr(self._connections, alias)
2025-08-11T10:56:04.5478222Z            ^^^^^^^^^^^^^^^^^^^^^^^^^^^^^^^^^
2025-08-11T10:56:04.5478884Z   File "/opt/hostedtoolcache/Python/3.12.11/x64/lib/python3.12/site-packages/asgiref/local.py", line 121, in __getattr__
2025-08-11T10:56:04.5479545Z     return getattr(storage, key)
2025-08-11T10:56:04.5479815Z            ^^^^^^^^^^^^^^^^^^^^^
2025-08-11T10:56:04.5480439Z   File "/opt/hostedtoolcache/Python/3.12.11/x64/lib/python3.12/site-packages/asgiref/local.py", line 21, in __getattr__
2025-08-11T10:56:04.5481232Z     raise AttributeError(f"{self!r} object has no attribute {key!r}")
2025-08-11T10:56:04.5482153Z AttributeError: <asgiref.local._CVar object at 0x7fd1e015bc50> object has no attribute 'sessions'
2025-08-11T10:56:04.5482600Z 
2025-08-11T10:56:04.5482812Z During handling of the above exception, another exception occurred:
2025-08-11T10:56:04.5483129Z 
2025-08-11T10:56:04.5483239Z Traceback (most recent call last):
2025-08-11T10:56:04.5483977Z   File "/opt/hostedtoolcache/Python/3.12.11/x64/lib/python3.12/site-packages/django/core/handlers/exception.py", line 55, in inner
2025-08-11T10:56:04.5484687Z     response = get_response(request)
2025-08-11T10:56:04.5484972Z                ^^^^^^^^^^^^^^^^^^^^^
2025-08-11T10:56:04.5485652Z   File "/opt/hostedtoolcache/Python/3.12.11/x64/lib/python3.12/site-packages/django/utils/deprecation.py", line 133, in __call__
2025-08-11T10:56:04.5486239Z     response = self.process_request(request)
2025-08-11T10:56:04.5486485Z                ^^^^^^^^^^^^^^^^^^^^^^^^^^^^^
2025-08-11T10:56:04.5487102Z   File "/opt/hostedtoolcache/Python/3.12.11/x64/lib/python3.12/site-packages/django/contrib/sessions/middleware.py", line 20, in process_request
2025-08-11T10:56:04.5487727Z     request.session = self.SessionStore(session_key)
2025-08-11T10:56:04.5487999Z                       ^^^^^^^^^^^^^^^^^^^^^^^^^^^^^^
2025-08-11T10:56:04.5488782Z   File "/opt/hostedtoolcache/Python/3.12.11/x64/lib/python3.12/site-packages/django/contrib/sessions/backends/cache.py", line 16, in __init__
2025-08-11T10:56:04.5489391Z     self._cache = caches[settings.SESSION_CACHE_ALIAS]
2025-08-11T10:56:04.5489656Z                   ~~~~~~^^^^^^^^^^^^^^^^^^^^^^^^^^^^^^
2025-08-11T10:56:04.5490201Z   File "/opt/hostedtoolcache/Python/3.12.11/x64/lib/python3.12/site-packages/django/utils/connection.py", line 61, in __getitem__
2025-08-11T10:56:04.5490877Z     raise self.exception_class(f"The connection '{alias}' doesn't exist.")
2025-08-11T10:56:04.5491429Z django.core.cache.backends.base.InvalidCacheBackendError: The connection 'sessions' doesn't exist.
2025-08-11T10:56:04.5525241Z ERROR
2025-08-11T10:56:04.5528031Z test_user_logout (apps.authentication.tests.AuthenticationAPITest.test_user_logout)
2025-08-11T10:56:04.5535170Z Test user logout ... ERROR
2025-08-11T10:56:04.5537766Z test_user_registration (apps.authentication.tests.AuthenticationAPITest.test_user_registration)
2025-08-11T10:56:04.5578451Z Test user registration ... Internal Server Error: /api/auth/register/
2025-08-11T10:56:04.5579114Z Traceback (most recent call last):
2025-08-11T10:56:04.5580135Z   File "/opt/hostedtoolcache/Python/3.12.11/x64/lib/python3.12/site-packages/asgiref/local.py", line 19, in __getattr__
2025-08-11T10:56:04.5581065Z     return storage_object[key]
2025-08-11T10:56:04.5581949Z            ~~~~~~~~~~~~~~^^^^^
2025-08-11T10:56:04.5582320Z KeyError: 'sessions'
2025-08-11T10:56:04.5582531Z 
2025-08-11T10:56:04.5582829Z During handling of the above exception, another exception occurred:
2025-08-11T10:56:04.5583283Z 
2025-08-11T10:56:04.5583432Z Traceback (most recent call last):
2025-08-11T10:56:04.5584478Z   File "/opt/hostedtoolcache/Python/3.12.11/x64/lib/python3.12/site-packages/django/utils/connection.py", line 58, in __getitem__
2025-08-11T10:56:04.5585507Z     return getattr(self._connections, alias)
2025-08-11T10:56:04.5585949Z            ^^^^^^^^^^^^^^^^^^^^^^^^^^^^^^^^^
2025-08-11T10:56:04.5586892Z   File "/opt/hostedtoolcache/Python/3.12.11/x64/lib/python3.12/site-packages/asgiref/local.py", line 121, in __getattr__
2025-08-11T10:56:04.5587808Z     return getattr(storage, key)
2025-08-11T10:56:04.5588189Z            ^^^^^^^^^^^^^^^^^^^^^
2025-08-11T10:56:04.5589054Z   File "/opt/hostedtoolcache/Python/3.12.11/x64/lib/python3.12/site-packages/asgiref/local.py", line 21, in __getattr__
2025-08-11T10:56:04.5590159Z     raise AttributeError(f"{self!r} object has no attribute {key!r}")
2025-08-11T10:56:04.5591060Z AttributeError: <asgiref.local._CVar object at 0x7fd1e015bc50> object has no attribute 'sessions'
2025-08-11T10:56:04.5592007Z 
2025-08-11T10:56:04.5592302Z During handling of the above exception, another exception occurred:
2025-08-11T10:56:04.5592757Z 
2025-08-11T10:56:04.5592907Z Traceback (most recent call last):
2025-08-11T10:56:04.5593905Z   File "/opt/hostedtoolcache/Python/3.12.11/x64/lib/python3.12/site-packages/django/core/handlers/exception.py", line 55, in inner
2025-08-11T10:56:04.5594881Z     response = get_response(request)
2025-08-11T10:56:04.5595289Z                ^^^^^^^^^^^^^^^^^^^^^
2025-08-11T10:56:04.5596242Z   File "/opt/hostedtoolcache/Python/3.12.11/x64/lib/python3.12/site-packages/django/utils/deprecation.py", line 133, in __call__
2025-08-11T10:56:04.5597219Z     response = self.process_request(request)
2025-08-11T10:56:04.5597664Z                ^^^^^^^^^^^^^^^^^^^^^^^^^^^^^
2025-08-11T10:56:04.5598747Z   File "/opt/hostedtoolcache/Python/3.12.11/x64/lib/python3.12/site-packages/django/contrib/sessions/middleware.py", line 20, in process_request
2025-08-11T10:56:04.5599894Z     request.session = self.SessionStore(session_key)
2025-08-11T10:56:04.5600381Z                       ^^^^^^^^^^^^^^^^^^^^^^^^^^^^^^
2025-08-11T10:56:04.5601636Z   File "/opt/hostedtoolcache/Python/3.12.11/x64/lib/python3.12/site-packages/django/contrib/sessions/backends/cache.py", line 16, in __init__
2025-08-11T10:56:04.5602774Z     self._cache = caches[settings.SESSION_CACHE_ALIAS]
2025-08-11T10:56:04.5603464Z                   ~~~~~~^^^^^^^^^^^^^^^^^^^^^^^^^^^^^^
2025-08-11T10:56:04.5604591Z   File "/opt/hostedtoolcache/Python/3.12.11/x64/lib/python3.12/site-packages/django/utils/connection.py", line 61, in __getitem__
2025-08-11T10:56:04.5605857Z     raise self.exception_class(f"The connection '{alias}' doesn't exist.")
2025-08-11T10:56:04.5606901Z django.core.cache.backends.base.InvalidCacheBackendError: The connection 'sessions' doesn't exist.
2025-08-11T10:56:04.5613047Z ERROR
2025-08-11T10:56:04.5616016Z test_user_registration_password_mismatch (apps.authentication.tests.AuthenticationAPITest.test_user_registration_password_mismatch)
2025-08-11T10:56:04.5653322Z Test registration with password mismatch ... Internal Server Error: /api/auth/register/
2025-08-11T10:56:04.5654116Z Traceback (most recent call last):
2025-08-11T10:56:04.5655104Z   File "/opt/hostedtoolcache/Python/3.12.11/x64/lib/python3.12/site-packages/asgiref/local.py", line 19, in __getattr__
2025-08-11T10:56:04.5656036Z     return storage_object[key]
2025-08-11T10:56:04.5656430Z            ~~~~~~~~~~~~~~^^^^^
2025-08-11T10:56:04.5656777Z KeyError: 'sessions'
2025-08-11T10:56:04.5656982Z 
2025-08-11T10:56:04.5657297Z During handling of the above exception, another exception occurred:
2025-08-11T10:56:04.5657742Z 
2025-08-11T10:56:04.5657893Z Traceback (most recent call last):
2025-08-11T10:56:04.5659135Z   File "/opt/hostedtoolcache/Python/3.12.11/x64/lib/python3.12/site-packages/django/utils/connection.py", line 58, in __getitem__
2025-08-11T10:56:04.5660133Z     return getattr(self._connections, alias)
2025-08-11T10:56:04.5660571Z            ^^^^^^^^^^^^^^^^^^^^^^^^^^^^^^^^^
2025-08-11T10:56:04.5661724Z   File "/opt/hostedtoolcache/Python/3.12.11/x64/lib/python3.12/site-packages/asgiref/local.py", line 121, in __getattr__
2025-08-11T10:56:04.5662662Z     return getattr(storage, key)
2025-08-11T10:56:04.5663046Z            ^^^^^^^^^^^^^^^^^^^^^
2025-08-11T10:56:04.5663920Z   File "/opt/hostedtoolcache/Python/3.12.11/x64/lib/python3.12/site-packages/asgiref/local.py", line 21, in __getattr__
2025-08-11T10:56:04.5665015Z     raise AttributeError(f"{self!r} object has no attribute {key!r}")
2025-08-11T10:56:04.5665925Z AttributeError: <asgiref.local._CVar object at 0x7fd1e015bc50> object has no attribute 'sessions'
2025-08-11T10:56:04.5666537Z 
2025-08-11T10:56:04.5666840Z During handling of the above exception, another exception occurred:
2025-08-11T10:56:04.5667291Z 
2025-08-11T10:56:04.5667444Z Traceback (most recent call last):
2025-08-11T10:56:04.5668434Z   File "/opt/hostedtoolcache/Python/3.12.11/x64/lib/python3.12/site-packages/django/core/handlers/exception.py", line 55, in inner
2025-08-11T10:56:04.5669403Z     response = get_response(request)
2025-08-11T10:56:04.5669805Z                ^^^^^^^^^^^^^^^^^^^^^
2025-08-11T10:56:04.5670750Z   File "/opt/hostedtoolcache/Python/3.12.11/x64/lib/python3.12/site-packages/django/utils/deprecation.py", line 133, in __call__
2025-08-11T10:56:04.5671881Z     response = self.process_request(request)
2025-08-11T10:56:04.5672334Z                ^^^^^^^^^^^^^^^^^^^^^^^^^^^^^
2025-08-11T10:56:04.5673446Z   File "/opt/hostedtoolcache/Python/3.12.11/x64/lib/python3.12/site-packages/django/contrib/sessions/middleware.py", line 20, in process_request
2025-08-11T10:56:04.5674592Z     request.session = self.SessionStore(session_key)
2025-08-11T10:56:04.5675089Z                       ^^^^^^^^^^^^^^^^^^^^^^^^^^^^^^
2025-08-11T10:56:04.5676167Z   File "/opt/hostedtoolcache/Python/3.12.11/x64/lib/python3.12/site-packages/django/contrib/sessions/backends/cache.py", line 16, in __init__
2025-08-11T10:56:04.5677277Z     self._cache = caches[settings.SESSION_CACHE_ALIAS]
2025-08-11T10:56:04.5677760Z                   ~~~~~~^^^^^^^^^^^^^^^^^^^^^^^^^^^^^^
2025-08-11T10:56:04.5678783Z   File "/opt/hostedtoolcache/Python/3.12.11/x64/lib/python3.12/site-packages/django/utils/connection.py", line 61, in __getitem__
2025-08-11T10:56:04.5680020Z     raise self.exception_class(f"The connection '{alias}' doesn't exist.")
2025-08-11T10:56:04.5681265Z django.core.cache.backends.base.InvalidCacheBackendError: The connection 'sessions' doesn't exist.
2025-08-11T10:56:04.5687461Z ERROR
2025-08-11T10:56:04.5781904Z test_email_verification_token_created (apps.authentication.tests.EmailVerificationTest.test_email_verification_token_created)
2025-08-11T10:56:04.5786486Z Test email verification token is created ... ERROR
2025-08-11T10:56:04.5887908Z test_create_user (apps.authentication.tests.UserModelTest.test_create_user)
2025-08-11T10:56:04.5927644Z Test user creation ... ERROR
2025-08-11T10:56:04.5937820Z test_full_name_property (apps.authentication.tests.UserModelTest.test_full_name_property)
2025-08-11T10:56:04.5960636Z Test full_name property ... ERROR
2025-08-11T10:56:04.5970119Z test_user_profile_created (apps.authentication.tests.UserModelTest.test_user_profile_created)
2025-08-11T10:56:04.5991787Z Test user profile is created automatically ... ERROR
2025-08-11T10:56:04.6086383Z test_full_user_workflow (tests.test_base.IntegrationTestCase.test_full_user_workflow)
2025-08-11T10:56:04.6090212Z Test complete user workflow from registration to party participation ... ERROR
2025-08-11T10:56:04.6193358Z test_concurrent_user_load (tests.test_base.LoadTestCase.test_concurrent_user_load)
2025-08-11T10:56:04.6196363Z Test system behavior under concurrent user load ... ERROR
2025-08-11T10:56:04.6298499Z test_api_versioning_security (tests.test_security.APISecurityTests.test_api_versioning_security)
2025-08-11T10:56:04.6303410Z Test API versioning security ... ERROR
2025-08-11T10:56:04.6320591Z test_authentication_required (tests.test_security.APISecurityTests.test_authentication_required)
2025-08-11T10:56:04.6324232Z Test that authentication is required ... ERROR
2025-08-11T10:56:04.6340634Z test_content_type_validation (tests.test_security.APISecurityTests.test_content_type_validation)
2025-08-11T10:56:04.6344069Z Test content type validation ... ERROR
2025-08-11T10:56:04.6360686Z test_csrf_protection (tests.test_security.APISecurityTests.test_csrf_protection)
2025-08-11T10:56:04.6364533Z Test CSRF protection on state-changing endpoints ... ERROR
2025-08-11T10:56:04.6381321Z test_file_upload_security (tests.test_security.APISecurityTests.test_file_upload_security)
2025-08-11T10:56:04.6384903Z Test file upload security ... ERROR
2025-08-11T10:56:04.6400735Z test_rate_limiting (tests.test_security.APISecurityTests.test_rate_limiting)
2025-08-11T10:56:04.6404284Z Test API rate limiting ... ERROR
2025-08-11T10:56:04.6420805Z test_request_size_limits (tests.test_security.APISecurityTests.test_request_size_limits)
2025-08-11T10:56:04.6427004Z Test request size limits ... ERROR
2025-08-11T10:56:04.6443222Z test_sql_injection_protection (tests.test_security.APISecurityTests.test_sql_injection_protection)
2025-08-11T10:56:04.6446457Z Test SQL injection protection ... ERROR
2025-08-11T10:56:04.6462202Z test_xss_protection (tests.test_security.APISecurityTests.test_xss_protection)
2025-08-11T10:56:04.6465498Z Test XSS protection ... ERROR
2025-08-11T10:56:04.6573105Z test_brute_force_protection (tests.test_security.AuthenticationSecurityTests.test_brute_force_protection)
2025-08-11T10:56:04.6575618Z Test brute force protection on login ... ERROR
2025-08-11T10:56:04.6592458Z test_jwt_token_security (tests.test_security.AuthenticationSecurityTests.test_jwt_token_security)
2025-08-11T10:56:04.6594870Z Test JWT token security measures ... ERROR
2025-08-11T10:56:04.6611267Z test_password_policy_enforcement (tests.test_security.AuthenticationSecurityTests.test_password_policy_enforcement)
2025-08-11T10:56:04.6613775Z Test password policy enforcement ... ERROR
2025-08-11T10:56:04.6714574Z test_data_validation_completeness (tests.test_security.ComplianceTests.test_data_validation_completeness)
2025-08-11T10:56:04.6777696Z Test that all user inputs are validated ... ERROR
2025-08-11T10:56:04.6795066Z test_password_storage_security (tests.test_security.ComplianceTests.test_password_storage_security)
2025-08-11T10:56:04.6796433Z Test that passwords are properly hashed ... ERROR
2025-08-11T10:56:04.6813070Z test_sensitive_data_exposure (tests.test_security.ComplianceTests.test_sensitive_data_exposure)
2025-08-11T10:56:04.6874602Z Test that sensitive data is not exposed in API responses ... ERROR
2025-08-11T10:56:04.6977375Z test_file_size_validation (tests.test_security.FileSecurityTests.test_file_size_validation)
2025-08-11T10:56:04.6979867Z Test file size validation ... ok
2025-08-11T10:56:04.6996297Z test_file_type_validation (tests.test_security.FileSecurityTests.test_file_type_validation)
2025-08-11T10:56:04.6998229Z Test file type validation ... File signature validation failed for test.mp4
2025-08-11T10:56:04.6999293Z ok
2025-08-11T10:56:04.7015622Z test_filename_sanitization (tests.test_security.FileSecurityTests.test_filename_sanitization)
2025-08-11T10:56:04.7019162Z Test filename sanitization for uploads ... ok
2025-08-11T10:56:04.7123662Z test_filename_sanitization (tests.test_security.InputSanitizationTests.test_filename_sanitization)
2025-08-11T10:56:04.7128838Z Test filename sanitization ... ok
2025-08-11T10:56:04.7145554Z test_html_sanitization (tests.test_security.InputSanitizationTests.test_html_sanitization)
2025-08-11T10:56:04.7392832Z Test HTML content sanitization ... ok
2025-08-11T10:56:04.7410581Z test_text_sanitization (tests.test_security.InputSanitizationTests.test_text_sanitization)
2025-08-11T10:56:04.7445783Z Test plain text sanitization ... ok
2025-08-11T10:56:04.7551925Z test_email_validation (tests.test_security.InputValidationTests.test_email_validation)
2025-08-11T10:56:04.7560158Z Test email validation ... ok
2025-08-11T10:56:04.7577334Z test_url_validation (tests.test_security.InputValidationTests.test_url_validation)
2025-08-11T10:56:04.8395442Z Test URL validation ... ok
2025-08-11T10:56:04.8417260Z test_username_validation (tests.test_security.InputValidationTests.test_username_validation)
2025-08-11T10:56:04.8422989Z Test username validation ... ok
2025-08-11T10:56:04.8542804Z test_dos_protection (tests.test_security.PerformanceSecurityTests.test_dos_protection)
2025-08-11T10:56:04.8546523Z Test denial of service protection ... ERROR
2025-08-11T10:56:04.8563847Z test_query_injection_prevention (tests.test_security.PerformanceSecurityTests.test_query_injection_prevention)
2025-08-11T10:56:04.8566765Z Test prevention of query injection attacks ... ERROR
2025-08-11T10:56:04.8668930Z test_admin_action_logging (tests.test_security.SecurityAuditTests.test_admin_action_logging)
2025-08-11T10:56:04.8671954Z Test admin action logging ... ERROR
2025-08-11T10:56:04.8688458Z test_security_event_logging (tests.test_security.SecurityAuditTests.test_security_event_logging)
2025-08-11T10:56:04.8691250Z Test that security events are properly logged ... ERROR
2025-08-11T10:56:04.8796233Z test_file_upload_security_middleware (tests.test_security.SecurityMiddlewareTests.test_file_upload_security_middleware)
2025-08-11T10:56:04.8799070Z Test file upload security middleware ... ERROR
2025-08-11T10:56:04.8817963Z test_security_headers (tests.test_security.SecurityMiddlewareTests.test_security_headers)
2025-08-11T10:56:04.8820818Z Test security headers are added ... ERROR
2025-08-11T10:56:04.8837817Z test_suspicious_request_blocking (tests.test_security.SecurityMiddlewareTests.test_suspicious_request_blocking)
2025-08-11T10:56:04.8840664Z Test suspicious request detection and blocking ... ERROR
2025-08-11T10:56:04.8943673Z test_websocket_authentication (tests.test_security.WebSocketSecurityTests.test_websocket_authentication)
2025-08-11T10:56:04.9303886Z Test WebSocket authentication requirements ... ok
2025-08-11T10:56:04.9321226Z test_websocket_message_validation (tests.test_security.WebSocketSecurityTests.test_websocket_message_validation)
2025-08-11T10:56:04.9322500Z Test WebSocket message validation ... ok
2025-08-11T10:56:04.9338891Z test_websocket_authentication (tests.test_base.WebSocketTestCase.test_websocket_authentication)
2025-08-11T10:56:04.9340473Z Test WebSocket authentication ... ERROR
2025-08-11T10:56:04.9584712Z test_websocket_authentication (tests.test_base.WebSocketTestCase.test_websocket_authentication)
2025-08-11T10:56:04.9585901Z Test WebSocket authentication ... ERROR
2025-08-11T10:56:04.9586256Z 
2025-08-11T10:56:04.9586409Z ======================================================================
2025-08-11T10:56:04.9587098Z ERROR: tests.test_performance (unittest.loader._FailedTest.tests.test_performance)
2025-08-11T10:56:04.9587863Z ----------------------------------------------------------------------
2025-08-11T10:56:04.9588508Z ImportError: Failed to import test module: tests.test_performance
2025-08-11T10:56:04.9589085Z Traceback (most recent call last):
2025-08-11T10:56:04.9590100Z   File "/opt/hostedtoolcache/Python/3.12.11/x64/lib/python3.12/unittest/loader.py", line 396, in _find_test_path
2025-08-11T10:56:04.9590969Z     module = self._get_module_from_name(name)
2025-08-11T10:56:04.9591391Z              ^^^^^^^^^^^^^^^^^^^^^^^^^^^^^^^^
2025-08-11T10:56:04.9592460Z   File "/opt/hostedtoolcache/Python/3.12.11/x64/lib/python3.12/unittest/loader.py", line 339, in _get_module_from_name
2025-08-11T10:56:04.9593309Z     __import__(name)
2025-08-11T10:56:04.9594118Z   File "/home/runner/work/watch-party-backend/watch-party-backend/tests/test_performance.py", line 393, in <module>
2025-08-11T10:56:04.9594996Z     class IntegrationTests(BaseAPITestCase):
2025-08-11T10:56:04.9596223Z   File "/home/runner/work/watch-party-backend/watch-party-backend/tests/test_performance.py", line 519, in IntegrationTests
2025-08-11T10:56:04.9597145Z     @MockExternalServices.mock_stripe()
2025-08-11T10:56:04.9597554Z      ^^^^^^^^^^^^^^^^^^^^^^^^^^^^^^^^^^
2025-08-11T10:56:04.9597975Z TypeError: 'generator' object is not callable
2025-08-11T10:56:04.9598289Z 
2025-08-11T10:56:04.9598296Z 
2025-08-11T10:56:04.9598437Z ======================================================================
2025-08-11T10:56:04.9599159Z ERROR: test_user_login (apps.authentication.tests.AuthenticationAPITest.test_user_login)
2025-08-11T10:56:04.9599840Z Test user login
2025-08-11T10:56:04.9600219Z ----------------------------------------------------------------------
2025-08-11T10:56:04.9600704Z Traceback (most recent call last):
2025-08-11T10:56:04.9601796Z   File "/home/runner/work/watch-party-backend/watch-party-backend/apps/authentication/tests.py", line 91, in test_user_login
2025-08-11T10:56:04.9602633Z     User.objects.create_user(
2025-08-11T10:56:04.9603468Z   File "/home/runner/work/watch-party-backend/watch-party-backend/apps/authentication/models.py", line 24, in create_user
2025-08-11T10:56:04.9604330Z     user = self.model(
2025-08-11T10:56:04.9604620Z            ^^^^^^^^^^^
2025-08-11T10:56:04.9605365Z   File "/opt/hostedtoolcache/Python/3.12.11/x64/lib/python3.12/site-packages/django/db/models/base.py", line 567, in __init__
2025-08-11T10:56:04.9606256Z     raise TypeError(
2025-08-11T10:56:04.9606707Z TypeError: User() got unexpected keyword arguments: 'username'
2025-08-11T10:56:04.9607108Z 
2025-08-11T10:56:04.9607252Z ======================================================================
2025-08-11T10:56:04.9608191Z ERROR: test_user_login_invalid_credentials (apps.authentication.tests.AuthenticationAPITest.test_user_login_invalid_credentials)
2025-08-11T10:56:04.9609120Z Test login with invalid credentials
2025-08-11T10:56:04.9609581Z ----------------------------------------------------------------------
2025-08-11T10:56:04.9610072Z Traceback (most recent call last):
2025-08-11T10:56:04.9610941Z   File "/opt/hostedtoolcache/Python/3.12.11/x64/lib/python3.12/site-packages/asgiref/local.py", line 19, in __getattr__
2025-08-11T10:56:04.9612137Z     return storage_object[key]
2025-08-11T10:56:04.9612481Z            ~~~~~~~~~~~~~~^^^^^
2025-08-11T10:56:04.9612818Z KeyError: 'sessions'
2025-08-11T10:56:04.9613006Z 
2025-08-11T10:56:04.9613281Z During handling of the above exception, another exception occurred:
2025-08-11T10:56:04.9613704Z 
2025-08-11T10:56:04.9613852Z Traceback (most recent call last):
2025-08-11T10:56:04.9614983Z   File "/opt/hostedtoolcache/Python/3.12.11/x64/lib/python3.12/site-packages/django/utils/connection.py", line 58, in __getitem__
2025-08-11T10:56:04.9615902Z     return getattr(self._connections, alias)
2025-08-11T10:56:04.9616308Z            ^^^^^^^^^^^^^^^^^^^^^^^^^^^^^^^^^
2025-08-11T10:56:04.9617164Z   File "/opt/hostedtoolcache/Python/3.12.11/x64/lib/python3.12/site-packages/asgiref/local.py", line 121, in __getattr__
2025-08-11T10:56:04.9618023Z     return getattr(storage, key)
2025-08-11T10:56:04.9618379Z            ^^^^^^^^^^^^^^^^^^^^^
2025-08-11T10:56:04.9619173Z   File "/opt/hostedtoolcache/Python/3.12.11/x64/lib/python3.12/site-packages/asgiref/local.py", line 21, in __getattr__
2025-08-11T10:56:04.9620220Z     raise AttributeError(f"{self!r} object has no attribute {key!r}")
2025-08-11T10:56:04.9621073Z AttributeError: <asgiref.local._CVar object at 0x7fd1e015bc50> object has no attribute 'sessions'
2025-08-11T10:56:04.9621834Z 
2025-08-11T10:56:04.9622104Z During handling of the above exception, another exception occurred:
2025-08-11T10:56:04.9622508Z 
2025-08-11T10:56:04.9622670Z Traceback (most recent call last):
2025-08-11T10:56:04.9623709Z   File "/home/runner/work/watch-party-backend/watch-party-backend/apps/authentication/tests.py", line 117, in test_user_login_invalid_credentials
2025-08-11T10:56:04.9624812Z     response = self.client.post(self.login_url, login_data)
2025-08-11T10:56:04.9625470Z                ^^^^^^^^^^^^^^^^^^^^^^^^^^^^^^^^^^^^^^^^^^^^
2025-08-11T10:56:04.9626426Z   File "/opt/hostedtoolcache/Python/3.12.11/x64/lib/python3.12/site-packages/rest_framework/test.py", line 299, in post
2025-08-11T10:56:04.9627264Z     response = super().post(
2025-08-11T10:56:04.9627601Z                ^^^^^^^^^^^^^
2025-08-11T10:56:04.9628401Z   File "/opt/hostedtoolcache/Python/3.12.11/x64/lib/python3.12/site-packages/rest_framework/test.py", line 213, in post
2025-08-11T10:56:04.9629360Z     return self.generic('POST', path, data, content_type, **extra)
2025-08-11T10:56:04.9629885Z            ^^^^^^^^^^^^^^^^^^^^^^^^^^^^^^^^^^^^^^^^^^^^^^^^^^^^^^^
2025-08-11T10:56:04.9630816Z   File "/opt/hostedtoolcache/Python/3.12.11/x64/lib/python3.12/site-packages/rest_framework/test.py", line 237, in generic
2025-08-11T10:56:04.9631804Z     return super().generic(
2025-08-11T10:56:04.9632132Z            ^^^^^^^^^^^^^^^^
2025-08-11T10:56:04.9632920Z   File "/opt/hostedtoolcache/Python/3.12.11/x64/lib/python3.12/site-packages/django/test/client.py", line 617, in generic
2025-08-11T10:56:04.9633787Z     return self.request(**r)
2025-08-11T10:56:04.9634291Z            ^^^^^^^^^^^^^^^^^
2025-08-11T10:56:04.9635102Z   File "/opt/hostedtoolcache/Python/3.12.11/x64/lib/python3.12/site-packages/rest_framework/test.py", line 289, in request
2025-08-11T10:56:04.9635683Z     return super().request(**kwargs)
2025-08-11T10:56:04.9636080Z            ^^^^^^^^^^^^^^^^^^^^^^^^^
2025-08-11T10:56:04.9636733Z   File "/opt/hostedtoolcache/Python/3.12.11/x64/lib/python3.12/site-packages/rest_framework/test.py", line 241, in request
2025-08-11T10:56:04.9637327Z     request = super().request(**kwargs)
2025-08-11T10:56:04.9637852Z               ^^^^^^^^^^^^^^^^^^^^^^^^^
2025-08-11T10:56:04.9638443Z   File "/opt/hostedtoolcache/Python/3.12.11/x64/lib/python3.12/site-packages/django/test/client.py", line 1013, in request
2025-08-11T10:56:04.9639082Z     self.check_exception(response)
2025-08-11T10:56:04.9697121Z   File "/opt/hostedtoolcache/Python/3.12.11/x64/lib/python3.12/site-packages/django/test/client.py", line 743, in check_exception
2025-08-11T10:56:04.9697986Z     raise exc_value
2025-08-11T10:56:04.9698724Z   File "/opt/hostedtoolcache/Python/3.12.11/x64/lib/python3.12/site-packages/django/core/handlers/exception.py", line 55, in inner
2025-08-11T10:56:04.9699348Z     response = get_response(request)
2025-08-11T10:56:04.9699584Z                ^^^^^^^^^^^^^^^^^^^^^
2025-08-11T10:56:04.9700128Z   File "/opt/hostedtoolcache/Python/3.12.11/x64/lib/python3.12/site-packages/django/utils/deprecation.py", line 133, in __call__
2025-08-11T10:56:04.9700669Z     response = self.process_request(request)
2025-08-11T10:56:04.9701145Z                ^^^^^^^^^^^^^^^^^^^^^^^^^^^^^
2025-08-11T10:56:04.9702333Z   File "/opt/hostedtoolcache/Python/3.12.11/x64/lib/python3.12/site-packages/django/contrib/sessions/middleware.py", line 20, in process_request
2025-08-11T10:56:04.9703131Z     request.session = self.SessionStore(session_key)
2025-08-11T10:56:04.9703420Z                       ^^^^^^^^^^^^^^^^^^^^^^^^^^^^^^
2025-08-11T10:56:04.9704038Z   File "/opt/hostedtoolcache/Python/3.12.11/x64/lib/python3.12/site-packages/django/contrib/sessions/backends/cache.py", line 16, in __init__
2025-08-11T10:56:04.9704665Z     self._cache = caches[settings.SESSION_CACHE_ALIAS]
2025-08-11T10:56:04.9704940Z                   ~~~~~~^^^^^^^^^^^^^^^^^^^^^^^^^^^^^^
2025-08-11T10:56:04.9705493Z   File "/opt/hostedtoolcache/Python/3.12.11/x64/lib/python3.12/site-packages/django/utils/connection.py", line 61, in __getitem__
2025-08-11T10:56:04.9706137Z     raise self.exception_class(f"The connection '{alias}' doesn't exist.")
2025-08-11T10:56:04.9706852Z django.core.cache.backends.base.InvalidCacheBackendError: The connection 'sessions' doesn't exist.
2025-08-11T10:56:04.9707237Z 
2025-08-11T10:56:04.9707335Z ======================================================================
2025-08-11T10:56:04.9707767Z ERROR: test_user_logout (apps.authentication.tests.AuthenticationAPITest.test_user_logout)
2025-08-11T10:56:04.9708356Z Test user logout
2025-08-11T10:56:04.9708579Z ----------------------------------------------------------------------
2025-08-11T10:56:04.9708870Z Traceback (most recent call last):
2025-08-11T10:56:04.9709435Z   File "/home/runner/work/watch-party-backend/watch-party-backend/apps/authentication/tests.py", line 124, in test_user_logout
2025-08-11T10:56:04.9709974Z     user = User.objects.create_user(
2025-08-11T10:56:04.9710199Z            ^^^^^^^^^^^^^^^^^^^^^^^^^
2025-08-11T10:56:04.9710700Z   File "/home/runner/work/watch-party-backend/watch-party-backend/apps/authentication/models.py", line 24, in create_user
2025-08-11T10:56:04.9711208Z     user = self.model(
2025-08-11T10:56:04.9711396Z            ^^^^^^^^^^^
2025-08-11T10:56:04.9712185Z   File "/opt/hostedtoolcache/Python/3.12.11/x64/lib/python3.12/site-packages/django/db/models/base.py", line 567, in __init__
2025-08-11T10:56:04.9712711Z     raise TypeError(
2025-08-11T10:56:04.9712977Z TypeError: User() got unexpected keyword arguments: 'username'
2025-08-11T10:56:04.9713213Z 
2025-08-11T10:56:04.9713298Z ======================================================================
2025-08-11T10:56:04.9713850Z ERROR: test_user_registration (apps.authentication.tests.AuthenticationAPITest.test_user_registration)
2025-08-11T10:56:04.9714637Z Test user registration
2025-08-11T10:56:04.9715038Z ----------------------------------------------------------------------
2025-08-11T10:56:04.9715521Z Traceback (most recent call last):
2025-08-11T10:56:04.9716389Z   File "/opt/hostedtoolcache/Python/3.12.11/x64/lib/python3.12/site-packages/asgiref/local.py", line 19, in __getattr__
2025-08-11T10:56:04.9717242Z     return storage_object[key]
2025-08-11T10:56:04.9717601Z            ~~~~~~~~~~~~~~^^^^^
2025-08-11T10:56:04.9717958Z KeyError: 'sessions'
2025-08-11T10:56:04.9718151Z 
2025-08-11T10:56:04.9718424Z During handling of the above exception, another exception occurred:
2025-08-11T10:56:04.9718849Z 
2025-08-11T10:56:04.9718996Z Traceback (most recent call last):
2025-08-11T10:56:04.9719990Z   File "/opt/hostedtoolcache/Python/3.12.11/x64/lib/python3.12/site-packages/django/utils/connection.py", line 58, in __getitem__
2025-08-11T10:56:04.9720916Z     return getattr(self._connections, alias)
2025-08-11T10:56:04.9721334Z            ^^^^^^^^^^^^^^^^^^^^^^^^^^^^^^^^^
2025-08-11T10:56:04.9722350Z   File "/opt/hostedtoolcache/Python/3.12.11/x64/lib/python3.12/site-packages/asgiref/local.py", line 121, in __getattr__
2025-08-11T10:56:04.9723208Z     return getattr(storage, key)
2025-08-11T10:56:04.9723562Z            ^^^^^^^^^^^^^^^^^^^^^
2025-08-11T10:56:04.9729604Z   File "/opt/hostedtoolcache/Python/3.12.11/x64/lib/python3.12/site-packages/asgiref/local.py", line 21, in __getattr__
2025-08-11T10:56:04.9731239Z     raise AttributeError(f"{self!r} object has no attribute {key!r}")
2025-08-11T10:56:04.9732141Z AttributeError: <asgiref.local._CVar object at 0x7fd1e015bc50> object has no attribute 'sessions'
2025-08-11T10:56:04.9732513Z 
2025-08-11T10:56:04.9732688Z During handling of the above exception, another exception occurred:
2025-08-11T10:56:04.9732934Z 
2025-08-11T10:56:04.9733031Z Traceback (most recent call last):
2025-08-11T10:56:04.9733966Z   File "/home/runner/work/watch-party-backend/watch-party-backend/apps/authentication/tests.py", line 68, in test_user_registration
2025-08-11T10:56:04.9734665Z     response = self.client.post(self.register_url, self.user_data)
2025-08-11T10:56:04.9734987Z                ^^^^^^^^^^^^^^^^^^^^^^^^^^^^^^^^^^^^^^^^^^^^^^^^^^^
2025-08-11T10:56:04.9735730Z   File "/opt/hostedtoolcache/Python/3.12.11/x64/lib/python3.12/site-packages/rest_framework/test.py", line 299, in post
2025-08-11T10:56:04.9736240Z     response = super().post(
2025-08-11T10:56:04.9736444Z                ^^^^^^^^^^^^^
2025-08-11T10:56:04.9736898Z   File "/opt/hostedtoolcache/Python/3.12.11/x64/lib/python3.12/site-packages/rest_framework/test.py", line 213, in post
2025-08-11T10:56:04.9737563Z     return self.generic('POST', path, data, content_type, **extra)
2025-08-11T10:56:04.9738234Z            ^^^^^^^^^^^^^^^^^^^^^^^^^^^^^^^^^^^^^^^^^^^^^^^^^^^^^^^
2025-08-11T10:56:04.9738780Z   File "/opt/hostedtoolcache/Python/3.12.11/x64/lib/python3.12/site-packages/rest_framework/test.py", line 237, in generic
2025-08-11T10:56:04.9739280Z     return super().generic(
2025-08-11T10:56:04.9739472Z            ^^^^^^^^^^^^^^^^
2025-08-11T10:56:04.9739941Z   File "/opt/hostedtoolcache/Python/3.12.11/x64/lib/python3.12/site-packages/django/test/client.py", line 617, in generic
2025-08-11T10:56:04.9740537Z     return self.request(**r)
2025-08-11T10:56:04.9740734Z            ^^^^^^^^^^^^^^^^^
2025-08-11T10:56:04.9741200Z   File "/opt/hostedtoolcache/Python/3.12.11/x64/lib/python3.12/site-packages/rest_framework/test.py", line 289, in request
2025-08-11T10:56:04.9742074Z     return super().request(**kwargs)
2025-08-11T10:56:04.9742355Z            ^^^^^^^^^^^^^^^^^^^^^^^^^
2025-08-11T10:56:04.9743072Z   File "/opt/hostedtoolcache/Python/3.12.11/x64/lib/python3.12/site-packages/rest_framework/test.py", line 241, in request
2025-08-11T10:56:04.9743686Z     request = super().request(**kwargs)
2025-08-11T10:56:04.9743996Z               ^^^^^^^^^^^^^^^^^^^^^^^^^
2025-08-11T10:56:04.9744561Z   File "/opt/hostedtoolcache/Python/3.12.11/x64/lib/python3.12/site-packages/django/test/client.py", line 1013, in request
2025-08-11T10:56:04.9745057Z     self.check_exception(response)
2025-08-11T10:56:04.9745693Z   File "/opt/hostedtoolcache/Python/3.12.11/x64/lib/python3.12/site-packages/django/test/client.py", line 743, in check_exception
2025-08-11T10:56:04.9746210Z     raise exc_value
2025-08-11T10:56:04.9746818Z   File "/opt/hostedtoolcache/Python/3.12.11/x64/lib/python3.12/site-packages/django/core/handlers/exception.py", line 55, in inner
2025-08-11T10:56:04.9747395Z     response = get_response(request)
2025-08-11T10:56:04.9747615Z                ^^^^^^^^^^^^^^^^^^^^^
2025-08-11T10:56:04.9748131Z   File "/opt/hostedtoolcache/Python/3.12.11/x64/lib/python3.12/site-packages/django/utils/deprecation.py", line 133, in __call__
2025-08-11T10:56:04.9748668Z     response = self.process_request(request)
2025-08-11T10:56:04.9748913Z                ^^^^^^^^^^^^^^^^^^^^^^^^^^^^^
2025-08-11T10:56:04.9749499Z   File "/opt/hostedtoolcache/Python/3.12.11/x64/lib/python3.12/site-packages/django/contrib/sessions/middleware.py", line 20, in process_request
2025-08-11T10:56:04.9750237Z     request.session = self.SessionStore(session_key)
2025-08-11T10:56:04.9750512Z                       ^^^^^^^^^^^^^^^^^^^^^^^^^^^^^^
2025-08-11T10:56:04.9751111Z   File "/opt/hostedtoolcache/Python/3.12.11/x64/lib/python3.12/site-packages/django/contrib/sessions/backends/cache.py", line 16, in __init__
2025-08-11T10:56:04.9752057Z     self._cache = caches[settings.SESSION_CACHE_ALIAS]
2025-08-11T10:56:04.9752333Z                   ~~~~~~^^^^^^^^^^^^^^^^^^^^^^^^^^^^^^
2025-08-11T10:56:04.9752883Z   File "/opt/hostedtoolcache/Python/3.12.11/x64/lib/python3.12/site-packages/django/utils/connection.py", line 61, in __getitem__
2025-08-11T10:56:04.9753537Z     raise self.exception_class(f"The connection '{alias}' doesn't exist.")
2025-08-11T10:56:04.9754313Z django.core.cache.backends.base.InvalidCacheBackendError: The connection 'sessions' doesn't exist.
2025-08-11T10:56:04.9754694Z 
2025-08-11T10:56:04.9754780Z ======================================================================
2025-08-11T10:56:04.9755615Z ERROR: test_user_registration_password_mismatch (apps.authentication.tests.AuthenticationAPITest.test_user_registration_password_mismatch)
2025-08-11T10:56:04.9756438Z Test registration with password mismatch
2025-08-11T10:56:04.9756900Z ----------------------------------------------------------------------
2025-08-11T10:56:04.9757400Z Traceback (most recent call last):
2025-08-11T10:56:04.9757977Z   File "/opt/hostedtoolcache/Python/3.12.11/x64/lib/python3.12/site-packages/asgiref/local.py", line 19, in __getattr__
2025-08-11T10:56:04.9758467Z     return storage_object[key]
2025-08-11T10:56:04.9758935Z            ~~~~~~~~~~~~~~^^^^^
2025-08-11T10:56:04.9759132Z KeyError: 'sessions'
2025-08-11T10:56:04.9759247Z 
2025-08-11T10:56:04.9759412Z During handling of the above exception, another exception occurred:
2025-08-11T10:56:04.9759777Z 
2025-08-11T10:56:04.9759906Z Traceback (most recent call last):
2025-08-11T10:56:04.9760457Z   File "/opt/hostedtoolcache/Python/3.12.11/x64/lib/python3.12/site-packages/django/utils/connection.py", line 58, in __getitem__
2025-08-11T10:56:04.9761100Z     return getattr(self._connections, alias)
2025-08-11T10:56:04.9761343Z            ^^^^^^^^^^^^^^^^^^^^^^^^^^^^^^^^^
2025-08-11T10:56:04.9762015Z   File "/opt/hostedtoolcache/Python/3.12.11/x64/lib/python3.12/site-packages/asgiref/local.py", line 121, in __getattr__
2025-08-11T10:56:04.9762603Z     return getattr(storage, key)
2025-08-11T10:56:04.9762819Z            ^^^^^^^^^^^^^^^^^^^^^
2025-08-11T10:56:04.9763284Z   File "/opt/hostedtoolcache/Python/3.12.11/x64/lib/python3.12/site-packages/asgiref/local.py", line 21, in __getattr__
2025-08-11T10:56:04.9763983Z     raise AttributeError(f"{self!r} object has no attribute {key!r}")
2025-08-11T10:56:04.9764567Z AttributeError: <asgiref.local._CVar object at 0x7fd1e015bc50> object has no attribute 'sessions'
2025-08-11T10:56:04.9764905Z 
2025-08-11T10:56:04.9765066Z During handling of the above exception, another exception occurred:
2025-08-11T10:56:04.9765311Z 
2025-08-11T10:56:04.9765395Z Traceback (most recent call last):
2025-08-11T10:56:04.9766119Z   File "/home/runner/work/watch-party-backend/watch-party-backend/apps/authentication/tests.py", line 84, in test_user_registration_password_mismatch
2025-08-11T10:56:04.9766949Z     response = self.client.post(self.register_url, data)
2025-08-11T10:56:04.9767240Z                ^^^^^^^^^^^^^^^^^^^^^^^^^^^^^^^^^^^^^^^^^
2025-08-11T10:56:04.9767740Z   File "/opt/hostedtoolcache/Python/3.12.11/x64/lib/python3.12/site-packages/rest_framework/test.py", line 299, in post
2025-08-11T10:56:04.9768223Z     response = super().post(
2025-08-11T10:56:04.9768425Z                ^^^^^^^^^^^^^
2025-08-11T10:56:04.9768971Z   File "/opt/hostedtoolcache/Python/3.12.11/x64/lib/python3.12/site-packages/rest_framework/test.py", line 213, in post
2025-08-11T10:56:04.9769676Z     return self.generic('POST', path, data, content_type, **extra)
2025-08-11T10:56:04.9770021Z            ^^^^^^^^^^^^^^^^^^^^^^^^^^^^^^^^^^^^^^^^^^^^^^^^^^^^^^^
2025-08-11T10:56:04.9770959Z   File "/opt/hostedtoolcache/Python/3.12.11/x64/lib/python3.12/site-packages/rest_framework/test.py", line 237, in generic
2025-08-11T10:56:04.9772215Z     return super().generic(
2025-08-11T10:56:04.9772432Z            ^^^^^^^^^^^^^^^^
2025-08-11T10:56:04.9773120Z   File "/opt/hostedtoolcache/Python/3.12.11/x64/lib/python3.12/site-packages/django/test/client.py", line 617, in generic
2025-08-11T10:56:04.9773631Z     return self.request(**r)
2025-08-11T10:56:04.9773831Z            ^^^^^^^^^^^^^^^^^
2025-08-11T10:56:04.9774301Z   File "/opt/hostedtoolcache/Python/3.12.11/x64/lib/python3.12/site-packages/rest_framework/test.py", line 289, in request
2025-08-11T10:56:04.9774794Z     return super().request(**kwargs)
2025-08-11T10:56:04.9775022Z            ^^^^^^^^^^^^^^^^^^^^^^^^^
2025-08-11T10:56:04.9775518Z   File "/opt/hostedtoolcache/Python/3.12.11/x64/lib/python3.12/site-packages/rest_framework/test.py", line 241, in request
2025-08-11T10:56:04.9776013Z     request = super().request(**kwargs)
2025-08-11T10:56:04.9776243Z               ^^^^^^^^^^^^^^^^^^^^^^^^^
2025-08-11T10:56:04.9776724Z   File "/opt/hostedtoolcache/Python/3.12.11/x64/lib/python3.12/site-packages/django/test/client.py", line 1013, in request
2025-08-11T10:56:04.9777215Z     self.check_exception(response)
2025-08-11T10:56:04.9777757Z   File "/opt/hostedtoolcache/Python/3.12.11/x64/lib/python3.12/site-packages/django/test/client.py", line 743, in check_exception
2025-08-11T10:56:04.9778265Z     raise exc_value
2025-08-11T10:56:04.9778752Z   File "/opt/hostedtoolcache/Python/3.12.11/x64/lib/python3.12/site-packages/django/core/handlers/exception.py", line 55, in inner
2025-08-11T10:56:04.9779406Z     response = get_response(request)
2025-08-11T10:56:04.9779654Z                ^^^^^^^^^^^^^^^^^^^^^
2025-08-11T10:56:04.9780158Z   File "/opt/hostedtoolcache/Python/3.12.11/x64/lib/python3.12/site-packages/django/utils/deprecation.py", line 133, in __call__
2025-08-11T10:56:04.9780679Z     response = self.process_request(request)
2025-08-11T10:56:04.9780919Z                ^^^^^^^^^^^^^^^^^^^^^^^^^^^^^
2025-08-11T10:56:04.9781738Z   File "/opt/hostedtoolcache/Python/3.12.11/x64/lib/python3.12/site-packages/django/contrib/sessions/middleware.py", line 20, in process_request
2025-08-11T10:56:04.9782375Z     request.session = self.SessionStore(session_key)
2025-08-11T10:56:04.9782659Z                       ^^^^^^^^^^^^^^^^^^^^^^^^^^^^^^
2025-08-11T10:56:04.9783242Z   File "/opt/hostedtoolcache/Python/3.12.11/x64/lib/python3.12/site-packages/django/contrib/sessions/backends/cache.py", line 16, in __init__
2025-08-11T10:56:04.9783839Z     self._cache = caches[settings.SESSION_CACHE_ALIAS]
2025-08-11T10:56:04.9784102Z                   ~~~~~~^^^^^^^^^^^^^^^^^^^^^^^^^^^^^^
2025-08-11T10:56:04.9784627Z   File "/opt/hostedtoolcache/Python/3.12.11/x64/lib/python3.12/site-packages/django/utils/connection.py", line 61, in __getitem__
2025-08-11T10:56:04.9785263Z     raise self.exception_class(f"The connection '{alias}' doesn't exist.")
2025-08-11T10:56:04.9785803Z django.core.cache.backends.base.InvalidCacheBackendError: The connection 'sessions' doesn't exist.
2025-08-11T10:56:04.9786172Z 
2025-08-11T10:56:04.9786258Z ======================================================================
2025-08-11T10:56:04.9786824Z ERROR: test_email_verification_token_created (apps.authentication.tests.EmailVerificationTest.test_email_verification_token_created)
2025-08-11T10:56:04.9787390Z Test email verification token is created
2025-08-11T10:56:04.9787659Z ----------------------------------------------------------------------
2025-08-11T10:56:04.9787944Z Traceback (most recent call last):
2025-08-11T10:56:04.9788448Z   File "/home/runner/work/watch-party-backend/watch-party-backend/apps/authentication/tests.py", line 146, in setUp
2025-08-11T10:56:04.9788955Z     self.user = User.objects.create_user(
2025-08-11T10:56:04.9789194Z                 ^^^^^^^^^^^^^^^^^^^^^^^^^
2025-08-11T10:56:04.9789701Z   File "/home/runner/work/watch-party-backend/watch-party-backend/apps/authentication/models.py", line 24, in create_user
2025-08-11T10:56:04.9790203Z     user = self.model(
2025-08-11T10:56:04.9790380Z            ^^^^^^^^^^^
2025-08-11T10:56:04.9790845Z   File "/opt/hostedtoolcache/Python/3.12.11/x64/lib/python3.12/site-packages/django/db/models/base.py", line 567, in __init__
2025-08-11T10:56:04.9791629Z     raise TypeError(
2025-08-11T10:56:04.9791927Z TypeError: User() got unexpected keyword arguments: 'username'
2025-08-11T10:56:04.9792164Z 
2025-08-11T10:56:04.9792246Z ======================================================================
2025-08-11T10:56:04.9792630Z ERROR: test_create_user (apps.authentication.tests.UserModelTest.test_create_user)
2025-08-11T10:56:04.9793000Z Test user creation
2025-08-11T10:56:04.9793214Z ----------------------------------------------------------------------
2025-08-11T10:56:04.9793485Z Traceback (most recent call last):
2025-08-11T10:56:04.9794008Z   File "/opt/hostedtoolcache/Python/3.12.11/x64/lib/python3.12/site-packages/django/db/backends/utils.py", line 105, in _execute
2025-08-11T10:56:04.9794530Z     return self.cursor.execute(sql, params)
2025-08-11T10:56:04.9794775Z            ^^^^^^^^^^^^^^^^^^^^^^^^^^^^^^^^
2025-08-11T10:56:04.9795253Z   File "/opt/hostedtoolcache/Python/3.12.11/x64/lib/python3.12/site-packages/psycopg/cursor.py", line 97, in execute
2025-08-11T10:56:04.9795733Z     raise ex.with_traceback(None)
2025-08-11T10:56:04.9796087Z psycopg.errors.UndefinedTable: relation "authentication_user" does not exist
2025-08-11T10:56:04.9796541Z LINE 1: INSERT INTO "authentication_user" ("password", "is_superuser...
2025-08-11T10:56:04.9796983Z                     ^
2025-08-11T10:56:04.9797090Z 
2025-08-11T10:56:04.9797254Z The above exception was the direct cause of the following exception:
2025-08-11T10:56:04.9797497Z 
2025-08-11T10:56:04.9797578Z Traceback (most recent call last):
2025-08-11T10:56:04.9798121Z   File "/home/runner/work/watch-party-backend/watch-party-backend/apps/authentication/tests.py", line 30, in test_create_user
2025-08-11T10:56:04.9798673Z     user = User.objects.create_user(**self.user_data)
2025-08-11T10:56:04.9798941Z            ^^^^^^^^^^^^^^^^^^^^^^^^^^^^^^^^^^^^^^^^^^
2025-08-11T10:56:04.9799460Z   File "/home/runner/work/watch-party-backend/watch-party-backend/apps/authentication/models.py", line 31, in create_user
2025-08-11T10:56:04.9799968Z     user.save(using=self._db)
2025-08-11T10:56:04.9800473Z   File "/opt/hostedtoolcache/Python/3.12.11/x64/lib/python3.12/site-packages/django/contrib/auth/base_user.py", line 78, in save
2025-08-11T10:56:04.9800981Z     super().save(*args, **kwargs)
2025-08-11T10:56:04.9801608Z   File "/opt/hostedtoolcache/Python/3.12.11/x64/lib/python3.12/site-packages/django/db/models/base.py", line 822, in save
2025-08-11T10:56:04.9802134Z     self.save_base(
2025-08-11T10:56:04.9802596Z   File "/opt/hostedtoolcache/Python/3.12.11/x64/lib/python3.12/site-packages/django/db/models/base.py", line 909, in save_base
2025-08-11T10:56:04.9803090Z     updated = self._save_table(
2025-08-11T10:56:04.9803293Z               ^^^^^^^^^^^^^^^^^
2025-08-11T10:56:04.9803805Z   File "/opt/hostedtoolcache/Python/3.12.11/x64/lib/python3.12/site-packages/django/db/models/base.py", line 1071, in _save_table
2025-08-11T10:56:04.9804327Z     results = self._do_insert(
2025-08-11T10:56:04.9804533Z               ^^^^^^^^^^^^^^^^
2025-08-11T10:56:04.9805014Z   File "/opt/hostedtoolcache/Python/3.12.11/x64/lib/python3.12/site-packages/django/db/models/base.py", line 1112, in _do_insert
2025-08-11T10:56:04.9805516Z     return manager._insert(
2025-08-11T10:56:04.9805704Z            ^^^^^^^^^^^^^^^^
2025-08-11T10:56:04.9806221Z   File "/opt/hostedtoolcache/Python/3.12.11/x64/lib/python3.12/site-packages/django/db/models/manager.py", line 87, in manager_method
2025-08-11T10:56:04.9806802Z     return getattr(self.get_queryset(), name)(*args, **kwargs)
2025-08-11T10:56:04.9807093Z            ^^^^^^^^^^^^^^^^^^^^^^^^^^^^^^^^^^^^^^^^^^^^^^^^^^^
2025-08-11T10:56:04.9807610Z   File "/opt/hostedtoolcache/Python/3.12.11/x64/lib/python3.12/site-packages/django/db/models/query.py", line 1847, in _insert
2025-08-11T10:56:04.9808194Z     return query.get_compiler(using=using).execute_sql(returning_fields)
2025-08-11T10:56:04.9808520Z            ^^^^^^^^^^^^^^^^^^^^^^^^^^^^^^^^^^^^^^^^^^^^^^^^^^^^^^^^^^^^^
2025-08-11T10:56:04.9809226Z   File "/opt/hostedtoolcache/Python/3.12.11/x64/lib/python3.12/site-packages/django/db/models/sql/compiler.py", line 1823, in execute_sql
2025-08-11T10:56:04.9809779Z     cursor.execute(sql, params)
2025-08-11T10:56:04.9810301Z   File "/opt/hostedtoolcache/Python/3.12.11/x64/lib/python3.12/site-packages/django/db/backends/utils.py", line 79, in execute
2025-08-11T10:56:04.9810815Z     return self._execute_with_wrappers(
2025-08-11T10:56:04.9811038Z            ^^^^^^^^^^^^^^^^^^^^^^^^^^^^
2025-08-11T10:56:04.9811822Z   File "/opt/hostedtoolcache/Python/3.12.11/x64/lib/python3.12/site-packages/django/db/backends/utils.py", line 92, in _execute_with_wrappers
2025-08-11T10:56:04.9812419Z     return executor(sql, params, many, context)
2025-08-11T10:56:04.9812667Z            ^^^^^^^^^^^^^^^^^^^^^^^^^^^^^^^^^^^^
2025-08-11T10:56:04.9813187Z   File "/opt/hostedtoolcache/Python/3.12.11/x64/lib/python3.12/site-packages/django/db/backends/utils.py", line 100, in _execute
2025-08-11T10:56:04.9813705Z     with self.db.wrap_database_errors:
2025-08-11T10:56:04.9813933Z          ^^^^^^^^^^^^^^^^^^^^^^^^^^^^
2025-08-11T10:56:04.9814402Z   File "/opt/hostedtoolcache/Python/3.12.11/x64/lib/python3.12/site-packages/django/db/utils.py", line 91, in __exit__
2025-08-11T10:56:04.9814954Z     raise dj_exc_value.with_traceback(traceback) from exc_value
2025-08-11T10:56:04.9815671Z   File "/opt/hostedtoolcache/Python/3.12.11/x64/lib/python3.12/site-packages/django/db/backends/utils.py", line 105, in _execute
2025-08-11T10:56:04.9816198Z     return self.cursor.execute(sql, params)
2025-08-11T10:56:04.9816433Z            ^^^^^^^^^^^^^^^^^^^^^^^^^^^^^^^^
2025-08-11T10:56:04.9816904Z   File "/opt/hostedtoolcache/Python/3.12.11/x64/lib/python3.12/site-packages/psycopg/cursor.py", line 97, in execute
2025-08-11T10:56:04.9817382Z     raise ex.with_traceback(None)
2025-08-11T10:56:04.9817734Z django.db.utils.ProgrammingError: relation "authentication_user" does not exist
2025-08-11T10:56:04.9818196Z LINE 1: INSERT INTO "authentication_user" ("password", "is_superuser...
2025-08-11T10:56:04.9818502Z                     ^
2025-08-11T10:56:04.9818611Z 
2025-08-11T10:56:04.9818701Z ======================================================================
2025-08-11T10:56:04.9819128Z ERROR: test_full_name_property (apps.authentication.tests.UserModelTest.test_full_name_property)
2025-08-11T10:56:04.9819553Z Test full_name property
2025-08-11T10:56:04.9819782Z ----------------------------------------------------------------------
2025-08-11T10:56:04.9820061Z Traceback (most recent call last):
2025-08-11T10:56:04.9820587Z   File "/opt/hostedtoolcache/Python/3.12.11/x64/lib/python3.12/site-packages/django/db/backends/utils.py", line 105, in _execute
2025-08-11T10:56:04.9821107Z     return self.cursor.execute(sql, params)
2025-08-11T10:56:04.9821345Z            ^^^^^^^^^^^^^^^^^^^^^^^^^^^^^^^^
2025-08-11T10:56:04.9822010Z   File "/opt/hostedtoolcache/Python/3.12.11/x64/lib/python3.12/site-packages/psycopg/cursor.py", line 97, in execute
2025-08-11T10:56:04.9822506Z     raise ex.with_traceback(None)
2025-08-11T10:56:04.9822852Z psycopg.errors.UndefinedTable: relation "authentication_user" does not exist
2025-08-11T10:56:04.9823302Z LINE 1: INSERT INTO "authentication_user" ("password", "is_superuser...
2025-08-11T10:56:04.9823610Z                     ^
2025-08-11T10:56:04.9823720Z 
2025-08-11T10:56:04.9823880Z The above exception was the direct cause of the following exception:
2025-08-11T10:56:04.9824126Z 
2025-08-11T10:56:04.9824206Z Traceback (most recent call last):
2025-08-11T10:56:04.9824784Z   File "/home/runner/work/watch-party-backend/watch-party-backend/apps/authentication/tests.py", line 46, in test_full_name_property
2025-08-11T10:56:04.9825361Z     user = User.objects.create_user(**self.user_data)
2025-08-11T10:56:04.9825622Z            ^^^^^^^^^^^^^^^^^^^^^^^^^^^^^^^^^^^^^^^^^^
2025-08-11T10:56:04.9826149Z   File "/home/runner/work/watch-party-backend/watch-party-backend/apps/authentication/models.py", line 31, in create_user
2025-08-11T10:56:04.9826777Z     user.save(using=self._db)
2025-08-11T10:56:04.9827287Z   File "/opt/hostedtoolcache/Python/3.12.11/x64/lib/python3.12/site-packages/django/contrib/auth/base_user.py", line 78, in save
2025-08-11T10:56:04.9827797Z     super().save(*args, **kwargs)
2025-08-11T10:56:04.9828278Z   File "/opt/hostedtoolcache/Python/3.12.11/x64/lib/python3.12/site-packages/django/db/models/base.py", line 822, in save
2025-08-11T10:56:04.9828754Z     self.save_base(
2025-08-11T10:56:04.9829209Z   File "/opt/hostedtoolcache/Python/3.12.11/x64/lib/python3.12/site-packages/django/db/models/base.py", line 909, in save_base
2025-08-11T10:56:04.9829707Z     updated = self._save_table(
2025-08-11T10:56:04.9829910Z               ^^^^^^^^^^^^^^^^^
2025-08-11T10:56:04.9830394Z   File "/opt/hostedtoolcache/Python/3.12.11/x64/lib/python3.12/site-packages/django/db/models/base.py", line 1071, in _save_table
2025-08-11T10:56:04.9830905Z     results = self._do_insert(
2025-08-11T10:56:04.9831097Z               ^^^^^^^^^^^^^^^^
2025-08-11T10:56:04.9831768Z   File "/opt/hostedtoolcache/Python/3.12.11/x64/lib/python3.12/site-packages/django/db/models/base.py", line 1112, in _do_insert
2025-08-11T10:56:04.9832285Z     return manager._insert(
2025-08-11T10:56:04.9832480Z            ^^^^^^^^^^^^^^^^
2025-08-11T10:56:04.9833121Z   File "/opt/hostedtoolcache/Python/3.12.11/x64/lib/python3.12/site-packages/django/db/models/manager.py", line 87, in manager_method
2025-08-11T10:56:04.9833708Z     return getattr(self.get_queryset(), name)(*args, **kwargs)
2025-08-11T10:56:04.9833999Z            ^^^^^^^^^^^^^^^^^^^^^^^^^^^^^^^^^^^^^^^^^^^^^^^^^^^
2025-08-11T10:56:04.9834521Z   File "/opt/hostedtoolcache/Python/3.12.11/x64/lib/python3.12/site-packages/django/db/models/query.py", line 1847, in _insert
2025-08-11T10:56:04.9835107Z     return query.get_compiler(using=using).execute_sql(returning_fields)
2025-08-11T10:56:04.9835447Z            ^^^^^^^^^^^^^^^^^^^^^^^^^^^^^^^^^^^^^^^^^^^^^^^^^^^^^^^^^^^^^
2025-08-11T10:56:04.9836027Z   File "/opt/hostedtoolcache/Python/3.12.11/x64/lib/python3.12/site-packages/django/db/models/sql/compiler.py", line 1823, in execute_sql
2025-08-11T10:56:04.9836574Z     cursor.execute(sql, params)
2025-08-11T10:56:04.9837072Z   File "/opt/hostedtoolcache/Python/3.12.11/x64/lib/python3.12/site-packages/django/db/backends/utils.py", line 79, in execute
2025-08-11T10:56:04.9837587Z     return self._execute_with_wrappers(
2025-08-11T10:56:04.9837812Z            ^^^^^^^^^^^^^^^^^^^^^^^^^^^^
2025-08-11T10:56:04.9838380Z   File "/opt/hostedtoolcache/Python/3.12.11/x64/lib/python3.12/site-packages/django/db/backends/utils.py", line 92, in _execute_with_wrappers
2025-08-11T10:56:04.9838956Z     return executor(sql, params, many, context)
2025-08-11T10:56:04.9839207Z            ^^^^^^^^^^^^^^^^^^^^^^^^^^^^^^^^^^^^
2025-08-11T10:56:04.9839723Z   File "/opt/hostedtoolcache/Python/3.12.11/x64/lib/python3.12/site-packages/django/db/backends/utils.py", line 100, in _execute
2025-08-11T10:56:04.9840234Z     with self.db.wrap_database_errors:
2025-08-11T10:56:04.9840470Z          ^^^^^^^^^^^^^^^^^^^^^^^^^^^^
2025-08-11T10:56:04.9840939Z   File "/opt/hostedtoolcache/Python/3.12.11/x64/lib/python3.12/site-packages/django/db/utils.py", line 91, in __exit__
2025-08-11T10:56:04.9841649Z     raise dj_exc_value.with_traceback(traceback) from exc_value
2025-08-11T10:56:04.9842253Z   File "/opt/hostedtoolcache/Python/3.12.11/x64/lib/python3.12/site-packages/django/db/backends/utils.py", line 105, in _execute
2025-08-11T10:56:04.9842771Z     return self.cursor.execute(sql, params)
2025-08-11T10:56:04.9843013Z            ^^^^^^^^^^^^^^^^^^^^^^^^^^^^^^^^
2025-08-11T10:56:04.9843481Z   File "/opt/hostedtoolcache/Python/3.12.11/x64/lib/python3.12/site-packages/psycopg/cursor.py", line 97, in execute
2025-08-11T10:56:04.9843960Z     raise ex.with_traceback(None)
2025-08-11T10:56:04.9844316Z django.db.utils.ProgrammingError: relation "authentication_user" does not exist
2025-08-11T10:56:04.9844773Z LINE 1: INSERT INTO "authentication_user" ("password", "is_superuser...
2025-08-11T10:56:04.9845201Z                     ^
2025-08-11T10:56:04.9845318Z 
2025-08-11T10:56:04.9845406Z ======================================================================
2025-08-11T10:56:04.9845842Z ERROR: test_user_profile_created (apps.authentication.tests.UserModelTest.test_user_profile_created)
2025-08-11T10:56:04.9846301Z Test user profile is created automatically
2025-08-11T10:56:04.9846574Z ----------------------------------------------------------------------
2025-08-11T10:56:04.9846855Z Traceback (most recent call last):
2025-08-11T10:56:04.9847375Z   File "/opt/hostedtoolcache/Python/3.12.11/x64/lib/python3.12/site-packages/django/db/backends/utils.py", line 105, in _execute
2025-08-11T10:56:04.9847893Z     return self.cursor.execute(sql, params)
2025-08-11T10:56:04.9848154Z            ^^^^^^^^^^^^^^^^^^^^^^^^^^^^^^^^
2025-08-11T10:56:04.9848628Z   File "/opt/hostedtoolcache/Python/3.12.11/x64/lib/python3.12/site-packages/psycopg/cursor.py", line 97, in execute
2025-08-11T10:56:04.9849117Z     raise ex.with_traceback(None)
2025-08-11T10:56:04.9849465Z psycopg.errors.UndefinedTable: relation "authentication_user" does not exist
2025-08-11T10:56:04.9849906Z LINE 1: INSERT INTO "authentication_user" ("password", "is_superuser...
2025-08-11T10:56:04.9850212Z                     ^
2025-08-11T10:56:04.9850435Z 
2025-08-11T10:56:04.9850598Z The above exception was the direct cause of the following exception:
2025-08-11T10:56:04.9850842Z 
2025-08-11T10:56:04.9850925Z Traceback (most recent call last):
2025-08-11T10:56:04.9851685Z   File "/home/runner/work/watch-party-backend/watch-party-backend/apps/authentication/tests.py", line 40, in test_user_profile_created
2025-08-11T10:56:04.9852307Z     user = User.objects.create_user(**self.user_data)
2025-08-11T10:56:04.9852567Z            ^^^^^^^^^^^^^^^^^^^^^^^^^^^^^^^^^^^^^^^^^^
2025-08-11T10:56:04.9853088Z   File "/home/runner/work/watch-party-backend/watch-party-backend/apps/authentication/models.py", line 31, in create_user
2025-08-11T10:56:04.9853607Z     user.save(using=self._db)
2025-08-11T10:56:04.9854110Z   File "/opt/hostedtoolcache/Python/3.12.11/x64/lib/python3.12/site-packages/django/contrib/auth/base_user.py", line 78, in save
2025-08-11T10:56:04.9854616Z     super().save(*args, **kwargs)
2025-08-11T10:56:04.9855102Z   File "/opt/hostedtoolcache/Python/3.12.11/x64/lib/python3.12/site-packages/django/db/models/base.py", line 822, in save
2025-08-11T10:56:04.9855574Z     self.save_base(
2025-08-11T10:56:04.9856061Z   File "/opt/hostedtoolcache/Python/3.12.11/x64/lib/python3.12/site-packages/django/db/models/base.py", line 909, in save_base
2025-08-11T10:56:04.9856560Z     updated = self._save_table(
2025-08-11T10:56:04.9856763Z               ^^^^^^^^^^^^^^^^^
2025-08-11T10:56:04.9857249Z   File "/opt/hostedtoolcache/Python/3.12.11/x64/lib/python3.12/site-packages/django/db/models/base.py", line 1071, in _save_table
2025-08-11T10:56:04.9857758Z     results = self._do_insert(
2025-08-11T10:56:04.9857952Z               ^^^^^^^^^^^^^^^^
2025-08-11T10:56:04.9858438Z   File "/opt/hostedtoolcache/Python/3.12.11/x64/lib/python3.12/site-packages/django/db/models/base.py", line 1112, in _do_insert
2025-08-11T10:56:04.9858936Z     return manager._insert(
2025-08-11T10:56:04.9859124Z            ^^^^^^^^^^^^^^^^
2025-08-11T10:56:04.9859635Z   File "/opt/hostedtoolcache/Python/3.12.11/x64/lib/python3.12/site-packages/django/db/models/manager.py", line 87, in manager_method
2025-08-11T10:56:04.9860210Z     return getattr(self.get_queryset(), name)(*args, **kwargs)
2025-08-11T10:56:04.9860502Z            ^^^^^^^^^^^^^^^^^^^^^^^^^^^^^^^^^^^^^^^^^^^^^^^^^^^
2025-08-11T10:56:04.9861021Z   File "/opt/hostedtoolcache/Python/3.12.11/x64/lib/python3.12/site-packages/django/db/models/query.py", line 1847, in _insert
2025-08-11T10:56:04.9861791Z     return query.get_compiler(using=using).execute_sql(returning_fields)
2025-08-11T10:56:04.9862127Z            ^^^^^^^^^^^^^^^^^^^^^^^^^^^^^^^^^^^^^^^^^^^^^^^^^^^^^^^^^^^^^
2025-08-11T10:56:04.9862829Z   File "/opt/hostedtoolcache/Python/3.12.11/x64/lib/python3.12/site-packages/django/db/models/sql/compiler.py", line 1823, in execute_sql
2025-08-11T10:56:04.9863388Z     cursor.execute(sql, params)
2025-08-11T10:56:04.9863881Z   File "/opt/hostedtoolcache/Python/3.12.11/x64/lib/python3.12/site-packages/django/db/backends/utils.py", line 79, in execute
2025-08-11T10:56:04.9864391Z     return self._execute_with_wrappers(
2025-08-11T10:56:04.9864616Z            ^^^^^^^^^^^^^^^^^^^^^^^^^^^^
2025-08-11T10:56:04.9865182Z   File "/opt/hostedtoolcache/Python/3.12.11/x64/lib/python3.12/site-packages/django/db/backends/utils.py", line 92, in _execute_with_wrappers
2025-08-11T10:56:04.9865759Z     return executor(sql, params, many, context)
2025-08-11T10:56:04.9866008Z            ^^^^^^^^^^^^^^^^^^^^^^^^^^^^^^^^^^^^
2025-08-11T10:56:04.9866522Z   File "/opt/hostedtoolcache/Python/3.12.11/x64/lib/python3.12/site-packages/django/db/backends/utils.py", line 100, in _execute
2025-08-11T10:56:04.9867033Z     with self.db.wrap_database_errors:
2025-08-11T10:56:04.9867267Z          ^^^^^^^^^^^^^^^^^^^^^^^^^^^^
2025-08-11T10:56:04.9867731Z   File "/opt/hostedtoolcache/Python/3.12.11/x64/lib/python3.12/site-packages/django/db/utils.py", line 91, in __exit__
2025-08-11T10:56:04.9868283Z     raise dj_exc_value.with_traceback(traceback) from exc_value
2025-08-11T10:56:04.9868981Z   File "/opt/hostedtoolcache/Python/3.12.11/x64/lib/python3.12/site-packages/django/db/backends/utils.py", line 105, in _execute
2025-08-11T10:56:04.9869497Z     return self.cursor.execute(sql, params)
2025-08-11T10:56:04.9869738Z            ^^^^^^^^^^^^^^^^^^^^^^^^^^^^^^^^
2025-08-11T10:56:04.9870205Z   File "/opt/hostedtoolcache/Python/3.12.11/x64/lib/python3.12/site-packages/psycopg/cursor.py", line 97, in execute
2025-08-11T10:56:04.9870685Z     raise ex.with_traceback(None)
2025-08-11T10:56:04.9871034Z django.db.utils.ProgrammingError: relation "authentication_user" does not exist
2025-08-11T10:56:04.9871634Z LINE 1: INSERT INTO "authentication_user" ("password", "is_superuser...
2025-08-11T10:56:04.9872062Z                     ^
2025-08-11T10:56:04.9872173Z 
2025-08-11T10:56:04.9872257Z ======================================================================
2025-08-11T10:56:04.9872654Z ERROR: test_full_user_workflow (tests.test_base.IntegrationTestCase.test_full_user_workflow)
2025-08-11T10:56:04.9873149Z Test complete user workflow from registration to party participation
2025-08-11T10:56:04.9873496Z ----------------------------------------------------------------------
2025-08-11T10:56:04.9873772Z Traceback (most recent call last):
2025-08-11T10:56:04.9874224Z   File "/home/runner/work/watch-party-backend/watch-party-backend/tests/test_base.py", line 78, in setUp
2025-08-11T10:56:04.9874654Z     super().setUp()
2025-08-11T10:56:04.9875048Z   File "/home/runner/work/watch-party-backend/watch-party-backend/tests/test_base.py", line 35, in setUp
2025-08-11T10:56:04.9875484Z     self.user = self.create_test_user()
2025-08-11T10:56:04.9875708Z                 ^^^^^^^^^^^^^^^^^^^^^^^
2025-08-11T10:56:04.9876192Z   File "/home/runner/work/watch-party-backend/watch-party-backend/tests/test_base.py", line 46, in create_test_user
2025-08-11T10:56:04.9876679Z     return User.objects.create_user(
2025-08-11T10:56:04.9876898Z            ^^^^^^^^^^^^^^^^^^^^^^^^^
2025-08-11T10:56:04.9877316Z TypeError: UserManager.create_user() missing 2 required positional arguments: 'first_name' and 'last_name'
2025-08-11T10:56:04.9877687Z 
2025-08-11T10:56:04.9877766Z ======================================================================
2025-08-11T10:56:04.9878155Z ERROR: test_concurrent_user_load (tests.test_base.LoadTestCase.test_concurrent_user_load)
2025-08-11T10:56:04.9878556Z Test system behavior under concurrent user load
2025-08-11T10:56:04.9878848Z ----------------------------------------------------------------------
2025-08-11T10:56:04.9879117Z Traceback (most recent call last):
2025-08-11T10:56:04.9879557Z   File "/home/runner/work/watch-party-backend/watch-party-backend/tests/test_base.py", line 78, in setUp
2025-08-11T10:56:04.9880110Z     super().setUp()
2025-08-11T10:56:04.9880503Z   File "/home/runner/work/watch-party-backend/watch-party-backend/tests/test_base.py", line 35, in setUp
2025-08-11T10:56:04.9880943Z     self.user = self.create_test_user()
2025-08-11T10:56:04.9881165Z                 ^^^^^^^^^^^^^^^^^^^^^^^
2025-08-11T10:56:04.9881874Z   File "/home/runner/work/watch-party-backend/watch-party-backend/tests/test_base.py", line 46, in create_test_user
2025-08-11T10:56:04.9882368Z     return User.objects.create_user(
2025-08-11T10:56:04.9882583Z            ^^^^^^^^^^^^^^^^^^^^^^^^^
2025-08-11T10:56:04.9882997Z TypeError: UserManager.create_user() missing 2 required positional arguments: 'first_name' and 'last_name'
2025-08-11T10:56:04.9883359Z 
2025-08-11T10:56:04.9883440Z ======================================================================
2025-08-11T10:56:04.9883877Z ERROR: test_api_versioning_security (tests.test_security.APISecurityTests.test_api_versioning_security)
2025-08-11T10:56:04.9884319Z Test API versioning security
2025-08-11T10:56:04.9884559Z ----------------------------------------------------------------------
2025-08-11T10:56:04.9884833Z Traceback (most recent call last):
2025-08-11T10:56:04.9885294Z   File "/home/runner/work/watch-party-backend/watch-party-backend/tests/test_security.py", line 291, in setUp
2025-08-11T10:56:04.9885909Z     super().setUp()
2025-08-11T10:56:04.9886307Z   File "/home/runner/work/watch-party-backend/watch-party-backend/tests/test_base.py", line 78, in setUp
2025-08-11T10:56:04.9886726Z     super().setUp()
2025-08-11T10:56:04.9887115Z   File "/home/runner/work/watch-party-backend/watch-party-backend/tests/test_base.py", line 35, in setUp
2025-08-11T10:56:04.9887555Z     self.user = self.create_test_user()
2025-08-11T10:56:04.9887771Z                 ^^^^^^^^^^^^^^^^^^^^^^^
2025-08-11T10:56:04.9888261Z   File "/home/runner/work/watch-party-backend/watch-party-backend/tests/test_base.py", line 46, in create_test_user
2025-08-11T10:56:04.9888745Z     return User.objects.create_user(
2025-08-11T10:56:04.9888963Z            ^^^^^^^^^^^^^^^^^^^^^^^^^
2025-08-11T10:56:04.9889372Z TypeError: UserManager.create_user() missing 2 required positional arguments: 'first_name' and 'last_name'
2025-08-11T10:56:04.9889737Z 
2025-08-11T10:56:04.9889824Z ======================================================================
2025-08-11T10:56:04.9890266Z ERROR: test_authentication_required (tests.test_security.APISecurityTests.test_authentication_required)
2025-08-11T10:56:04.9890705Z Test that authentication is required
2025-08-11T10:56:04.9890968Z ----------------------------------------------------------------------
2025-08-11T10:56:04.9891234Z Traceback (most recent call last):
2025-08-11T10:56:04.9891931Z   File "/home/runner/work/watch-party-backend/watch-party-backend/tests/test_security.py", line 291, in setUp
2025-08-11T10:56:04.9892383Z     super().setUp()
2025-08-11T10:56:04.9892782Z   File "/home/runner/work/watch-party-backend/watch-party-backend/tests/test_base.py", line 78, in setUp
2025-08-11T10:56:04.9893204Z     super().setUp()
2025-08-11T10:56:04.9893597Z   File "/home/runner/work/watch-party-backend/watch-party-backend/tests/test_base.py", line 35, in setUp
2025-08-11T10:56:04.9894043Z     self.user = self.create_test_user()
2025-08-11T10:56:04.9894270Z                 ^^^^^^^^^^^^^^^^^^^^^^^
2025-08-11T10:56:04.9894743Z   File "/home/runner/work/watch-party-backend/watch-party-backend/tests/test_base.py", line 46, in create_test_user
2025-08-11T10:56:04.9895227Z     return User.objects.create_user(
2025-08-11T10:56:04.9895438Z            ^^^^^^^^^^^^^^^^^^^^^^^^^
2025-08-11T10:56:04.9895846Z TypeError: UserManager.create_user() missing 2 required positional arguments: 'first_name' and 'last_name'
2025-08-11T10:56:04.9896208Z 
2025-08-11T10:56:04.9896291Z ======================================================================
2025-08-11T10:56:04.9896720Z ERROR: test_content_type_validation (tests.test_security.APISecurityTests.test_content_type_validation)
2025-08-11T10:56:04.9897278Z Test content type validation
2025-08-11T10:56:04.9897524Z ----------------------------------------------------------------------
2025-08-11T10:56:04.9897797Z Traceback (most recent call last):
2025-08-11T10:56:04.9898256Z   File "/home/runner/work/watch-party-backend/watch-party-backend/tests/test_security.py", line 291, in setUp
2025-08-11T10:56:04.9898701Z     super().setUp()
2025-08-11T10:56:04.9899089Z   File "/home/runner/work/watch-party-backend/watch-party-backend/tests/test_base.py", line 78, in setUp
2025-08-11T10:56:04.9899506Z     super().setUp()
2025-08-11T10:56:04.9899892Z   File "/home/runner/work/watch-party-backend/watch-party-backend/tests/test_base.py", line 35, in setUp
2025-08-11T10:56:04.9900333Z     self.user = self.create_test_user()
2025-08-11T10:56:04.9900550Z                 ^^^^^^^^^^^^^^^^^^^^^^^
2025-08-11T10:56:04.9901025Z   File "/home/runner/work/watch-party-backend/watch-party-backend/tests/test_base.py", line 46, in create_test_user
2025-08-11T10:56:04.9901716Z     return User.objects.create_user(
2025-08-11T10:56:04.9901953Z            ^^^^^^^^^^^^^^^^^^^^^^^^^
2025-08-11T10:56:04.9902368Z TypeError: UserManager.create_user() missing 2 required positional arguments: 'first_name' and 'last_name'
2025-08-11T10:56:04.9902859Z 
2025-08-11T10:56:04.9902940Z ======================================================================
2025-08-11T10:56:04.9903329Z ERROR: test_csrf_protection (tests.test_security.APISecurityTests.test_csrf_protection)
2025-08-11T10:56:04.9903741Z Test CSRF protection on state-changing endpoints
2025-08-11T10:56:04.9904038Z ----------------------------------------------------------------------
2025-08-11T10:56:04.9904311Z Traceback (most recent call last):
2025-08-11T10:56:04.9904771Z   File "/home/runner/work/watch-party-backend/watch-party-backend/tests/test_security.py", line 291, in setUp
2025-08-11T10:56:04.9905218Z     super().setUp()
2025-08-11T10:56:04.9905606Z   File "/home/runner/work/watch-party-backend/watch-party-backend/tests/test_base.py", line 78, in setUp
2025-08-11T10:56:04.9906030Z     super().setUp()
2025-08-11T10:56:04.9906418Z   File "/home/runner/work/watch-party-backend/watch-party-backend/tests/test_base.py", line 35, in setUp
2025-08-11T10:56:04.9906853Z     self.user = self.create_test_user()
2025-08-11T10:56:04.9907082Z                 ^^^^^^^^^^^^^^^^^^^^^^^
2025-08-11T10:56:04.9907560Z   File "/home/runner/work/watch-party-backend/watch-party-backend/tests/test_base.py", line 46, in create_test_user
2025-08-11T10:56:04.9908044Z     return User.objects.create_user(
2025-08-11T10:56:04.9908261Z            ^^^^^^^^^^^^^^^^^^^^^^^^^
2025-08-11T10:56:04.9908667Z TypeError: UserManager.create_user() missing 2 required positional arguments: 'first_name' and 'last_name'
2025-08-11T10:56:04.9909035Z 
2025-08-11T10:56:04.9909113Z ======================================================================
2025-08-11T10:56:04.9909530Z ERROR: test_file_upload_security (tests.test_security.APISecurityTests.test_file_upload_security)
2025-08-11T10:56:04.9909940Z Test file upload security
2025-08-11T10:56:04.9910177Z ----------------------------------------------------------------------
2025-08-11T10:56:04.9910447Z Traceback (most recent call last):
2025-08-11T10:56:04.9910903Z   File "/home/runner/work/watch-party-backend/watch-party-backend/tests/test_security.py", line 291, in setUp
2025-08-11T10:56:04.9911353Z     super().setUp()
2025-08-11T10:56:04.9911996Z   File "/home/runner/work/watch-party-backend/watch-party-backend/tests/test_base.py", line 78, in setUp
2025-08-11T10:56:04.9912430Z     super().setUp()
2025-08-11T10:56:04.9912815Z   File "/home/runner/work/watch-party-backend/watch-party-backend/tests/test_base.py", line 35, in setUp
2025-08-11T10:56:04.9913258Z     self.user = self.create_test_user()
2025-08-11T10:56:04.9913480Z                 ^^^^^^^^^^^^^^^^^^^^^^^
2025-08-11T10:56:04.9913954Z   File "/home/runner/work/watch-party-backend/watch-party-backend/tests/test_base.py", line 46, in create_test_user
2025-08-11T10:56:04.9914563Z     return User.objects.create_user(
2025-08-11T10:56:04.9914783Z            ^^^^^^^^^^^^^^^^^^^^^^^^^
2025-08-11T10:56:04.9915195Z TypeError: UserManager.create_user() missing 2 required positional arguments: 'first_name' and 'last_name'
2025-08-11T10:56:04.9915561Z 
2025-08-11T10:56:04.9915646Z ======================================================================
2025-08-11T10:56:04.9916016Z ERROR: test_rate_limiting (tests.test_security.APISecurityTests.test_rate_limiting)
2025-08-11T10:56:04.9916379Z Test API rate limiting
2025-08-11T10:56:04.9916601Z ----------------------------------------------------------------------
2025-08-11T10:56:04.9916873Z Traceback (most recent call last):
2025-08-11T10:56:04.9917329Z   File "/home/runner/work/watch-party-backend/watch-party-backend/tests/test_security.py", line 291, in setUp
2025-08-11T10:56:04.9917768Z     super().setUp()
2025-08-11T10:56:04.9918169Z   File "/home/runner/work/watch-party-backend/watch-party-backend/tests/test_base.py", line 78, in setUp
2025-08-11T10:56:04.9918589Z     super().setUp()
2025-08-11T10:56:04.9918979Z   File "/home/runner/work/watch-party-backend/watch-party-backend/tests/test_base.py", line 35, in setUp
2025-08-11T10:56:04.9919420Z     self.user = self.create_test_user()
2025-08-11T10:56:04.9919756Z                 ^^^^^^^^^^^^^^^^^^^^^^^
2025-08-11T10:56:04.9920235Z   File "/home/runner/work/watch-party-backend/watch-party-backend/tests/test_base.py", line 46, in create_test_user
2025-08-11T10:56:04.9920716Z     return User.objects.create_user(
2025-08-11T10:56:04.9920935Z            ^^^^^^^^^^^^^^^^^^^^^^^^^
2025-08-11T10:56:04.9921343Z TypeError: UserManager.create_user() missing 2 required positional arguments: 'first_name' and 'last_name'
2025-08-11T10:56:04.9921827Z 
2025-08-11T10:56:04.9921906Z ======================================================================
2025-08-11T10:56:04.9922315Z ERROR: test_request_size_limits (tests.test_security.APISecurityTests.test_request_size_limits)
2025-08-11T10:56:04.9922718Z Test request size limits
2025-08-11T10:56:04.9922948Z ----------------------------------------------------------------------
2025-08-11T10:56:04.9923220Z Traceback (most recent call last):
2025-08-11T10:56:04.9923683Z   File "/home/runner/work/watch-party-backend/watch-party-backend/tests/test_security.py", line 291, in setUp
2025-08-11T10:56:04.9924131Z     super().setUp()
2025-08-11T10:56:04.9924515Z   File "/home/runner/work/watch-party-backend/watch-party-backend/tests/test_base.py", line 78, in setUp
2025-08-11T10:56:04.9924944Z     super().setUp()
2025-08-11T10:56:04.9925331Z   File "/home/runner/work/watch-party-backend/watch-party-backend/tests/test_base.py", line 35, in setUp
2025-08-11T10:56:04.9925767Z     self.user = self.create_test_user()
2025-08-11T10:56:04.9925989Z                 ^^^^^^^^^^^^^^^^^^^^^^^
2025-08-11T10:56:04.9926463Z   File "/home/runner/work/watch-party-backend/watch-party-backend/tests/test_base.py", line 46, in create_test_user
2025-08-11T10:56:04.9926952Z     return User.objects.create_user(
2025-08-11T10:56:04.9927170Z            ^^^^^^^^^^^^^^^^^^^^^^^^^
2025-08-11T10:56:04.9927574Z TypeError: UserManager.create_user() missing 2 required positional arguments: 'first_name' and 'last_name'
2025-08-11T10:56:04.9927936Z 
2025-08-11T10:56:04.9928018Z ======================================================================
2025-08-11T10:56:04.9928461Z ERROR: test_sql_injection_protection (tests.test_security.APISecurityTests.test_sql_injection_protection)
2025-08-11T10:56:04.9928905Z Test SQL injection protection
2025-08-11T10:56:04.9929153Z ----------------------------------------------------------------------
2025-08-11T10:56:04.9929420Z Traceback (most recent call last):
2025-08-11T10:56:04.9929879Z   File "/home/runner/work/watch-party-backend/watch-party-backend/tests/test_security.py", line 291, in setUp
2025-08-11T10:56:04.9930318Z     super().setUp()
2025-08-11T10:56:04.9930824Z   File "/home/runner/work/watch-party-backend/watch-party-backend/tests/test_base.py", line 78, in setUp
2025-08-11T10:56:04.9931253Z     super().setUp()
2025-08-11T10:56:04.9931739Z   File "/home/runner/work/watch-party-backend/watch-party-backend/tests/test_base.py", line 35, in setUp
2025-08-11T10:56:04.9932182Z     self.user = self.create_test_user()
2025-08-11T10:56:04.9932410Z                 ^^^^^^^^^^^^^^^^^^^^^^^
2025-08-11T10:56:04.9932878Z   File "/home/runner/work/watch-party-backend/watch-party-backend/tests/test_base.py", line 46, in create_test_user
2025-08-11T10:56:04.9933361Z     return User.objects.create_user(
2025-08-11T10:56:04.9933573Z            ^^^^^^^^^^^^^^^^^^^^^^^^^
2025-08-11T10:56:04.9933980Z TypeError: UserManager.create_user() missing 2 required positional arguments: 'first_name' and 'last_name'
2025-08-11T10:56:04.9934337Z 
2025-08-11T10:56:04.9934425Z ======================================================================
2025-08-11T10:56:04.9934800Z ERROR: test_xss_protection (tests.test_security.APISecurityTests.test_xss_protection)
2025-08-11T10:56:04.9935174Z Test XSS protection
2025-08-11T10:56:04.9935380Z ----------------------------------------------------------------------
2025-08-11T10:56:04.9935652Z Traceback (most recent call last):
2025-08-11T10:56:04.9936105Z   File "/home/runner/work/watch-party-backend/watch-party-backend/tests/test_security.py", line 291, in setUp
2025-08-11T10:56:04.9936669Z     super().setUp()
2025-08-11T10:56:04.9937056Z   File "/home/runner/work/watch-party-backend/watch-party-backend/tests/test_base.py", line 78, in setUp
2025-08-11T10:56:04.9937470Z     super().setUp()
2025-08-11T10:56:04.9937850Z   File "/home/runner/work/watch-party-backend/watch-party-backend/tests/test_base.py", line 35, in setUp
2025-08-11T10:56:04.9938284Z     self.user = self.create_test_user()
2025-08-11T10:56:04.9938501Z                 ^^^^^^^^^^^^^^^^^^^^^^^
2025-08-11T10:56:04.9938974Z   File "/home/runner/work/watch-party-backend/watch-party-backend/tests/test_base.py", line 46, in create_test_user
2025-08-11T10:56:04.9939455Z     return User.objects.create_user(
2025-08-11T10:56:04.9939668Z            ^^^^^^^^^^^^^^^^^^^^^^^^^
2025-08-11T10:56:04.9940068Z TypeError: UserManager.create_user() missing 2 required positional arguments: 'first_name' and 'last_name'
2025-08-11T10:56:04.9940425Z 
2025-08-11T10:56:04.9940501Z ======================================================================
2025-08-11T10:56:04.9940985Z ERROR: test_brute_force_protection (tests.test_security.AuthenticationSecurityTests.test_brute_force_protection)
2025-08-11T10:56:04.9941598Z Test brute force protection on login
2025-08-11T10:56:04.9941940Z ----------------------------------------------------------------------
2025-08-11T10:56:04.9942217Z Traceback (most recent call last):
2025-08-11T10:56:04.9942654Z   File "/home/runner/work/watch-party-backend/watch-party-backend/tests/test_base.py", line 78, in setUp
2025-08-11T10:56:04.9943080Z     super().setUp()
2025-08-11T10:56:04.9943461Z   File "/home/runner/work/watch-party-backend/watch-party-backend/tests/test_base.py", line 35, in setUp
2025-08-11T10:56:04.9943902Z     self.user = self.create_test_user()
2025-08-11T10:56:04.9944122Z                 ^^^^^^^^^^^^^^^^^^^^^^^
2025-08-11T10:56:04.9944594Z   File "/home/runner/work/watch-party-backend/watch-party-backend/tests/test_base.py", line 46, in create_test_user
2025-08-11T10:56:04.9945079Z     return User.objects.create_user(
2025-08-11T10:56:04.9945288Z            ^^^^^^^^^^^^^^^^^^^^^^^^^
2025-08-11T10:56:04.9945697Z TypeError: UserManager.create_user() missing 2 required positional arguments: 'first_name' and 'last_name'
2025-08-11T10:56:04.9946060Z 
2025-08-11T10:56:04.9946147Z ======================================================================
2025-08-11T10:56:04.9946583Z ERROR: test_jwt_token_security (tests.test_security.AuthenticationSecurityTests.test_jwt_token_security)
2025-08-11T10:56:04.9947028Z Test JWT token security measures
2025-08-11T10:56:04.9947276Z ----------------------------------------------------------------------
2025-08-11T10:56:04.9947672Z Traceback (most recent call last):
2025-08-11T10:56:04.9948117Z   File "/home/runner/work/watch-party-backend/watch-party-backend/tests/test_base.py", line 78, in setUp
2025-08-11T10:56:04.9948535Z     super().setUp()
2025-08-11T10:56:04.9948932Z   File "/home/runner/work/watch-party-backend/watch-party-backend/tests/test_base.py", line 35, in setUp
2025-08-11T10:56:04.9949371Z     self.user = self.create_test_user()
2025-08-11T10:56:04.9949591Z                 ^^^^^^^^^^^^^^^^^^^^^^^
2025-08-11T10:56:04.9950068Z   File "/home/runner/work/watch-party-backend/watch-party-backend/tests/test_base.py", line 46, in create_test_user
2025-08-11T10:56:04.9950548Z     return User.objects.create_user(
2025-08-11T10:56:04.9950766Z            ^^^^^^^^^^^^^^^^^^^^^^^^^
2025-08-11T10:56:04.9951172Z TypeError: UserManager.create_user() missing 2 required positional arguments: 'first_name' and 'last_name'
2025-08-11T10:56:04.9951762Z 
2025-08-11T10:56:04.9951850Z ======================================================================
2025-08-11T10:56:04.9952385Z ERROR: test_password_policy_enforcement (tests.test_security.AuthenticationSecurityTests.test_password_policy_enforcement)
2025-08-11T10:56:04.9952905Z Test password policy enforcement
2025-08-11T10:56:04.9953174Z ----------------------------------------------------------------------
2025-08-11T10:56:04.9953571Z Traceback (most recent call last):
2025-08-11T10:56:04.9954015Z   File "/home/runner/work/watch-party-backend/watch-party-backend/tests/test_base.py", line 78, in setUp
2025-08-11T10:56:04.9954442Z     super().setUp()
2025-08-11T10:56:04.9954826Z   File "/home/runner/work/watch-party-backend/watch-party-backend/tests/test_base.py", line 35, in setUp
2025-08-11T10:56:04.9955264Z     self.user = self.create_test_user()
2025-08-11T10:56:04.9955480Z                 ^^^^^^^^^^^^^^^^^^^^^^^
2025-08-11T10:56:04.9955991Z   File "/home/runner/work/watch-party-backend/watch-party-backend/tests/test_base.py", line 46, in create_test_user
2025-08-11T10:56:04.9956481Z     return User.objects.create_user(
2025-08-11T10:56:04.9956693Z            ^^^^^^^^^^^^^^^^^^^^^^^^^
2025-08-11T10:56:04.9957102Z TypeError: UserManager.create_user() missing 2 required positional arguments: 'first_name' and 'last_name'
2025-08-11T10:56:04.9957457Z 
2025-08-11T10:56:04.9957539Z ======================================================================
2025-08-11T10:56:04.9958009Z ERROR: test_data_validation_completeness (tests.test_security.ComplianceTests.test_data_validation_completeness)
2025-08-11T10:56:04.9958481Z Test that all user inputs are validated
2025-08-11T10:56:04.9958740Z ----------------------------------------------------------------------
2025-08-11T10:56:04.9959023Z Traceback (most recent call last):
2025-08-11T10:56:04.9959591Z   File "/home/runner/work/watch-party-backend/watch-party-backend/tests/test_security.py", line 492, in test_data_validation_completeness
2025-08-11T10:56:04.9960181Z     response = self.auth_client.put(endpoint, data)
2025-08-11T10:56:04.9960445Z                ^^^^^^^^^^^^^^^^
2025-08-11T10:56:04.9960830Z AttributeError: 'ComplianceTests' object has no attribute 'auth_client'. Did you mean: 'async_client'?
2025-08-11T10:56:04.9961183Z 
2025-08-11T10:56:04.9961261Z ======================================================================
2025-08-11T10:56:04.9961819Z ERROR: test_password_storage_security (tests.test_security.ComplianceTests.test_password_storage_security)
2025-08-11T10:56:04.9962279Z Test that passwords are properly hashed
2025-08-11T10:56:04.9962545Z ----------------------------------------------------------------------
2025-08-11T10:56:04.9962817Z Traceback (most recent call last):
2025-08-11T10:56:04.9963375Z   File "/home/runner/work/watch-party-backend/watch-party-backend/tests/test_security.py", line 461, in test_password_storage_security
2025-08-11T10:56:04.9963922Z     user = User.objects.create_user(
2025-08-11T10:56:04.9964139Z            ^^^^^^^^^^^^^^^^^^^^^^^^^
2025-08-11T10:56:04.9964672Z TypeError: UserManager.create_user() missing 2 required positional arguments: 'first_name' and 'last_name'
2025-08-11T10:56:04.9965037Z 
2025-08-11T10:56:04.9965113Z ======================================================================
2025-08-11T10:56:04.9965538Z ERROR: test_sensitive_data_exposure (tests.test_security.ComplianceTests.test_sensitive_data_exposure)
2025-08-11T10:56:04.9966023Z Test that sensitive data is not exposed in API responses
2025-08-11T10:56:04.9966340Z ----------------------------------------------------------------------
2025-08-11T10:56:04.9966601Z Traceback (most recent call last):
2025-08-11T10:56:04.9967157Z   File "/home/runner/work/watch-party-backend/watch-party-backend/tests/test_security.py", line 473, in test_sensitive_data_exposure
2025-08-11T10:56:04.9967744Z     response = self.auth_client.get('/api/users/profile/')
2025-08-11T10:56:04.9968013Z                ^^^^^^^^^^^^^^^^
2025-08-11T10:56:04.9968400Z AttributeError: 'ComplianceTests' object has no attribute 'auth_client'. Did you mean: 'async_client'?
2025-08-11T10:56:04.9968748Z 
2025-08-11T10:56:04.9968832Z ======================================================================
2025-08-11T10:56:04.9969241Z ERROR: test_dos_protection (tests.test_security.PerformanceSecurityTests.test_dos_protection)
2025-08-11T10:56:04.9969660Z Test denial of service protection
2025-08-11T10:56:04.9970023Z ----------------------------------------------------------------------
2025-08-11T10:56:04.9970294Z Traceback (most recent call last):
2025-08-11T10:56:04.9970734Z   File "/home/runner/work/watch-party-backend/watch-party-backend/tests/test_base.py", line 78, in setUp
2025-08-11T10:56:04.9971162Z     super().setUp()
2025-08-11T10:56:04.9971675Z   File "/home/runner/work/watch-party-backend/watch-party-backend/tests/test_base.py", line 35, in setUp
2025-08-11T10:56:04.9972115Z     self.user = self.create_test_user()
2025-08-11T10:56:04.9972342Z                 ^^^^^^^^^^^^^^^^^^^^^^^
2025-08-11T10:56:04.9972828Z   File "/home/runner/work/watch-party-backend/watch-party-backend/tests/test_base.py", line 46, in create_test_user
2025-08-11T10:56:04.9973314Z     return User.objects.create_user(
2025-08-11T10:56:04.9973538Z            ^^^^^^^^^^^^^^^^^^^^^^^^^
2025-08-11T10:56:04.9973942Z TypeError: UserManager.create_user() missing 2 required positional arguments: 'first_name' and 'last_name'
2025-08-11T10:56:04.9974317Z 
2025-08-11T10:56:04.9974394Z ======================================================================
2025-08-11T10:56:04.9974897Z ERROR: test_query_injection_prevention (tests.test_security.PerformanceSecurityTests.test_query_injection_prevention)
2025-08-11T10:56:04.9975399Z Test prevention of query injection attacks
2025-08-11T10:56:04.9975675Z ----------------------------------------------------------------------
2025-08-11T10:56:04.9975945Z Traceback (most recent call last):
2025-08-11T10:56:04.9976387Z   File "/home/runner/work/watch-party-backend/watch-party-backend/tests/test_base.py", line 78, in setUp
2025-08-11T10:56:04.9976814Z     super().setUp()
2025-08-11T10:56:04.9977205Z   File "/home/runner/work/watch-party-backend/watch-party-backend/tests/test_base.py", line 35, in setUp
2025-08-11T10:56:04.9977645Z     self.user = self.create_test_user()
2025-08-11T10:56:04.9977861Z                 ^^^^^^^^^^^^^^^^^^^^^^^
2025-08-11T10:56:04.9978339Z   File "/home/runner/work/watch-party-backend/watch-party-backend/tests/test_base.py", line 46, in create_test_user
2025-08-11T10:56:04.9978830Z     return User.objects.create_user(
2025-08-11T10:56:04.9979043Z            ^^^^^^^^^^^^^^^^^^^^^^^^^
2025-08-11T10:56:04.9979454Z TypeError: UserManager.create_user() missing 2 required positional arguments: 'first_name' and 'last_name'
2025-08-11T10:56:04.9979812Z 
2025-08-11T10:56:04.9979890Z ======================================================================
2025-08-11T10:56:04.9980316Z ERROR: test_admin_action_logging (tests.test_security.SecurityAuditTests.test_admin_action_logging)
2025-08-11T10:56:04.9980743Z Test admin action logging
2025-08-11T10:56:04.9981093Z ----------------------------------------------------------------------
2025-08-11T10:56:04.9981372Z Traceback (most recent call last):
2025-08-11T10:56:04.9982039Z   File "/home/runner/work/watch-party-backend/watch-party-backend/tests/test_base.py", line 78, in setUp
2025-08-11T10:56:04.9982471Z     super().setUp()
2025-08-11T10:56:04.9982865Z   File "/home/runner/work/watch-party-backend/watch-party-backend/tests/test_base.py", line 35, in setUp
2025-08-11T10:56:04.9983302Z     self.user = self.create_test_user()
2025-08-11T10:56:04.9983522Z                 ^^^^^^^^^^^^^^^^^^^^^^^
2025-08-11T10:56:04.9983992Z   File "/home/runner/work/watch-party-backend/watch-party-backend/tests/test_base.py", line 46, in create_test_user
2025-08-11T10:56:04.9984476Z     return User.objects.create_user(
2025-08-11T10:56:04.9984692Z            ^^^^^^^^^^^^^^^^^^^^^^^^^
2025-08-11T10:56:04.9985092Z TypeError: UserManager.create_user() missing 2 required positional arguments: 'first_name' and 'last_name'
2025-08-11T10:56:04.9985457Z 
2025-08-11T10:56:04.9985543Z ======================================================================
2025-08-11T10:56:04.9985977Z ERROR: test_security_event_logging (tests.test_security.SecurityAuditTests.test_security_event_logging)
2025-08-11T10:56:04.9986440Z Test that security events are properly logged
2025-08-11T10:56:04.9986858Z ----------------------------------------------------------------------
2025-08-11T10:56:04.9987126Z Traceback (most recent call last):
2025-08-11T10:56:04.9987568Z   File "/home/runner/work/watch-party-backend/watch-party-backend/tests/test_base.py", line 78, in setUp
2025-08-11T10:56:04.9987990Z     super().setUp()
2025-08-11T10:56:04.9988381Z   File "/home/runner/work/watch-party-backend/watch-party-backend/tests/test_base.py", line 35, in setUp
2025-08-11T10:56:04.9988818Z     self.user = self.create_test_user()
2025-08-11T10:56:04.9989034Z                 ^^^^^^^^^^^^^^^^^^^^^^^
2025-08-11T10:56:04.9989513Z   File "/home/runner/work/watch-party-backend/watch-party-backend/tests/test_base.py", line 46, in create_test_user
2025-08-11T10:56:04.9989996Z     return User.objects.create_user(
2025-08-11T10:56:04.9990221Z            ^^^^^^^^^^^^^^^^^^^^^^^^^
2025-08-11T10:56:04.9990634Z TypeError: UserManager.create_user() missing 2 required positional arguments: 'first_name' and 'last_name'
2025-08-11T10:56:04.9991001Z 
2025-08-11T10:56:04.9991084Z ======================================================================
2025-08-11T10:56:04.9991851Z ERROR: test_file_upload_security_middleware (tests.test_security.SecurityMiddlewareTests.test_file_upload_security_middleware)
2025-08-11T10:56:04.9992384Z Test file upload security middleware
2025-08-11T10:56:04.9992661Z ----------------------------------------------------------------------
2025-08-11T10:56:04.9992938Z Traceback (most recent call last):
2025-08-11T10:56:04.9993382Z   File "/home/runner/work/watch-party-backend/watch-party-backend/tests/test_base.py", line 78, in setUp
2025-08-11T10:56:04.9993814Z     super().setUp()
2025-08-11T10:56:04.9994211Z   File "/home/runner/work/watch-party-backend/watch-party-backend/tests/test_base.py", line 35, in setUp
2025-08-11T10:56:04.9994682Z     self.user = self.create_test_user()
2025-08-11T10:56:04.9994914Z                 ^^^^^^^^^^^^^^^^^^^^^^^
2025-08-11T10:56:04.9995399Z   File "/home/runner/work/watch-party-backend/watch-party-backend/tests/test_base.py", line 46, in create_test_user
2025-08-11T10:56:04.9995890Z     return User.objects.create_user(
2025-08-11T10:56:04.9996105Z            ^^^^^^^^^^^^^^^^^^^^^^^^^
2025-08-11T10:56:04.9996516Z TypeError: UserManager.create_user() missing 2 required positional arguments: 'first_name' and 'last_name'
2025-08-11T10:56:04.9996878Z 
2025-08-11T10:56:04.9996963Z ======================================================================
2025-08-11T10:56:04.9997383Z ERROR: test_security_headers (tests.test_security.SecurityMiddlewareTests.test_security_headers)
2025-08-11T10:56:04.9997802Z Test security headers are added
2025-08-11T10:56:04.9998170Z ----------------------------------------------------------------------
2025-08-11T10:56:04.9998453Z Traceback (most recent call last):
2025-08-11T10:56:04.9998898Z   File "/home/runner/work/watch-party-backend/watch-party-backend/tests/test_base.py", line 78, in setUp
2025-08-11T10:56:04.9999327Z     super().setUp()
2025-08-11T10:56:04.9999728Z   File "/home/runner/work/watch-party-backend/watch-party-backend/tests/test_base.py", line 35, in setUp
2025-08-11T10:56:05.0000179Z     self.user = self.create_test_user()
2025-08-11T10:56:05.0000413Z                 ^^^^^^^^^^^^^^^^^^^^^^^
2025-08-11T10:56:05.0000908Z   File "/home/runner/work/watch-party-backend/watch-party-backend/tests/test_base.py", line 46, in create_test_user
2025-08-11T10:56:05.0001403Z     return User.objects.create_user(
2025-08-11T10:56:05.0001747Z            ^^^^^^^^^^^^^^^^^^^^^^^^^
2025-08-11T10:56:05.0002162Z TypeError: UserManager.create_user() missing 2 required positional arguments: 'first_name' and 'last_name'
2025-08-11T10:56:05.0002536Z 
2025-08-11T10:56:05.0002625Z ======================================================================
2025-08-11T10:56:05.0003135Z ERROR: test_suspicious_request_blocking (tests.test_security.SecurityMiddlewareTests.test_suspicious_request_blocking)
2025-08-11T10:56:05.0003655Z Test suspicious request detection and blocking
2025-08-11T10:56:05.0004107Z ----------------------------------------------------------------------
2025-08-11T10:56:05.0004382Z Traceback (most recent call last):
2025-08-11T10:56:05.0004832Z   File "/home/runner/work/watch-party-backend/watch-party-backend/tests/test_base.py", line 78, in setUp
2025-08-11T10:56:05.0005269Z     super().setUp()
2025-08-11T10:56:05.0005662Z   File "/home/runner/work/watch-party-backend/watch-party-backend/tests/test_base.py", line 35, in setUp
2025-08-11T10:56:05.0006107Z     self.user = self.create_test_user()
2025-08-11T10:56:05.0006330Z                 ^^^^^^^^^^^^^^^^^^^^^^^
2025-08-11T10:56:05.0006819Z   File "/home/runner/work/watch-party-backend/watch-party-backend/tests/test_base.py", line 46, in create_test_user
2025-08-11T10:56:05.0007311Z     return User.objects.create_user(
2025-08-11T10:56:05.0007527Z            ^^^^^^^^^^^^^^^^^^^^^^^^^
2025-08-11T10:56:05.0007939Z TypeError: UserManager.create_user() missing 2 required positional arguments: 'first_name' and 'last_name'
2025-08-11T10:56:05.0008306Z 
2025-08-11T10:56:05.0008393Z ======================================================================
2025-08-11T10:56:05.0008833Z ERROR: test_websocket_authentication (tests.test_base.WebSocketTestCase.test_websocket_authentication)
2025-08-11T10:56:05.0009276Z Test WebSocket authentication
2025-08-11T10:56:05.0009523Z ----------------------------------------------------------------------
2025-08-11T10:56:05.0009801Z Traceback (most recent call last):
2025-08-11T10:56:05.0010249Z   File "/home/runner/work/watch-party-backend/watch-party-backend/tests/test_base.py", line 255, in setUp
2025-08-11T10:56:05.0010711Z     self.user = User.objects.create_user(
2025-08-11T10:56:05.0010952Z                 ^^^^^^^^^^^^^^^^^^^^^^^^^
2025-08-11T10:56:05.0011367Z TypeError: UserManager.create_user() missing 2 required positional arguments: 'first_name' and 'last_name'
2025-08-11T10:56:05.0011844Z 
2025-08-11T10:56:05.0011925Z ======================================================================
2025-08-11T10:56:05.0012363Z ERROR: test_websocket_authentication (tests.test_base.WebSocketTestCase.test_websocket_authentication)
2025-08-11T10:56:05.0012804Z Test WebSocket authentication
2025-08-11T10:56:05.0013051Z ----------------------------------------------------------------------
2025-08-11T10:56:05.0013322Z Traceback (most recent call last):
2025-08-11T10:56:05.0013863Z   File "/opt/hostedtoolcache/Python/3.12.11/x64/lib/python3.12/site-packages/django/db/backends/utils.py", line 103, in _execute
2025-08-11T10:56:05.0014383Z     return self.cursor.execute(sql)
2025-08-11T10:56:05.0014604Z            ^^^^^^^^^^^^^^^^^^^^^^^^
2025-08-11T10:56:05.0015219Z   File "/opt/hostedtoolcache/Python/3.12.11/x64/lib/python3.12/site-packages/psycopg/cursor.py", line 97, in execute
2025-08-11T10:56:05.0015710Z     raise ex.with_traceback(None)
2025-08-11T10:56:05.0016137Z psycopg.errors.FeatureNotSupported: cannot truncate a table referenced in a foreign key constraint
2025-08-11T10:56:05.0016625Z DETAIL:  Table "auth_user_groups" references "auth_group".
2025-08-11T10:56:05.0017040Z HINT:  Truncate table "auth_user_groups" at the same time, or use TRUNCATE ... CASCADE.
2025-08-11T10:56:05.0017325Z 
2025-08-11T10:56:05.0017493Z The above exception was the direct cause of the following exception:
2025-08-11T10:56:05.0017736Z 
2025-08-11T10:56:05.0017817Z Traceback (most recent call last):
2025-08-11T10:56:05.0018382Z   File "/opt/hostedtoolcache/Python/3.12.11/x64/lib/python3.12/site-packages/django/core/management/commands/flush.py", line 73, in handle
2025-08-11T10:56:05.0018991Z     connection.ops.execute_sql_flush(sql_list)
2025-08-11T10:56:05.0019637Z   File "/opt/hostedtoolcache/Python/3.12.11/x64/lib/python3.12/site-packages/django/db/backends/base/operations.py", line 461, in execute_sql_flush
2025-08-11T10:56:05.0020232Z     cursor.execute(sql)
2025-08-11T10:56:05.0020716Z   File "/opt/hostedtoolcache/Python/3.12.11/x64/lib/python3.12/site-packages/django/db/backends/utils.py", line 79, in execute
2025-08-11T10:56:05.0021392Z     return self._execute_with_wrappers(
2025-08-11T10:56:05.0021862Z            ^^^^^^^^^^^^^^^^^^^^^^^^^^^^
2025-08-11T10:56:05.0022445Z   File "/opt/hostedtoolcache/Python/3.12.11/x64/lib/python3.12/site-packages/django/db/backends/utils.py", line 92, in _execute_with_wrappers
2025-08-11T10:56:05.0023037Z     return executor(sql, params, many, context)
2025-08-11T10:56:05.0023288Z            ^^^^^^^^^^^^^^^^^^^^^^^^^^^^^^^^^^^^
2025-08-11T10:56:05.0023807Z   File "/opt/hostedtoolcache/Python/3.12.11/x64/lib/python3.12/site-packages/django/db/backends/utils.py", line 100, in _execute
2025-08-11T10:56:05.0024330Z     with self.db.wrap_database_errors:
2025-08-11T10:56:05.0024560Z          ^^^^^^^^^^^^^^^^^^^^^^^^^^^^
2025-08-11T10:56:05.0025055Z   File "/opt/hostedtoolcache/Python/3.12.11/x64/lib/python3.12/site-packages/django/db/utils.py", line 91, in __exit__
2025-08-11T10:56:05.0025618Z     raise dj_exc_value.with_traceback(traceback) from exc_value
2025-08-11T10:56:05.0026206Z   File "/opt/hostedtoolcache/Python/3.12.11/x64/lib/python3.12/site-packages/django/db/backends/utils.py", line 103, in _execute
2025-08-11T10:56:05.0026726Z     return self.cursor.execute(sql)
2025-08-11T10:56:05.0026945Z            ^^^^^^^^^^^^^^^^^^^^^^^^
2025-08-11T10:56:05.0027406Z   File "/opt/hostedtoolcache/Python/3.12.11/x64/lib/python3.12/site-packages/psycopg/cursor.py", line 97, in execute
2025-08-11T10:56:05.0027895Z     raise ex.with_traceback(None)
2025-08-11T10:56:05.0028302Z django.db.utils.NotSupportedError: cannot truncate a table referenced in a foreign key constraint
2025-08-11T10:56:05.0028775Z DETAIL:  Table "auth_user_groups" references "auth_group".
2025-08-11T10:56:05.0029188Z HINT:  Truncate table "auth_user_groups" at the same time, or use TRUNCATE ... CASCADE.
2025-08-11T10:56:05.0029473Z 
2025-08-11T10:56:05.0029633Z The above exception was the direct cause of the following exception:
2025-08-11T10:56:05.0029877Z 
2025-08-11T10:56:05.0029970Z Traceback (most recent call last):
2025-08-11T10:56:05.0030507Z   File "/opt/hostedtoolcache/Python/3.12.11/x64/lib/python3.12/site-packages/django/test/testcases.py", line 296, in _setup_and_call
2025-08-11T10:56:05.0031039Z     self._post_teardown()
2025-08-11T10:56:05.0031769Z   File "/opt/hostedtoolcache/Python/3.12.11/x64/lib/python3.12/site-packages/django/test/testcases.py", line 1102, in _post_teardown
2025-08-11T10:56:05.0032314Z     self._fixture_teardown()
2025-08-11T10:56:05.0032863Z   File "/opt/hostedtoolcache/Python/3.12.11/x64/lib/python3.12/site-packages/django/test/testcases.py", line 1136, in _fixture_teardown
2025-08-11T10:56:05.0033396Z     call_command(
2025-08-11T10:56:05.0034042Z   File "/opt/hostedtoolcache/Python/3.12.11/x64/lib/python3.12/site-packages/django/core/management/__init__.py", line 194, in call_command
2025-08-11T10:56:05.0034625Z     return command.execute(*args, **defaults)
2025-08-11T10:56:05.0034869Z            ^^^^^^^^^^^^^^^^^^^^^^^^^^^^^^^^^^
2025-08-11T10:56:05.0035405Z   File "/opt/hostedtoolcache/Python/3.12.11/x64/lib/python3.12/site-packages/django/core/management/base.py", line 459, in execute
2025-08-11T10:56:05.0035946Z     output = self.handle(*args, **options)
2025-08-11T10:56:05.0036176Z              ^^^^^^^^^^^^^^^^^^^^^^^^^^^^^
2025-08-11T10:56:05.0036735Z   File "/opt/hostedtoolcache/Python/3.12.11/x64/lib/python3.12/site-packages/django/core/management/commands/flush.py", line 75, in handle
2025-08-11T10:56:05.0037296Z     raise CommandError(
2025-08-11T10:56:05.0037708Z django.core.management.base.CommandError: Database test_watchparty couldn't be flushed. Possible reasons:
2025-08-11T10:56:05.0038217Z   * The database isn't running or isn't configured correctly.
2025-08-11T10:56:05.0038558Z   * At least one of the expected database tables doesn't exist.
2025-08-11T10:56:05.0038844Z   * The SQL was invalid.
2025-08-11T10:56:05.0039197Z Hint: Look at the output of 'django-admin sqlflush'. That's the SQL this command wasn't able to run.
2025-08-11T10:56:05.0039655Z 
2025-08-11T10:56:05.0039772Z ----------------------------------------------------------------------
2025-08-11T10:56:05.0040046Z Ran 46 tests in 0.482s
2025-08-11T10:56:05.0040162Z 
2025-08-11T10:56:05.0040231Z FAILED (errors=36)
2025-08-11T10:56:05.0040502Z Destroying test database for alias 'default' ('test_watchparty')...
2025-08-11T10:56:05.5223514Z ##[error]Process completed with exit code 1.
2025-08-11T10:56:05.5235260Z ##[debug]Finishing: Run tests with coverage
2025-08-11T10:56:05.5262584Z ##[debug]Evaluating condition for step: 'Upload coverage to Codecov'
2025-08-11T10:56:05.5264154Z ##[debug]Evaluating: success()
2025-08-11T10:56:05.5264489Z ##[debug]Evaluating success:
2025-08-11T10:56:05.5264836Z ##[debug]=> false
2025-08-11T10:56:05.5265140Z ##[debug]Result: false
2025-08-11T10:56:05.5269707Z ##[debug]Evaluating condition for step: 'Run security checks'
2025-08-11T10:56:05.5270577Z ##[debug]Evaluating: success()
2025-08-11T10:56:05.5270883Z ##[debug]Evaluating success:
2025-08-11T10:56:05.5271205Z ##[debug]=> false
2025-08-11T10:56:05.5271748Z ##[debug]Result: false
2025-08-11T10:56:05.5275800Z ##[debug]Evaluating condition for step: 'Upload test artifacts'
2025-08-11T10:56:05.5277523Z ##[debug]Evaluating: always()
2025-08-11T10:56:05.5277844Z ##[debug]Evaluating always:
2025-08-11T10:56:05.5278519Z ##[debug]=> true
2025-08-11T10:56:05.5278841Z ##[debug]Result: true
2025-08-11T10:56:05.5279260Z ##[debug]Starting: Upload test artifacts
2025-08-11T10:56:05.5297346Z ##[debug]Loading inputs
2025-08-11T10:56:05.5300061Z ##[debug]Loading env
2025-08-11T10:56:05.5303938Z ##[group]Run actions/upload-artifact@v4
2025-08-11T10:56:05.5304177Z with:
2025-08-11T10:56:05.5304334Z   name: test-reports
2025-08-11T10:56:05.5304589Z   path: coverage.xml
bandit-report.json
safety-report.json

2025-08-11T10:56:05.5304897Z   if-no-files-found: warn
2025-08-11T10:56:05.5305098Z   compression-level: 6
2025-08-11T10:56:05.5305283Z   overwrite: false
2025-08-11T10:56:05.5305463Z   include-hidden-files: false
2025-08-11T10:56:05.5305675Z env:
2025-08-11T10:56:05.5305828Z   PYTHON_VERSION: 3.12
2025-08-11T10:56:05.5306039Z   NODE_VERSION: 18
2025-08-11T10:56:05.5306275Z   pythonLocation: /opt/hostedtoolcache/Python/3.12.11/x64
2025-08-11T10:56:05.5306663Z   PKG_CONFIG_PATH: /opt/hostedtoolcache/Python/3.12.11/x64/lib/pkgconfig
2025-08-11T10:56:05.5307034Z   Python_ROOT_DIR: /opt/hostedtoolcache/Python/3.12.11/x64
2025-08-11T10:56:05.5307364Z   Python2_ROOT_DIR: /opt/hostedtoolcache/Python/3.12.11/x64
2025-08-11T10:56:05.5307691Z   Python3_ROOT_DIR: /opt/hostedtoolcache/Python/3.12.11/x64
2025-08-11T10:56:05.5308024Z   LD_LIBRARY_PATH: /opt/hostedtoolcache/Python/3.12.11/x64/lib
2025-08-11T10:56:05.5308307Z ##[endgroup]
2025-08-11T10:56:05.7388592Z ##[debug]followSymbolicLinks 'true'
2025-08-11T10:56:05.7390008Z ##[debug]implicitDescendants 'true'
2025-08-11T10:56:05.7390754Z ##[debug]omitBrokenSymbolicLinks 'true'
2025-08-11T10:56:05.7391717Z ##[debug]excludeHiddenFiles 'true'
2025-08-11T10:56:05.7418354Z ##[debug]followSymbolicLinks 'true'
2025-08-11T10:56:05.7419155Z ##[debug]implicitDescendants 'true'
2025-08-11T10:56:05.7419842Z ##[debug]matchDirectories 'true'
2025-08-11T10:56:05.7420546Z ##[debug]omitBrokenSymbolicLinks 'true'
2025-08-11T10:56:05.7421251Z ##[debug]excludeHiddenFiles 'true'
2025-08-11T10:56:05.7426016Z ##[debug]Search path '/home/runner/work/watch-party-backend/watch-party-backend/coverage.xml'
2025-08-11T10:56:05.7432710Z ##[debug]Search path '/home/runner/work/watch-party-backend/watch-party-backend/bandit-report.json'
2025-08-11T10:56:05.7451265Z ##[debug]Search path '/home/runner/work/watch-party-backend/watch-party-backend/safety-report.json'
2025-08-11T10:56:05.7454446Z Multiple search paths detected. Calculating the least common ancestor of all paths
2025-08-11T10:56:05.7455294Z ##[debug]Using search path /home/runner/work/watch-party-backend/watch-party-backend/coverage.xml
2025-08-11T10:56:05.7456546Z ##[debug]Using search path /home/runner/work/watch-party-backend/watch-party-backend/bandit-report.json
2025-08-11T10:56:05.7458236Z ##[debug]Using search path /home/runner/work/watch-party-backend/watch-party-backend/safety-report.json
2025-08-11T10:56:05.7459185Z The least common ancestor is /home/runner/work/watch-party-backend/watch-party-backend. This will be the root directory of the artifact
2025-08-11T10:56:05.7471835Z ##[warning]No files were found with the provided path: coverage.xml
bandit-report.json
safety-report.json. No artifacts will be uploaded.
2025-08-11T10:56:05.7527742Z ##[debug]Node Action run completed with exit code 0
2025-08-11T10:56:05.7529920Z ##[debug]Finishing: Upload test artifacts
2025-08-11T10:56:05.7537772Z ##[debug]Evaluating condition for step: 'Post Cache pip dependencies'
2025-08-11T10:56:05.7539174Z ##[debug]Evaluating: success()
2025-08-11T10:56:05.7539526Z ##[debug]Evaluating success:
2025-08-11T10:56:05.7539907Z ##[debug]=> false
2025-08-11T10:56:05.7540229Z ##[debug]Result: false
2025-08-11T10:56:05.7545558Z ##[debug]Evaluating condition for step: 'Post Set up Python'
2025-08-11T10:56:05.7546653Z ##[debug]Evaluating: success()
2025-08-11T10:56:05.7546973Z ##[debug]Evaluating success:
2025-08-11T10:56:05.7547297Z ##[debug]=> false
2025-08-11T10:56:05.7547607Z ##[debug]Result: false
2025-08-11T10:56:05.7551952Z ##[debug]Evaluating condition for step: 'Post Checkout code'
2025-08-11T10:56:05.7552916Z ##[debug]Evaluating: always()
2025-08-11T10:56:05.7553236Z ##[debug]Evaluating always:
2025-08-11T10:56:05.7553530Z ##[debug]=> true
2025-08-11T10:56:05.7553852Z ##[debug]Result: true
2025-08-11T10:56:05.7554250Z ##[debug]Starting: Post Checkout code
2025-08-11T10:56:05.7580068Z ##[debug]Loading inputs
2025-08-11T10:56:05.7580919Z ##[debug]Evaluating: github.repository
2025-08-11T10:56:05.7581236Z ##[debug]Evaluating Index:
2025-08-11T10:56:05.7581453Z ##[debug]..Evaluating github:
2025-08-11T10:56:05.7582105Z ##[debug]..=> Object
2025-08-11T10:56:05.7582318Z ##[debug]..Evaluating String:
2025-08-11T10:56:05.7582552Z ##[debug]..=> 'repository'
2025-08-11T10:56:05.7582885Z ##[debug]=> 'EL-HOUSS-BRAHIM/watch-party-backend'
2025-08-11T10:56:05.7583222Z ##[debug]Result: 'EL-HOUSS-BRAHIM/watch-party-backend'
2025-08-11T10:56:05.7584552Z ##[debug]Evaluating: github.token
2025-08-11T10:56:05.7584816Z ##[debug]Evaluating Index:
2025-08-11T10:56:05.7585038Z ##[debug]..Evaluating github:
2025-08-11T10:56:05.7585263Z ##[debug]..=> Object
2025-08-11T10:56:05.7585478Z ##[debug]..Evaluating String:
2025-08-11T10:56:05.7585682Z ##[debug]..=> 'token'
2025-08-11T10:56:05.7586045Z ##[debug]=> '***'
2025-08-11T10:56:05.7586334Z ##[debug]Result: '***'
2025-08-11T10:56:05.7593022Z ##[debug]Loading env
2025-08-11T10:56:05.7596450Z Post job cleanup.
2025-08-11T10:56:05.8517067Z ##[debug]Getting git version
2025-08-11T10:56:05.8532370Z [command]/usr/bin/git version
2025-08-11T10:56:05.8569410Z git version 2.50.1
2025-08-11T10:56:05.8592435Z ##[debug]0
2025-08-11T10:56:05.8592843Z ##[debug]git version 2.50.1
2025-08-11T10:56:05.8593087Z ##[debug]
2025-08-11T10:56:05.8594282Z ##[debug]Set git useragent to: git/2.50.1 (github-actions-checkout)
2025-08-11T10:56:05.8597661Z ::add-mask::***
2025-08-11T10:56:05.8613224Z Temporarily overriding HOME='/home/runner/work/_temp/f801c963-ffd5-4031-aeaf-bde1fcc785c1' before making global git config changes
2025-08-11T10:56:05.8614394Z Adding repository directory to the temporary git global config as a safe directory
2025-08-11T10:56:05.8620702Z [command]/usr/bin/git config --global --add safe.directory /home/runner/work/watch-party-backend/watch-party-backend
2025-08-11T10:56:05.8652641Z ##[debug]0
2025-08-11T10:56:05.8652957Z ##[debug]
2025-08-11T10:56:05.8659809Z [command]/usr/bin/git config --local --name-only --get-regexp core\.sshCommand
2025-08-11T10:56:05.8687291Z ##[debug]1
2025-08-11T10:56:05.8687620Z ##[debug]
2025-08-11T10:56:05.8693101Z [command]/usr/bin/git submodule foreach --recursive sh -c "git config --local --name-only --get-regexp 'core\.sshCommand' && git config --local --unset-all 'core.sshCommand' || :"
2025-08-11T10:56:05.8917622Z ##[debug]0
2025-08-11T10:56:05.8918412Z ##[debug]
2025-08-11T10:56:05.8925094Z [command]/usr/bin/git config --local --name-only --get-regexp http\.https\:\/\/github\.com\/\.extraheader
2025-08-11T10:56:05.8947459Z http.https://github.com/.extraheader
2025-08-11T10:56:05.8954323Z ##[debug]0
2025-08-11T10:56:05.8955005Z ##[debug]http.https://github.com/.extraheader
2025-08-11T10:56:05.8955491Z ##[debug]
2025-08-11T10:56:05.8960841Z [command]/usr/bin/git config --local --unset-all http.https://github.com/.extraheader
2025-08-11T10:56:05.8986231Z ##[debug]0
2025-08-11T10:56:05.8986798Z ##[debug]
2025-08-11T10:56:05.8992370Z [command]/usr/bin/git submodule foreach --recursive sh -c "git config --local --name-only --get-regexp 'http\.https\:\/\/github\.com\/\.extraheader' && git config --local --unset-all 'http.https://github.com/.extraheader' || :"
2025-08-11T10:56:05.9208066Z ##[debug]0
2025-08-11T10:56:05.9208726Z ##[debug]
2025-08-11T10:56:05.9209387Z ##[debug]Unsetting HOME override
2025-08-11T10:56:05.9288053Z ##[debug]Node Action run completed with exit code 0
2025-08-11T10:56:05.9290485Z ##[debug]Finishing: Post Checkout code
2025-08-11T10:56:05.9297067Z ##[debug]Evaluating condition for step: 'Stop containers'
2025-08-11T10:56:05.9298501Z ##[debug]Evaluating: always()
2025-08-11T10:56:05.9298847Z ##[debug]Evaluating always:
2025-08-11T10:56:05.9299166Z ##[debug]=> true
2025-08-11T10:56:05.9299480Z ##[debug]Result: true
2025-08-11T10:56:05.9300431Z ##[debug]Starting: Stop containers
2025-08-11T10:56:05.9314494Z Print service container logs: 85b301b635a745729db9cfc74082276d_postgres15_bac766
2025-08-11T10:56:05.9319067Z ##[command]/usr/bin/docker logs --details 3a1c0ace70f67b85c0df05062530ccc74771c4b399ba15b192db2b4cfb8e541c
2025-08-11T10:56:05.9443032Z  initdb: warning: enabling "trust" authentication for local connections
2025-08-11T10:56:05.9443848Z  The files belonging to this database system will be owned by user "postgres".
2025-08-11T10:56:05.9444959Z  initdb: hint: You can change this by editing pg_hba.conf or using the option -A, or --auth-local and --auth-host, the next time you run initdb.
2025-08-11T10:56:05.9446421Z  2025-08-11 10:54:42.121 UTC [1] LOG:  starting PostgreSQL 15.13 (Debian 15.13-1.pgdg120+1) on x86_64-pc-linux-gnu, compiled by gcc (Debian 12.2.0-14) 12.2.0, 64-bit
2025-08-11T10:56:05.9447493Z  2025-08-11 10:54:42.122 UTC [1] LOG:  listening on IPv4 address "0.0.0.0", port 5432
2025-08-11T10:56:05.9448177Z  2025-08-11 10:54:42.122 UTC [1] LOG:  listening on IPv6 address "::", port 5432
2025-08-11T10:56:05.9448853Z  2025-08-11 10:54:42.124 UTC [1] LOG:  listening on Unix socket "/var/run/postgresql/.s.PGSQL.5432"
2025-08-11T10:56:05.9449346Z  2025-08-11 10:54:42.128 UTC [64] LOG:  database system was shut down at 2025-08-11 10:54:42 UTC
2025-08-11T10:56:05.9449776Z  2025-08-11 10:54:42.132 UTC [1] LOG:  database system is ready to accept connections
2025-08-11T10:56:05.9450243Z  2025-08-11 10:56:04.590 UTC [138] ERROR:  relation "authentication_user" does not exist at character 13
2025-08-11T10:56:05.9452801Z  2025-08-11 10:56:04.590 UTC [138] STATEMENT:  INSERT INTO "authentication_user" ("password", "is_superuser", "is_staff", "id", "email", "first_name", "last_name", "avatar", "is_premium", "subscription_expires", "is_email_verified", "date_joined", "last_login", "is_active", "google_id", "github_id", "profile_picture", "virtual_currency", "total_watch_time", "experience_points", "level", "onboarding_completed", "is_online", "last_activity") VALUES ('md5$mn498HapwZXCU80XeeHXZl$bc63901d13f9eef117077970e68efb14', false, false, 'f5909ce23fed4b859ece1b16dec801c6'::uuid, 'test@example.com', 'Test', 'User', '', false, NULL, false, '2025-08-11 10:56:04.588815+00:00'::timestamptz, NULL, true, NULL, NULL, '', 0, '0:00:00'::interval, 0, 1, false, false, '2025-08-11 10:56:04.589483+00:00'::timestamptz)
2025-08-11T10:56:05.9456017Z  2025-08-11 10:56:04.594 UTC [138] ERROR:  relation "authentication_user" does not exist at character 13
2025-08-11T10:56:05.9458799Z  2025-08-11 10:56:04.594 UTC [138] STATEMENT:  INSERT INTO "authentication_user" ("password", "is_superuser", "is_staff", "id", "email", "first_name", "last_name", "avatar", "is_premium", "subscription_expires", "is_email_verified", "date_joined", "last_login", "is_active", "google_id", "github_id", "profile_picture", "virtual_currency", "total_watch_time", "experience_points", "level", "onboarding_completed", "is_online", "last_activity") VALUES ('md5$1pptyCd4YzPWNLN2PiAA7s$8fbb1ba0884df76ed2a1adce880e84aa', false, false, 'e9713b07fd82490c80297a80fe49bc5d'::uuid, 'test@example.com', 'Test', 'User', '', false, NULL, false, '2025-08-11 10:56:04.593823+00:00'::timestamptz, NULL, true, NULL, NULL, '', 0, '0:00:00'::interval, 0, 1, false, false, '2025-08-11 10:56:04.594223+00:00'::timestamptz)
2025-08-11T10:56:05.9461355Z  2025-08-11 10:56:04.597 UTC [138] ERROR:  relation "authentication_user" does not exist at character 13
2025-08-11T10:56:05.9464030Z  2025-08-11 10:56:04.597 UTC [138] STATEMENT:  INSERT INTO "authentication_user" ("password", "is_superuser", "is_staff", "id", "email", "first_name", "last_name", "avatar", "is_premium", "subscription_expires", "is_email_verified", "date_joined", "last_login", "is_active", "google_id", "github_id", "profile_picture", "virtual_currency", "total_watch_time", "experience_points", "level", "onboarding_completed", "is_online", "last_activity") VALUES ('md5$KjO9AFEk1dYF4ObXkJ440k$a9b1e43000ee78c2c58b952702490ef4', false, false, 'daaa87f8e9b049e1ad073c305771d677'::uuid, 'test@example.com', 'Test', 'User', '', false, NULL, false, '2025-08-11 10:56:04.597017+00:00'::timestamptz, NULL, true, NULL, NULL, '', 0, '0:00:00'::interval, 0, 1, false, false, '2025-08-11 10:56:04.597374+00:00'::timestamptz)
2025-08-11T10:56:05.9466330Z  2025-08-11 10:56:04.956 UTC [151] ERROR:  cannot truncate a table referenced in a foreign key constraint
2025-08-11T10:56:05.9466834Z  2025-08-11 10:56:04.956 UTC [151] DETAIL:  Table "auth_user_groups" references "auth_group".
2025-08-11T10:56:05.9467384Z  2025-08-11 10:56:04.956 UTC [151] HINT:  Truncate table "auth_user_groups" at the same time, or use TRUNCATE ... CASCADE.
2025-08-11T10:56:05.9477000Z  2025-08-11 10:56:04.956 UTC [151] STATEMENT:  TRUNCATE "store_userinventory", "user_analytics", "party_participants", "password_resets", "social_grouppostreaction", "interactive_poll_responses", "store_storeitem", "interactive_live_reactions", "video_processing", "user_favorites", "messaging_conversationdraft", "email_verifications", "chat_moderation_logs", "video_comments", "django_session", "token_blacklist_outstandingtoken", "user_feedback", "video_views", "watch_parties", "social_grouppost", "feedback_votes", "content_reports", "user_settings", "user_sessions", "messaging_messagereaction", "party_reports", "interactive_voice_chat_rooms", "chat_bans", "friendships", "videos", "analytics_events", "notification_channels", "user_profiles", "integrations_user_service_connection", "messaging_conversationparticipant", "social_groupevent", "support_tickets", "party_analytics", "notification_deliveries", "store_userrewardclaim", "django_admin_log", "party_engagement_analytics", "events_eventinvitation", "chat_rooms_active_users", "interactive_screen_shares", "party_reactions", "auth_group", "user_activities", "video_streaming_urls", "events_eventreminder", "subscription_plans", "integrations_external_service", "messaging_message", "support_ticket_messages", "user_reports", "chat_room_messages", "video_likes", "subscriptions", "auth_user_sessions", "messaging_messageattachment", "faqs", "chat_rooms", "payment_methods", "store_achievement", "social_groupinvitation", "system_analytics", "interactive_voice_chat_participants", "events_eventattendee", "faq_categories", "token_blacklist_blacklistedtoken", "store_currencytransaction", "social_accounts", "two_factor_auth", "mobile_app_crashes", "billing_addresses", "store_rewarditem", "notifications", "party_invitations", "auth_permission", "invoices", "promotional_codes", "store_usercurrency", "video_analytics", "messaging_conversation", "video_uploads", "interactive_annotations", "promotional_codes_applicable_plans", "interactive_polls", "store_reward", "push_subscriptions", "store_userachievement", "notification_templates", "events_event", "django_content_type", "integrations_social_oauth_provider", "social_socialgroup", "social_groupmembership", "report_actions", "auth_group_permissions", "integrations_aws_s3_configuration", "watch_times", "mobile_devices", "interactive_sessions", "mobile_analytics", "integrations_google_drive_file", "mobile_sync_data", "payments";
2025-08-11T10:56:05.9484698Z  2025-08-11 10:56:04.971 UTC [62] LOG:  checkpoint starting: immediate force wait
2025-08-11T10:56:05.9485530Z  2025-08-11 10:56:04.976 UTC [62] LOG:  checkpoint complete: wrote 44 buffers (0.3%); 0 WAL file(s) added, 0 removed, 1 recycled; write=0.002 s, sync=0.001 s, total=0.006 s; sync files=14, longest=0.001 s, average=0.001 s; distance=8819 kB, estimate=8819 kB
2025-08-11T10:56:05.9486290Z  This user must also own the server process.
2025-08-11T10:56:05.9486534Z  
2025-08-11T10:56:05.9486790Z  The database cluster will be initialized with locale "en_US.utf8".
2025-08-11T10:56:05.9487320Z  The default database encoding has accordingly been set to "UTF8".
2025-08-11T10:56:05.9487705Z  The default text search configuration will be set to "english".
2025-08-11T10:56:05.9487991Z  
2025-08-11T10:56:05.9488152Z  Data page checksums are disabled.
2025-08-11T10:56:05.9488362Z  
2025-08-11T10:56:05.9488613Z  fixing permissions on existing directory /var/lib/postgresql/data ... ok
2025-08-11T10:56:05.9488961Z  creating subdirectories ... ok
2025-08-11T10:56:05.9489241Z  selecting dynamic shared memory implementation ... posix
2025-08-11T10:56:05.9489543Z  selecting default max_connections ... 100
2025-08-11T10:56:05.9489805Z  selecting default shared_buffers ... 128MB
2025-08-11T10:56:05.9490050Z  selecting default time zone ... Etc/UTC
2025-08-11T10:56:05.9490295Z  creating configuration files ... ok
2025-08-11T10:56:05.9490530Z  running bootstrap script ... ok
2025-08-11T10:56:05.9490788Z  performing post-bootstrap initialization ... ok
2025-08-11T10:56:05.9491055Z  syncing data to disk ... ok
2025-08-11T10:56:05.9491252Z  
2025-08-11T10:56:05.9491390Z  
2025-08-11T10:56:05.9491843Z  Success. You can now start the database server using:
2025-08-11T10:56:05.9492222Z  
2025-08-11T10:56:05.9492428Z      pg_ctl -D /var/lib/postgresql/data -l logfile start
2025-08-11T10:56:05.9492681Z  
2025-08-11T10:56:05.9493227Z  waiting for server to start....2025-08-11 10:54:41.780 UTC [48] LOG:  starting PostgreSQL 15.13 (Debian 15.13-1.pgdg120+1) on x86_64-pc-linux-gnu, compiled by gcc (Debian 12.2.0-14) 12.2.0, 64-bit
2025-08-11T10:56:05.9493967Z  2025-08-11 10:54:41.782 UTC [48] LOG:  listening on Unix socket "/var/run/postgresql/.s.PGSQL.5432"
2025-08-11T10:56:05.9494441Z  2025-08-11 10:54:41.786 UTC [51] LOG:  database system was shut down at 2025-08-11 10:54:41 UTC
2025-08-11T10:56:05.9494868Z  2025-08-11 10:54:41.790 UTC [48] LOG:  database system is ready to accept connections
2025-08-11T10:56:05.9495183Z   done
2025-08-11T10:56:05.9495330Z  server started
2025-08-11T10:56:05.9495499Z  CREATE DATABASE
2025-08-11T10:56:05.9496006Z  
2025-08-11T10:56:05.9496249Z  
2025-08-11T10:56:05.9496758Z  /usr/local/bin/docker-entrypoint.sh: ignoring /docker-entrypoint-initdb.d/*
2025-08-11T10:56:05.9497390Z  
2025-08-11T10:56:05.9497718Z  waiting for server to shut down....2025-08-11 10:54:41.994 UTC [48] LOG:  received fast shutdown request
2025-08-11T10:56:05.9498171Z  2025-08-11 10:54:41.994 UTC [48] LOG:  aborting any active transactions
2025-08-11T10:56:05.9498657Z  2025-08-11 10:54:41.996 UTC [48] LOG:  background worker "logical replication launcher" (PID 54) exited with exit code 1
2025-08-11T10:56:05.9499136Z  2025-08-11 10:54:41.997 UTC [49] LOG:  shutting down
2025-08-11T10:56:05.9499472Z  2025-08-11 10:54:41.998 UTC [49] LOG:  checkpoint starting: shutdown immediate
2025-08-11T10:56:05.9500281Z  2025-08-11 10:54:42.021 UTC [49] LOG:  checkpoint complete: wrote 918 buffers (5.6%); 0 WAL file(s) added, 0 removed, 0 recycled; write=0.019 s, sync=0.003 s, total=0.024 s; sync files=301, longest=0.002 s, average=0.001 s; distance=4222 kB, estimate=4222 kB
2025-08-11T10:56:05.9501246Z  2025-08-11 10:54:42.029 UTC [48] LOG:  database system is shut down
2025-08-11T10:56:05.9501771Z   done
2025-08-11T10:56:05.9501933Z  server stopped
2025-08-11T10:56:05.9502099Z  
2025-08-11T10:56:05.9502301Z  PostgreSQL init process complete; ready for start up.
2025-08-11T10:56:05.9502566Z  
2025-08-11T10:56:05.9507772Z Stop and remove container: 85b301b635a745729db9cfc74082276d_postgres15_bac766
2025-08-11T10:56:05.9512480Z ##[command]/usr/bin/docker rm --force 3a1c0ace70f67b85c0df05062530ccc74771c4b399ba15b192db2b4cfb8e541c
2025-08-11T10:56:06.1910032Z 3a1c0ace70f67b85c0df05062530ccc74771c4b399ba15b192db2b4cfb8e541c
2025-08-11T10:56:06.1930973Z Print service container logs: 34fba6118ed643c9bdf4e5955926b0ec_redis7_efc862
2025-08-11T10:56:06.1932263Z ##[command]/usr/bin/docker logs --details 96a07c3cff17f5b35f50446574beab3155e75c3b0fd0622d74e2578791b886ae
2025-08-11T10:56:06.2052535Z  1:C 11 Aug 2025 10:54:42.369 # WARNING Memory overcommit must be enabled! Without it, a background save or replication may fail under low memory condition. Being disabled, it can also cause failures without low memory condition, see https://github.com/jemalloc/jemalloc/issues/1328. To fix this issue add 'vm.overcommit_memory = 1' to /etc/sysctl.conf and then reboot or run the command 'sysctl vm.overcommit_memory=1' for this to take effect.
2025-08-11T10:56:06.2054098Z  1:C 11 Aug 2025 10:54:42.369 * oO0OoO0OoO0Oo Redis is starting oO0OoO0OoO0Oo
2025-08-11T10:56:06.2054581Z  1:C 11 Aug 2025 10:54:42.369 * Redis version=7.4.5, bits=64, commit=00000000, modified=0, pid=1, just started
2025-08-11T10:56:06.2055283Z  1:C 11 Aug 2025 10:54:42.369 # Warning: no config file specified, using the default config. In order to specify a config file use redis-server /path/to/redis.conf
2025-08-11T10:56:06.2055876Z  1:M 11 Aug 2025 10:54:42.369 * monotonic clock: POSIX clock_gettime
2025-08-11T10:56:06.2056250Z  1:M 11 Aug 2025 10:54:42.369 * Running mode=standalone, port=6379.
2025-08-11T10:56:06.2056569Z  1:M 11 Aug 2025 10:54:42.370 * Server initialized
2025-08-11T10:56:06.2056860Z  1:M 11 Aug 2025 10:54:42.370 * Ready to accept connections tcp
2025-08-11T10:56:06.2064969Z Stop and remove container: 34fba6118ed643c9bdf4e5955926b0ec_redis7_efc862
2025-08-11T10:56:06.2065643Z ##[command]/usr/bin/docker rm --force 96a07c3cff17f5b35f50446574beab3155e75c3b0fd0622d74e2578791b886ae
2025-08-11T10:56:06.3251815Z 96a07c3cff17f5b35f50446574beab3155e75c3b0fd0622d74e2578791b886ae
2025-08-11T10:56:06.3274591Z Remove container network: github_network_c67129b16764485f83dbe607aae6bd5d
2025-08-11T10:56:06.3278788Z ##[command]/usr/bin/docker network rm github_network_c67129b16764485f83dbe607aae6bd5d
2025-08-11T10:56:06.4427583Z github_network_c67129b16764485f83dbe607aae6bd5d
2025-08-11T10:56:06.4448890Z ##[debug]Finishing: Stop containers
2025-08-11T10:56:06.4485600Z ##[debug]Starting: Complete job
2025-08-11T10:56:06.4487122Z Uploading runner diagnostic logs
2025-08-11T10:56:06.4498153Z ##[debug]Starting diagnostic file upload.
2025-08-11T10:56:06.4498467Z ##[debug]Setting up diagnostic log folders.
2025-08-11T10:56:06.4500087Z ##[debug]Creating diagnostic log files folder.
2025-08-11T10:56:06.4508424Z ##[debug]Copying 1 worker diagnostic logs.
2025-08-11T10:56:06.4516522Z ##[debug]Copying 1 runner diagnostic logs.
2025-08-11T10:56:06.4517560Z ##[debug]Zipping diagnostic files.
2025-08-11T10:56:06.4602564Z ##[debug]Uploading diagnostic metadata file.
2025-08-11T10:56:06.4625845Z ##[debug]Diagnostic file upload complete.
2025-08-11T10:56:06.4626359Z Completed runner diagnostic log upload
2025-08-11T10:56:06.4626633Z Cleaning up orphan processes
2025-08-11T10:56:06.4946415Z ##[debug]Finishing: Complete job
2025-08-11T10:56:06.4974622Z ##[debug]Finishing: test